2025-05-20 22:20:53.168 | INFO     | __main__:<module>:352 - Starting processing for model: XMAiNframe-instruct-7b, mode: instruct
2025-05-20 22:20:53.171 | INFO     | __main__:__init__:34 - Loaded ./data/Instruction_Set.json successfully
2025-05-20 22:20:53.178 | INFO     | __main__:__init__:41 - Data frame read successfully
2025-05-20 22:20:53.178 | INFO     | __main__:compile:150 - Processing 46 programs
2025-05-20 22:20:53.178 | INFO     | __main__:compile:156 - Processing program 1/46: task_func_01
2025-05-20 22:20:53.179 | INFO     | __main__:compile:165 - Code Similarity score started
2025-05-20 22:20:53.179 | INFO     | __main__:compile:177 - Compilation started
2025-05-20 22:20:53.179 | INFO     | __main__:compile:190 - compiling task_func_01
2025-05-20 22:20:53.201 | WARNING  | utils:cmd:35 - Err: /home/projadmin/CobolEval/FrameWork/evaluation/preds/XMAiNframe-instruct-7b/instruct/task_func_01/task_func_01.cbl:1: note: free format detected
    1 > IDENTIFICATION DIVISION.
    2 | PROGRAM-ID. UPDATE-MATCH-DATA.
    3 | ENVIRONMENT DIVISION.
/home/projadmin/CobolEval/FrameWork/evaluation/preds/XMAiNframe-instruct-7b/instruct/task_func_01/task_func_01.cbl:12: error: DATA DIVISION header missing
   10 |     SELECT UPDATED-MATCH-DATA-FILE ASSIGN TO 'updated_match_data.ps'
   11 |         ORGANIZATION IS SEQUENTIAL.
   12 > WORKING-STORAGE SECTION.
   13 | 01 END-OF-FILE-FLAG PIC X(1) VALUE SPACE.
   14 | 01 TEAM-RECORD.
/home/projadmin/CobolEval/FrameWork/evaluation/preds/XMAiNframe-instruct-7b/instruct/task_func_01/task_func_01.cbl:6: error: missing file description for FILE MATCH-DATA-FILE
    4 | INPUT-OUTPUT SECTION.
    5 | FILE-CONTROL.
    6 >     SELECT MATCH-DATA-FILE ASSIGN TO 'match_data.ps'
    7 |         ORGANIZATION IS SEQUENTIAL.
    8 |     SELECT TEMP-FILE ASSIGN TO 'temp.ps'
/home/projadmin/CobolEval/FrameWork/evaluation/preds/XMAiNframe-instruct-7b/instruct/task_func_01/task_func_01.cbl:8: error: missing file description for FILE TEMP-FILE
    6 |     SELECT MATCH-DATA-FILE ASSIGN TO 'match_data.ps'
    7 |         ORGANIZATION IS SEQUENTIAL.
    8 >     SELECT TEMP-FILE ASSIGN TO 'temp.ps'
    9 |         ORGANIZATION IS SEQUENTIAL.
   10 |     SELECT UPDATED-MATCH-DATA-FILE ASSIGN TO 'updated_match_data.ps'
/home/projadmin/CobolEval/FrameWork/evaluation/preds/XMAiNframe-instruct-7b/instruct/task_func_01/task_func_01.cbl:10: error: missing file description for FILE UPDATED-MATCH-DATA-FILE
    8 |     SELECT TEMP-FILE ASSIGN TO 'temp.ps'
    9 |         ORGANIZATION IS SEQUENTIAL.
   10 >     SELECT UPDATED-MATCH-DATA-FILE ASSIGN TO 'updated_match_data.ps'
   11 |         ORGANIZATION IS SEQUENTIAL.
   12 | WORKING-STORAGE SECTION.
/home/projadmin/CobolEval/FrameWork/evaluation/preds/XMAiNframe-instruct-7b/instruct/task_func_01/task_func_01.cbl: in paragraph 'PROCESS-DATA':
/home/projadmin/CobolEval/FrameWork/evaluation/preds/XMAiNframe-instruct-7b/instruct/task_func_01/task_func_01.cbl:45: error: WRITE subject does not refer to a record name
   43 |             COMPUTE GOALS-SCORED = GOALS-SCORED + ADDITIONAL-GOALS-COUNT(..
   44 |             MOVE TEAM-NAME TO TEAM-NAME OF TEAM-RECORD
   45 >             WRITE TEAM-RECORD TO TEMP-FILE
   46 |             ADD ADDITIONAL-GOALS-COUNT(I) TO TOTAL-GOALS
   47 |         END-IF
/home/projadmin/CobolEval/FrameWork/evaluation/preds/XMAiNframe-instruct-7b/instruct/task_func_01/task_func_01.cbl:45: error: syntax error, unexpected TO
/home/projadmin/CobolEval/FrameWork/evaluation/preds/XMAiNframe-instruct-7b/instruct/task_func_01/task_func_01.cbl:54: error: WRITE subject does not refer to a record name
   52 |             COMPUTE PENALTIES-RECEIVED = PENALTIES-RECEIVED + ADDITIONAL-..
   53 |             MOVE TEAM-NAME TO TEAM-NAME OF TEAM-RECORD
   54 >             WRITE TEAM-RECORD TO TEMP-FILE
   55 |             ADD ADDITIONAL-PENALTIES-COUNT(J) TO TOTAL-PENALTIES
   56 |         END-IF
/home/projadmin/CobolEval/FrameWork/evaluation/preds/XMAiNframe-instruct-7b/instruct/task_func_01/task_func_01.cbl:54: error: syntax error, unexpected TO
/home/projadmin/CobolEval/FrameWork/evaluation/preds/XMAiNframe-instruct-7b/instruct/task_func_01/task_func_01.cbl: in paragraph 'PROCESS-DATA-X':
/home/projadmin/CobolEval/FrameWork/evaluation/preds/XMAiNframe-instruct-7b/instruct/task_func_01/task_func_01.cbl:64: error: WRITE subject does not refer to a record name
   62 |     OPEN INPUT TEMP-FILE.
   63 |     READ TEMP-FILE INTO TEAM-RECORD.
   64 >     WRITE TEAM-RECORD TO UPDATED-MATCH-DATA-FILE.
   65 |     READ TEMP-FILE INTO TEAM-RECORD.
   66 |     WRITE TEAM-RECORD TO UPDATED-MATCH-DATA-FILE.
/home/projadmin/CobolEval/FrameWork/evaluation/preds/XMAiNframe-instruct-7b/instruct/task_func_01/task_func_01.cbl:64: error: syntax error, unexpected TO
/home/projadmin/CobolEval/FrameWork/evaluation/preds/XMAiNframe-instruct-7b/instruct/task_func_01/task_func_01.cbl:66: error: WRITE subject does not refer to a record name
   64 |     WRITE TEAM-RECORD TO UPDATED-MATCH-DATA-FILE.
   65 |     READ TEMP-FILE INTO TEAM-RECORD.
   66 >     WRITE TEAM-RECORD TO UPDATED-MATCH-DATA-FILE.
   67 |     CLOSE UPDATED-MATCH-DATA-FILE.
   68 | 
/home/projadmin/CobolEval/FrameWork/evaluation/preds/XMAiNframe-instruct-7b/instruct/task_func_01/task_func_01.cbl:66: error: syntax error, unexpected TO

2025-05-20 22:20:53.202 | WARNING  | utils:cmd:36 - Return code: 1
2025-05-20 22:20:53.202 | ERROR    | __main__:compile:227 - Compilation failed for task_func_01
2025-05-20 22:20:53.202 | INFO     | __main__:compile:156 - Processing program 2/46: task_func_02
2025-05-20 22:20:53.202 | INFO     | __main__:compile:165 - Code Similarity score started
2025-05-20 22:20:53.202 | INFO     | __main__:compile:177 - Compilation started
2025-05-20 22:20:53.203 | INFO     | __main__:compile:190 - compiling task_func_02
2025-05-20 22:20:53.224 | WARNING  | utils:cmd:35 - Err: /home/projadmin/CobolEval/FrameWork/evaluation/preds/XMAiNframe-instruct-7b/instruct/task_func_02/task_func_02.cbl:1: note: free format detected
    1 > IDENTIFICATION DIVISION.
    2 | PROGRAM-ID. FILE-CHECKER.
    3 | ENVIRONMENT DIVISION.
/home/projadmin/CobolEval/FrameWork/evaluation/preds/XMAiNframe-instruct-7b/instruct/task_func_02/task_func_02.cbl: in paragraph 'READ-NEXT-RECORD':
/home/projadmin/CobolEval/FrameWork/evaluation/preds/XMAiNframe-instruct-7b/instruct/task_func_02/task_func_02.cbl:28: error: syntax error, unexpected AT END
   26 | READ-NEXT-RECORD.
   27 |     READ INPUT-FILE INTO INPUT-RECORD.
   28 >     AT END MOVE 'Y' TO END-OF-FILE-FLAG.
   29 |     IF END-OF-FILE-FLAG = 'Y' GO TO READ-NEXT-RECORD-X.
   30 |     EVALUATE TRUE

2025-05-20 22:20:53.225 | WARNING  | utils:cmd:36 - Return code: 1
2025-05-20 22:20:53.225 | ERROR    | __main__:compile:227 - Compilation failed for task_func_02
2025-05-20 22:20:53.225 | INFO     | __main__:compile:156 - Processing program 3/46: task_func_03
2025-05-20 22:20:53.225 | INFO     | __main__:compile:165 - Code Similarity score started
2025-05-20 22:20:53.225 | INFO     | __main__:compile:177 - Compilation started
2025-05-20 22:20:53.226 | INFO     | __main__:compile:190 - compiling task_func_03
2025-05-20 22:20:53.248 | WARNING  | utils:cmd:35 - Err: /home/projadmin/CobolEval/FrameWork/evaluation/preds/XMAiNframe-instruct-7b/instruct/task_func_03/task_func_03.cbl:1: note: free format detected
    1 > IDENTIFICATION DIVISION.
    2 | PROGRAM-ID. CALCULATE-FACTORIALS.
    3 | ENVIRONMENT DIVISION.
/home/projadmin/CobolEval/FrameWork/evaluation/preds/XMAiNframe-instruct-7b/instruct/task_func_03/task_func_03.cbl: in paragraph 'GENERATE-PERMUTATIONS-EXIT':
/home/projadmin/CobolEval/FrameWork/evaluation/preds/XMAiNframe-instruct-7b/instruct/task_func_03/task_func_03.cbl:91: error: syntax error, unexpected Identifier, expecting EXTEND or INPUT or I-O or OUTPUT
   89 |     WRITE OUTPUT-RECORD-2 FROM WS-PERMUTATION BEFORE ADVANCING 1 LINE.
   90 |     GENERATE-PERMUTATIONS-EXIT.
   91 > OPEN OUTPUT-FILE-1.
   92 | CLOSE OUTPUT-FILE-1.
   93 | OPEN OUTPUT OUTPUT-FILE-2.

2025-05-20 22:20:53.248 | WARNING  | utils:cmd:36 - Return code: 1
2025-05-20 22:20:53.248 | ERROR    | __main__:compile:227 - Compilation failed for task_func_03
2025-05-20 22:20:53.248 | INFO     | __main__:compile:156 - Processing program 4/46: task_func_04
2025-05-20 22:20:53.248 | INFO     | __main__:compile:165 - Code Similarity score started
2025-05-20 22:20:53.248 | INFO     | __main__:compile:177 - Compilation started
2025-05-20 22:20:53.249 | INFO     | __main__:compile:190 - compiling task_func_04
2025-05-20 22:20:53.270 | WARNING  | utils:cmd:35 - Err: /home/projadmin/CobolEval/FrameWork/evaluation/preds/XMAiNframe-instruct-7b/instruct/task_func_04/task_func_04.cbl:1: note: free format detected
    1 > s at the end.
    2 | 
    3 | Code:
/home/projadmin/CobolEval/FrameWork/evaluation/preds/XMAiNframe-instruct-7b/instruct/task_func_04/task_func_04.cbl:81: warning: line not terminated by a newline [-Wmissing-newline]
   79 |     DISPLAY 'Rejected files: ' RejectCount.
   80 | 
   81 > STOP RUN.<EOF>
/home/projadmin/CobolEval/FrameWork/evaluation/preds/XMAiNframe-instruct-7b/instruct/task_func_04/task_func_04.cbl:1: error: PROGRAM-ID header missing
    1 > s at the end.
    2 | 
    3 | Code:
/home/projadmin/CobolEval/FrameWork/evaluation/preds/XMAiNframe-instruct-7b/instruct/task_func_04/task_func_04.cbl:1: error: ENVIRONMENT DIVISION header missing
/home/projadmin/CobolEval/FrameWork/evaluation/preds/XMAiNframe-instruct-7b/instruct/task_func_04/task_func_04.cbl:1: error: CONFIGURATION SECTION header missing
/home/projadmin/CobolEval/FrameWork/evaluation/preds/XMAiNframe-instruct-7b/instruct/task_func_04/task_func_04.cbl:1: error: SPECIAL-NAMES header missing
/home/projadmin/CobolEval/FrameWork/evaluation/preds/XMAiNframe-instruct-7b/instruct/task_func_04/task_func_04.cbl:1: error: invalid system-name 's'
/home/projadmin/CobolEval/FrameWork/evaluation/preds/XMAiNframe-instruct-7b/instruct/task_func_04/task_func_04.cbl:1: error: syntax error, unexpected AT, expecting CRT or Identifier
/home/projadmin/CobolEval/FrameWork/evaluation/preds/XMAiNframe-instruct-7b/instruct/task_func_04/task_func_04.cbl:1: error: invalid system-name 'the'
/home/projadmin/CobolEval/FrameWork/evaluation/preds/XMAiNframe-instruct-7b/instruct/task_func_04/task_func_04.cbl:1: error: syntax error, unexpected END, expecting CRT or Identifier
/home/projadmin/CobolEval/FrameWork/evaluation/preds/XMAiNframe-instruct-7b/instruct/task_func_04/task_func_04.cbl:3: error: PROCEDURE DIVISION header missing
    1 | s at the end.
    2 | 
    3 > Code:
    4 | <|assistant|>
    5 | IDENTIFICATION DIVISION.
/home/projadmin/CobolEval/FrameWork/evaluation/preds/XMAiNframe-instruct-7b/instruct/task_func_04/task_func_04.cbl:3: error: syntax error, unexpected CODE
/home/projadmin/CobolEval/FrameWork/evaluation/preds/XMAiNframe-instruct-7b/instruct/task_func_04/task_func_04.cbl:4: error: invalid symbol '|' - skipping word
    2 | 
    3 | Code:
    4 > <|assistant|>
    5 | IDENTIFICATION DIVISION.
    6 | PROGRAM-ID. FileMover.

2025-05-20 22:20:53.270 | WARNING  | utils:cmd:36 - Return code: 1
2025-05-20 22:20:53.270 | ERROR    | __main__:compile:227 - Compilation failed for task_func_04
2025-05-20 22:20:53.270 | INFO     | __main__:compile:156 - Processing program 5/46: task_func_05
2025-05-20 22:20:53.271 | INFO     | __main__:compile:165 - Code Similarity score started
2025-05-20 22:20:53.271 | INFO     | __main__:compile:177 - Compilation started
2025-05-20 22:20:53.271 | INFO     | __main__:compile:190 - compiling task_func_05
2025-05-20 22:20:53.377 | WARNING  | utils:cmd:35 - Err: /home/projadmin/CobolEval/FrameWork/evaluation/preds/XMAiNframe-instruct-7b/instruct/task_func_05/task_func_05.cbl:1: note: free format detected
    1 > IDENTIFICATION DIVISION.
    2 | PROGRAM-ID. ProcessRecords.
    3 | ENVIRONMENT DIVISION.

2025-05-20 22:20:53.377 | WARNING  | utils:cmd:36 - Return code: 0
2025-05-20 22:20:53.377 | SUCCESS  | __main__:compile:206 - task_func_05 is successfully compiled
2025-05-20 22:20:53.384 | SUCCESS  | __main__:compile:216 - task_func_05 is successfully executed
2025-05-20 22:20:53.384 | INFO     | __main__:compile:156 - Processing program 6/46: task_func_07
2025-05-20 22:20:53.384 | INFO     | __main__:compile:165 - Code Similarity score started
2025-05-20 22:20:53.384 | INFO     | __main__:compile:177 - Compilation started
2025-05-20 22:20:53.385 | INFO     | __main__:compile:190 - compiling task_func_07
2025-05-20 22:20:53.406 | WARNING  | utils:cmd:35 - Err: /home/projadmin/CobolEval/FrameWork/evaluation/preds/XMAiNframe-instruct-7b/instruct/task_func_07/task_func_07.cbl:1: note: free format detected
    1 > y two spaces.
    2 | 
    3 | Code:
/home/projadmin/CobolEval/FrameWork/evaluation/preds/XMAiNframe-instruct-7b/instruct/task_func_07/task_func_07.cbl:92: warning: line not terminated by a newline [-Wmissing-newline]
   90 |     05  FILLER PIC X(10) VALUE 'Due Date'.
   91 | 
   92 > END PROGRAM ASSIGN-TASKS.<EOF>
/home/projadmin/CobolEval/FrameWork/evaluation/preds/XMAiNframe-instruct-7b/instruct/task_func_07/task_func_07.cbl:1: error: PROGRAM-ID header missing
    1 > y two spaces.
    2 | 
    3 | Code:
/home/projadmin/CobolEval/FrameWork/evaluation/preds/XMAiNframe-instruct-7b/instruct/task_func_07/task_func_07.cbl:1: error: ENVIRONMENT DIVISION header missing
/home/projadmin/CobolEval/FrameWork/evaluation/preds/XMAiNframe-instruct-7b/instruct/task_func_07/task_func_07.cbl:1: error: CONFIGURATION SECTION header missing
/home/projadmin/CobolEval/FrameWork/evaluation/preds/XMAiNframe-instruct-7b/instruct/task_func_07/task_func_07.cbl:1: error: SPECIAL-NAMES header missing
/home/projadmin/CobolEval/FrameWork/evaluation/preds/XMAiNframe-instruct-7b/instruct/task_func_07/task_func_07.cbl:1: error: invalid system-name 'y'
/home/projadmin/CobolEval/FrameWork/evaluation/preds/XMAiNframe-instruct-7b/instruct/task_func_07/task_func_07.cbl:1: error: syntax error, unexpected SPACE
/home/projadmin/CobolEval/FrameWork/evaluation/preds/XMAiNframe-instruct-7b/instruct/task_func_07/task_func_07.cbl:3: error: PROCEDURE DIVISION header missing
    1 | y two spaces.
    2 | 
    3 > Code:
    4 | <|assistant|>
    5 | IDENTIFICATION DIVISION.
/home/projadmin/CobolEval/FrameWork/evaluation/preds/XMAiNframe-instruct-7b/instruct/task_func_07/task_func_07.cbl:4: error: invalid symbol '|' - skipping word
    2 | 
    3 | Code:
    4 > <|assistant|>
    5 | IDENTIFICATION DIVISION.
    6 | PROGRAM-ID. ASSIGN-TASKS.

2025-05-20 22:20:53.406 | WARNING  | utils:cmd:36 - Return code: 1
2025-05-20 22:20:53.406 | ERROR    | __main__:compile:227 - Compilation failed for task_func_07
2025-05-20 22:20:53.407 | INFO     | __main__:compile:156 - Processing program 7/46: task_func_08
2025-05-20 22:20:53.407 | INFO     | __main__:compile:165 - Code Similarity score started
2025-05-20 22:20:53.407 | INFO     | __main__:compile:177 - Compilation started
2025-05-20 22:20:53.407 | INFO     | __main__:compile:190 - compiling task_func_08
2025-05-20 22:20:53.429 | WARNING  | utils:cmd:35 - Err: /home/projadmin/CobolEval/FrameWork/evaluation/preds/XMAiNframe-instruct-7b/instruct/task_func_08/task_func_08.cbl:1: note: free format detected
    1 > IDENTIFICATION DIVISION.
    2 | PROGRAM-ID. ConvertFileExtensions.
    3 | ENVIRONMENT DIVISION.
/home/projadmin/CobolEval/FrameWork/evaluation/preds/XMAiNframe-instruct-7b/instruct/task_func_08/task_func_08.cbl: in paragraph 'MAIN-LOGIC':
/home/projadmin/CobolEval/FrameWork/evaluation/preds/XMAiNframe-instruct-7b/instruct/task_func_08/task_func_08.cbl:32: error: invalid symbol '|' - skipping word
   30 |             EVALUATE TRUE
   31 |                 WHEN InputRecord(LENGTH OF InputRecord - 3:4) = '.txt'
   32 >                     MOVE InputRecord(1:LENGTH OF InputRecord - 4) || '.cs..
   33 |                 WHEN InputRecord(LENGTH OF InputRecord - 6:4) = '.docx'
   34 |                     MOVE InputRecord(1:LENGTH OF InputRecord - 6) || '.cs..
/home/projadmin/CobolEval/FrameWork/evaluation/preds/XMAiNframe-instruct-7b/instruct/task_func_08/task_func_08.cbl:32: error: syntax error, unexpected Literal, expecting TO
/home/projadmin/CobolEval/FrameWork/evaluation/preds/XMAiNframe-instruct-7b/instruct/task_func_08/task_func_08.cbl:34: error: invalid symbol '|' - skipping word
   32 |                     MOVE InputRecord(1:LENGTH OF InputRecord - 4) || '.cs..
   33 |                 WHEN InputRecord(LENGTH OF InputRecord - 6:4) = '.docx'
   34 >                     MOVE InputRecord(1:LENGTH OF InputRecord - 6) || '.cs..
   35 |                 WHEN InputRecord(LENGTH OF InputRecord - 5:4) = '.xlsx'
   36 |                     MOVE InputRecord(1:LENGTH OF InputRecord - 5) || '.cs..
/home/projadmin/CobolEval/FrameWork/evaluation/preds/XMAiNframe-instruct-7b/instruct/task_func_08/task_func_08.cbl:34: error: syntax error, unexpected Literal, expecting TO
/home/projadmin/CobolEval/FrameWork/evaluation/preds/XMAiNframe-instruct-7b/instruct/task_func_08/task_func_08.cbl:36: error: invalid symbol '|' - skipping word
   34 |                     MOVE InputRecord(1:LENGTH OF InputRecord - 6) || '.cs..
   35 |                 WHEN InputRecord(LENGTH OF InputRecord - 5:4) = '.xlsx'
   36 >                     MOVE InputRecord(1:LENGTH OF InputRecord - 5) || '.cs..
   37 |                 WHEN OTHER
   38 |                     CONTINUE
/home/projadmin/CobolEval/FrameWork/evaluation/preds/XMAiNframe-instruct-7b/instruct/task_func_08/task_func_08.cbl:36: error: syntax error, unexpected Literal, expecting TO
/home/projadmin/CobolEval/FrameWork/evaluation/preds/XMAiNframe-instruct-7b/instruct/task_func_08/task_func_08.cbl:41: error: syntax error, unexpected TO
   39 |             END-EVALUATE
   40 | 
   41 >             WRITE OutputRecord TO OutputFile
   42 |             ADD 1 TO CountOfConvertedFiles
   43 |         END-IF

2025-05-20 22:20:53.430 | WARNING  | utils:cmd:36 - Return code: 1
2025-05-20 22:20:53.430 | ERROR    | __main__:compile:227 - Compilation failed for task_func_08
2025-05-20 22:20:53.430 | INFO     | __main__:compile:156 - Processing program 8/46: task_func_09
2025-05-20 22:20:53.430 | INFO     | __main__:compile:165 - Code Similarity score started
2025-05-20 22:20:53.430 | INFO     | __main__:compile:177 - Compilation started
2025-05-20 22:20:53.431 | INFO     | __main__:compile:190 - compiling task_func_09
2025-05-20 22:20:53.454 | WARNING  | utils:cmd:35 - Err: /home/projadmin/CobolEval/FrameWork/evaluation/preds/XMAiNframe-instruct-7b/instruct/task_func_09/task_func_09.cbl:1: note: free format detected
    1 > IDENTIFICATION DIVISION.
    2 | PROGRAM-ID. CALCULATE-STATISTICS.
    3 | ENVIRONMENT DIVISION.
/home/projadmin/CobolEval/FrameWork/evaluation/preds/XMAiNframe-instruct-7b/instruct/task_func_09/task_func_09.cbl: in paragraph 'MAIN-LOGIC':
/home/projadmin/CobolEval/FrameWork/evaluation/preds/XMAiNframe-instruct-7b/instruct/task_func_09/task_func_09.cbl:37: error: missing FOR phrase before CHARACTERS/ALL/LEADING/TRAILING phrase
   35 |         INITIALIZE MINIMUM-NUMBER MAXIMUM-NUMBER SUM-OF-NUMBERS
   36 |         INSPECT FUNCTION REVERSE(INPUT-RECORD)
   37 >             TALLYING LEADING SPACES
   38 |                 FOR TRAILING SPACES BEFORE INITIAL MINIMUM-NUMBER MAXIMUM..
   39 |         UNSTRING INPUT-RECORD DELIMITED BY ','
/home/projadmin/CobolEval/FrameWork/evaluation/preds/XMAiNframe-instruct-7b/instruct/task_func_09/task_func_09.cbl:36: error: data name expected before LEADING
   34 |     PERFORM VARYING CURRENT-LINE FROM 1 BY 1 UNTIL END-OF-FILE
   35 |         INITIALIZE MINIMUM-NUMBER MAXIMUM-NUMBER SUM-OF-NUMBERS
   36 >         INSPECT FUNCTION REVERSE(INPUT-RECORD)
   37 |             TALLYING LEADING SPACES
   38 |                 FOR TRAILING SPACES BEFORE INITIAL MINIMUM-NUMBER MAXIMUM..
/home/projadmin/CobolEval/FrameWork/evaluation/preds/XMAiNframe-instruct-7b/instruct/task_func_09/task_func_09.cbl:38: error: syntax error, unexpected FOR
   36 |         INSPECT FUNCTION REVERSE(INPUT-RECORD)
   37 |             TALLYING LEADING SPACES
   38 >                 FOR TRAILING SPACES BEFORE INITIAL MINIMUM-NUMBER MAXIMUM..
   39 |         UNSTRING INPUT-RECORD DELIMITED BY ','
   40 |             INTO MINIMUM-NUMBER MAXIMUM-NUMBER SUM-OF-NUMBERS

2025-05-20 22:20:53.454 | WARNING  | utils:cmd:36 - Return code: 1
2025-05-20 22:20:53.454 | ERROR    | __main__:compile:227 - Compilation failed for task_func_09
2025-05-20 22:20:53.454 | INFO     | __main__:compile:156 - Processing program 9/46: task_func_10
2025-05-20 22:20:53.454 | INFO     | __main__:compile:165 - Code Similarity score started
2025-05-20 22:20:53.455 | INFO     | __main__:compile:177 - Compilation started
2025-05-20 22:20:53.455 | INFO     | __main__:compile:190 - compiling task_func_10
2025-05-20 22:20:53.476 | WARNING  | utils:cmd:35 - Err: /home/projadmin/CobolEval/FrameWork/evaluation/preds/XMAiNframe-instruct-7b/instruct/task_func_10/task_func_10.cbl:1: note: free format detected
    1 >  implementer.
    2 | 
    3 | Code:
/home/projadmin/CobolEval/FrameWork/evaluation/preds/XMAiNframe-instruct-7b/instruct/task_func_10/task_func_10.cbl:62: warning: line not terminated by a newline [-Wmissing-newline]
   60 |     EXIT.
   61 | 
   62 > END PROGRAM VALIDATE-POPULATION.<EOF>
/home/projadmin/CobolEval/FrameWork/evaluation/preds/XMAiNframe-instruct-7b/instruct/task_func_10/task_func_10.cbl:1: error: PROGRAM-ID header missing
    1 >  implementer.
    2 | 
    3 | Code:
/home/projadmin/CobolEval/FrameWork/evaluation/preds/XMAiNframe-instruct-7b/instruct/task_func_10/task_func_10.cbl:1: error: ENVIRONMENT DIVISION header missing
/home/projadmin/CobolEval/FrameWork/evaluation/preds/XMAiNframe-instruct-7b/instruct/task_func_10/task_func_10.cbl:1: error: CONFIGURATION SECTION header missing
/home/projadmin/CobolEval/FrameWork/evaluation/preds/XMAiNframe-instruct-7b/instruct/task_func_10/task_func_10.cbl:1: error: SPECIAL-NAMES header missing
/home/projadmin/CobolEval/FrameWork/evaluation/preds/XMAiNframe-instruct-7b/instruct/task_func_10/task_func_10.cbl:1: error: invalid system-name 'implementer'
/home/projadmin/CobolEval/FrameWork/evaluation/preds/XMAiNframe-instruct-7b/instruct/task_func_10/task_func_10.cbl:1: error: syntax error, unexpected ., expecting CRT or Identifier
/home/projadmin/CobolEval/FrameWork/evaluation/preds/XMAiNframe-instruct-7b/instruct/task_func_10/task_func_10.cbl:3: error: syntax error, unexpected CODE
    1 |  implementer.
    2 | 
    3 > Code:
    4 | <|assistant|>
    5 | IDENTIFICATION DIVISION.
/home/projadmin/CobolEval/FrameWork/evaluation/preds/XMAiNframe-instruct-7b/instruct/task_func_10/task_func_10.cbl:4: error: invalid symbol '|' - skipping word
    2 | 
    3 | Code:
    4 > <|assistant|>
    5 | IDENTIFICATION DIVISION.
    6 | PROGRAM-ID. VALIDATE-POPULATION.

2025-05-20 22:20:53.476 | WARNING  | utils:cmd:36 - Return code: 1
2025-05-20 22:20:53.477 | ERROR    | __main__:compile:227 - Compilation failed for task_func_10
2025-05-20 22:20:53.477 | INFO     | __main__:compile:156 - Processing program 10/46: task_func_11
2025-05-20 22:20:53.477 | INFO     | __main__:compile:165 - Code Similarity score started
2025-05-20 22:20:53.477 | INFO     | __main__:compile:177 - Compilation started
2025-05-20 22:20:53.478 | INFO     | __main__:compile:190 - compiling task_func_11
2025-05-20 22:20:53.499 | WARNING  | utils:cmd:35 - Err: /home/projadmin/CobolEval/FrameWork/evaluation/preds/XMAiNframe-instruct-7b/instruct/task_func_11/task_func_11.cbl:1: note: free format detected
    1 > d COBOL code.
    2 | 
    3 | Code:
/home/projadmin/CobolEval/FrameWork/evaluation/preds/XMAiNframe-instruct-7b/instruct/task_func_11/task_func_11.cbl:72: warning: line not terminated by a newline [-Wmissing-newline]
   70 | STOP-RUN.
   71 |     EXEC CICS RETURN
   72 >     END-EXEC.<EOF>
/home/projadmin/CobolEval/FrameWork/evaluation/preds/XMAiNframe-instruct-7b/instruct/task_func_11/task_func_11.cbl:1: error: PROGRAM-ID header missing
    1 > d COBOL code.
    2 | 
    3 | Code:
/home/projadmin/CobolEval/FrameWork/evaluation/preds/XMAiNframe-instruct-7b/instruct/task_func_11/task_func_11.cbl:1: error: ENVIRONMENT DIVISION header missing
/home/projadmin/CobolEval/FrameWork/evaluation/preds/XMAiNframe-instruct-7b/instruct/task_func_11/task_func_11.cbl:1: error: CONFIGURATION SECTION header missing
/home/projadmin/CobolEval/FrameWork/evaluation/preds/XMAiNframe-instruct-7b/instruct/task_func_11/task_func_11.cbl:1: error: SPECIAL-NAMES header missing
/home/projadmin/CobolEval/FrameWork/evaluation/preds/XMAiNframe-instruct-7b/instruct/task_func_11/task_func_11.cbl:1: error: invalid system-name 'd'
/home/projadmin/CobolEval/FrameWork/evaluation/preds/XMAiNframe-instruct-7b/instruct/task_func_11/task_func_11.cbl:1: error: syntax error, unexpected CODE
/home/projadmin/CobolEval/FrameWork/evaluation/preds/XMAiNframe-instruct-7b/instruct/task_func_11/task_func_11.cbl:3: error: PROCEDURE DIVISION header missing
    1 | d COBOL code.
    2 | 
    3 > Code:
    4 | <|assistant|>
    5 | IDENTIFICATION DIVISION.
/home/projadmin/CobolEval/FrameWork/evaluation/preds/XMAiNframe-instruct-7b/instruct/task_func_11/task_func_11.cbl:4: error: invalid symbol '|' - skipping word
    2 | 
    3 | Code:
    4 > <|assistant|>
    5 | IDENTIFICATION DIVISION.
    6 | PROGRAM-ID. FILENAME-ANALYZER.

2025-05-20 22:20:53.499 | WARNING  | utils:cmd:36 - Return code: 1
2025-05-20 22:20:53.499 | ERROR    | __main__:compile:227 - Compilation failed for task_func_11
2025-05-20 22:20:53.500 | INFO     | __main__:compile:156 - Processing program 11/46: task_func_12
2025-05-20 22:20:53.500 | INFO     | __main__:compile:165 - Code Similarity score started
2025-05-20 22:20:53.500 | INFO     | __main__:compile:177 - Compilation started
2025-05-20 22:20:53.500 | INFO     | __main__:compile:190 - compiling task_func_12
2025-05-20 22:20:53.522 | WARNING  | utils:cmd:35 - Err: /home/projadmin/CobolEval/FrameWork/evaluation/preds/XMAiNframe-instruct-7b/instruct/task_func_12/task_func_12.cbl:1: note: free format detected
    1 > t input data.
    2 | 
    3 | Code:
/home/projadmin/CobolEval/FrameWork/evaluation/preds/XMAiNframe-instruct-7b/instruct/task_func_12/task_func_12.cbl:86: warning: line not terminated by a newline [-Wmissing-newline]
   84 |     CLOSE OUTPUT-FILE.
   85 |     CLOSE SORT-FILE.
   86 > CLOSE-FILES-X.<EOF>
/home/projadmin/CobolEval/FrameWork/evaluation/preds/XMAiNframe-instruct-7b/instruct/task_func_12/task_func_12.cbl:1: error: PROGRAM-ID header missing
    1 > t input data.
    2 | 
    3 | Code:
/home/projadmin/CobolEval/FrameWork/evaluation/preds/XMAiNframe-instruct-7b/instruct/task_func_12/task_func_12.cbl:1: error: ENVIRONMENT DIVISION header missing
/home/projadmin/CobolEval/FrameWork/evaluation/preds/XMAiNframe-instruct-7b/instruct/task_func_12/task_func_12.cbl:1: error: CONFIGURATION SECTION header missing
/home/projadmin/CobolEval/FrameWork/evaluation/preds/XMAiNframe-instruct-7b/instruct/task_func_12/task_func_12.cbl:1: error: SPECIAL-NAMES header missing
/home/projadmin/CobolEval/FrameWork/evaluation/preds/XMAiNframe-instruct-7b/instruct/task_func_12/task_func_12.cbl:1: error: invalid system-name 't'
/home/projadmin/CobolEval/FrameWork/evaluation/preds/XMAiNframe-instruct-7b/instruct/task_func_12/task_func_12.cbl:1: error: syntax error, unexpected INPUT, expecting CRT or Identifier
/home/projadmin/CobolEval/FrameWork/evaluation/preds/XMAiNframe-instruct-7b/instruct/task_func_12/task_func_12.cbl:1: error: syntax error, unexpected DATA
/home/projadmin/CobolEval/FrameWork/evaluation/preds/XMAiNframe-instruct-7b/instruct/task_func_12/task_func_12.cbl:3: error: PROCEDURE DIVISION header missing
    1 | t input data.
    2 | 
    3 > Code:
    4 | <|assistant|>
    5 | IDENTIFICATION DIVISION.
/home/projadmin/CobolEval/FrameWork/evaluation/preds/XMAiNframe-instruct-7b/instruct/task_func_12/task_func_12.cbl:4: error: invalid symbol '|' - skipping word
    2 | 
    3 | Code:
    4 > <|assistant|>
    5 | IDENTIFICATION DIVISION.
    6 | PROGRAM-ID. PATIENT-BILLING-SUMMARY.

2025-05-20 22:20:53.522 | WARNING  | utils:cmd:36 - Return code: 1
2025-05-20 22:20:53.523 | ERROR    | __main__:compile:227 - Compilation failed for task_func_12
2025-05-20 22:20:53.523 | INFO     | __main__:compile:156 - Processing program 12/46: task_func_13
2025-05-20 22:20:53.523 | INFO     | __main__:compile:165 - Code Similarity score started
2025-05-20 22:20:53.523 | INFO     | __main__:compile:177 - Compilation started
2025-05-20 22:20:53.523 | INFO     | __main__:compile:190 - compiling task_func_13
2025-05-20 22:20:53.546 | WARNING  | utils:cmd:35 - Err: /home/projadmin/CobolEval/FrameWork/evaluation/preds/XMAiNframe-instruct-7b/instruct/task_func_13/task_func_13.cbl:1: note: free format detected
    1 > requirements.
    2 | 
    3 | Code:
/home/projadmin/CobolEval/FrameWork/evaluation/preds/XMAiNframe-instruct-7b/instruct/task_func_13/task_func_13.cbl:71: warning: line not terminated by a newline [-Wmissing-newline]
   69 |     END-IF.
   70 | WRITE-NEXT-RECORD-X.
   71 > STOP RUN.<EOF>
/home/projadmin/CobolEval/FrameWork/evaluation/preds/XMAiNframe-instruct-7b/instruct/task_func_13/task_func_13.cbl:1: error: PROGRAM-ID header missing
    1 > requirements.
    2 | 
    3 | Code:
/home/projadmin/CobolEval/FrameWork/evaluation/preds/XMAiNframe-instruct-7b/instruct/task_func_13/task_func_13.cbl:1: error: ENVIRONMENT DIVISION header missing
/home/projadmin/CobolEval/FrameWork/evaluation/preds/XMAiNframe-instruct-7b/instruct/task_func_13/task_func_13.cbl:1: error: CONFIGURATION SECTION header missing
/home/projadmin/CobolEval/FrameWork/evaluation/preds/XMAiNframe-instruct-7b/instruct/task_func_13/task_func_13.cbl:1: error: SPECIAL-NAMES header missing
/home/projadmin/CobolEval/FrameWork/evaluation/preds/XMAiNframe-instruct-7b/instruct/task_func_13/task_func_13.cbl:1: error: invalid system-name 'requirements'
/home/projadmin/CobolEval/FrameWork/evaluation/preds/XMAiNframe-instruct-7b/instruct/task_func_13/task_func_13.cbl:1: error: syntax error, unexpected ., expecting CRT or Identifier
/home/projadmin/CobolEval/FrameWork/evaluation/preds/XMAiNframe-instruct-7b/instruct/task_func_13/task_func_13.cbl:3: error: syntax error, unexpected CODE
    1 | requirements.
    2 | 
    3 > Code:
    4 | <|assistant|>
    5 | IDENTIFICATION DIVISION.
/home/projadmin/CobolEval/FrameWork/evaluation/preds/XMAiNframe-instruct-7b/instruct/task_func_13/task_func_13.cbl:4: error: invalid symbol '|' - skipping word
    2 | 
    3 | Code:
    4 > <|assistant|>
    5 | IDENTIFICATION DIVISION.
    6 | PROGRAM-ID. CUSTOMER-NAME-PROCESSOR.

2025-05-20 22:20:53.546 | WARNING  | utils:cmd:36 - Return code: 1
2025-05-20 22:20:53.547 | ERROR    | __main__:compile:227 - Compilation failed for task_func_13
2025-05-20 22:20:53.547 | INFO     | __main__:compile:156 - Processing program 13/46: task_func_14
2025-05-20 22:20:53.547 | INFO     | __main__:compile:165 - Code Similarity score started
2025-05-20 22:20:53.547 | INFO     | __main__:compile:177 - Compilation started
2025-05-20 22:20:53.547 | INFO     | __main__:compile:190 - compiling task_func_14
2025-05-20 22:20:53.569 | WARNING  | utils:cmd:35 - Err: /home/projadmin/CobolEval/FrameWork/evaluation/preds/XMAiNframe-instruct-7b/instruct/task_func_14/task_func_14.cbl:1: note: free format detected
    1 > IDENTIFICATION DIVISION.
    2 | PROGRAM-ID. YOUR-PROGRAM-NAME.
    3 | ENVIRONMENT DIVISION.
/home/projadmin/CobolEval/FrameWork/evaluation/preds/XMAiNframe-instruct-7b/instruct/task_func_14/task_func_14.cbl:12: error: syntax error, unexpected DATE
   10 | FD INPUT-FILE.
   11 | 01 INPUT-RECORD.
   12 >     05 INPUT-DATE DATE YYYYMMDD.
   13 |     05 INPUT-VALUE PIC 9(10).
   14 | FD OUTPUT-FILE.
/home/projadmin/CobolEval/FrameWork/evaluation/preds/XMAiNframe-instruct-7b/instruct/task_func_14/task_func_14.cbl:16: error: syntax error, unexpected DATE
   14 | FD OUTPUT-FILE.
   15 | 01 OUTPUT-RECORD.
   16 >     05 OUTPUT-DATE DATE YYYYMMDD.
   17 |     05 OUTPUT-VALUE PIC 9(10).
   18 | WORKING-STORAGE SECTION.
/home/projadmin/CobolEval/FrameWork/evaluation/preds/XMAiNframe-instruct-7b/instruct/task_func_14/task_func_14.cbl: in section 'MAIN-LOGIC':
/home/projadmin/CobolEval/FrameWork/evaluation/preds/XMAiNframe-instruct-7b/instruct/task_func_14/task_func_14.cbl: in paragraph 'PROCESS-INPUT-RTN':
/home/projadmin/CobolEval/FrameWork/evaluation/preds/XMAiNframe-instruct-7b/instruct/task_func_14/task_func_14.cbl:32: error: 'INPUT-DATE' is not defined
   30 |     READ INPUT-FILE INTO INPUT-RECORD.
   31 | PROCESS-INPUT-RTN.
   32 >     IF INPUT-DATE = CURRENT-DATE-WS
   33 |         MOVE INPUT-DATE TO OUTPUT-DATE
   34 |         MOVE INPUT-VALUE TO OUTPUT-VALUE
/home/projadmin/CobolEval/FrameWork/evaluation/preds/XMAiNframe-instruct-7b/instruct/task_func_14/task_func_14.cbl:33: error: 'OUTPUT-DATE' is not defined
   31 | PROCESS-INPUT-RTN.
   32 |     IF INPUT-DATE = CURRENT-DATE-WS
   33 >         MOVE INPUT-DATE TO OUTPUT-DATE
   34 |         MOVE INPUT-VALUE TO OUTPUT-VALUE
   35 |         WRITE OUTPUT-RECORD.

2025-05-20 22:20:53.570 | WARNING  | utils:cmd:36 - Return code: 1
2025-05-20 22:20:53.570 | ERROR    | __main__:compile:227 - Compilation failed for task_func_14
2025-05-20 22:20:53.570 | INFO     | __main__:compile:156 - Processing program 14/46: task_func_15
2025-05-20 22:20:53.570 | INFO     | __main__:compile:165 - Code Similarity score started
2025-05-20 22:20:53.570 | INFO     | __main__:compile:177 - Compilation started
2025-05-20 22:20:53.571 | INFO     | __main__:compile:190 - compiling task_func_15
2025-05-20 22:20:53.593 | WARNING  | utils:cmd:35 - Err: /home/projadmin/CobolEval/FrameWork/evaluation/preds/XMAiNframe-instruct-7b/instruct/task_func_15/task_func_15.cbl:1: note: free format detected
    1 > requirements.
    2 | 
    3 | Code:
/home/projadmin/CobolEval/FrameWork/evaluation/preds/XMAiNframe-instruct-7b/instruct/task_func_15/task_func_15.cbl:74: warning: line not terminated by a newline [-Wmissing-newline]
   72 |     CLOSE OUTPUT-FILE.
   73 |     DISPLAY 'Total Combinations: ', TOTAL-COMBINATIONS.
   74 > GENERATE-COMBINATIONS-X.<EOF>
/home/projadmin/CobolEval/FrameWork/evaluation/preds/XMAiNframe-instruct-7b/instruct/task_func_15/task_func_15.cbl:1: error: PROGRAM-ID header missing
    1 > requirements.
    2 | 
    3 | Code:
/home/projadmin/CobolEval/FrameWork/evaluation/preds/XMAiNframe-instruct-7b/instruct/task_func_15/task_func_15.cbl:1: error: ENVIRONMENT DIVISION header missing
/home/projadmin/CobolEval/FrameWork/evaluation/preds/XMAiNframe-instruct-7b/instruct/task_func_15/task_func_15.cbl:1: error: CONFIGURATION SECTION header missing
/home/projadmin/CobolEval/FrameWork/evaluation/preds/XMAiNframe-instruct-7b/instruct/task_func_15/task_func_15.cbl:1: error: SPECIAL-NAMES header missing
/home/projadmin/CobolEval/FrameWork/evaluation/preds/XMAiNframe-instruct-7b/instruct/task_func_15/task_func_15.cbl:1: error: invalid system-name 'requirements'
/home/projadmin/CobolEval/FrameWork/evaluation/preds/XMAiNframe-instruct-7b/instruct/task_func_15/task_func_15.cbl:1: error: syntax error, unexpected ., expecting CRT or Identifier
/home/projadmin/CobolEval/FrameWork/evaluation/preds/XMAiNframe-instruct-7b/instruct/task_func_15/task_func_15.cbl:3: error: syntax error, unexpected CODE
    1 | requirements.
    2 | 
    3 > Code:
    4 | <|assistant|>
    5 | IDENTIFICATION DIVISION.
/home/projadmin/CobolEval/FrameWork/evaluation/preds/XMAiNframe-instruct-7b/instruct/task_func_15/task_func_15.cbl:4: error: invalid symbol '|' - skipping word
    2 | 
    3 | Code:
    4 > <|assistant|>
    5 | IDENTIFICATION DIVISION.
    6 | PROGRAM-ID. COMBINATIONS.

2025-05-20 22:20:53.593 | WARNING  | utils:cmd:36 - Return code: 1
2025-05-20 22:20:53.593 | ERROR    | __main__:compile:227 - Compilation failed for task_func_15
2025-05-20 22:20:53.593 | INFO     | __main__:compile:156 - Processing program 15/46: task_func_16
2025-05-20 22:20:53.593 | INFO     | __main__:compile:165 - Code Similarity score started
2025-05-20 22:20:53.593 | INFO     | __main__:compile:177 - Compilation started
2025-05-20 22:20:53.594 | INFO     | __main__:compile:190 - compiling task_func_16
2025-05-20 22:20:53.617 | WARNING  | utils:cmd:35 - Err: /home/projadmin/CobolEval/FrameWork/evaluation/preds/XMAiNframe-instruct-7b/instruct/task_func_16/task_func_16.cbl:1: note: free format detected
    1 > requirements.
    2 | 
    3 | Code:
/home/projadmin/CobolEval/FrameWork/evaluation/preds/XMAiNframe-instruct-7b/instruct/task_func_16/task_func_16.cbl:56: warning: line not terminated by a newline [-Wmissing-newline]
   54 |     STOP RUN.
   55 | 
   56 > END PROGRAM CALCULATE-AVERAGE-TIME-DIFFERENCE.<EOF>
/home/projadmin/CobolEval/FrameWork/evaluation/preds/XMAiNframe-instruct-7b/instruct/task_func_16/task_func_16.cbl:1: error: PROGRAM-ID header missing
    1 > requirements.
    2 | 
    3 | Code:
/home/projadmin/CobolEval/FrameWork/evaluation/preds/XMAiNframe-instruct-7b/instruct/task_func_16/task_func_16.cbl:1: error: ENVIRONMENT DIVISION header missing
/home/projadmin/CobolEval/FrameWork/evaluation/preds/XMAiNframe-instruct-7b/instruct/task_func_16/task_func_16.cbl:1: error: CONFIGURATION SECTION header missing
/home/projadmin/CobolEval/FrameWork/evaluation/preds/XMAiNframe-instruct-7b/instruct/task_func_16/task_func_16.cbl:1: error: SPECIAL-NAMES header missing
/home/projadmin/CobolEval/FrameWork/evaluation/preds/XMAiNframe-instruct-7b/instruct/task_func_16/task_func_16.cbl:1: error: invalid system-name 'requirements'
/home/projadmin/CobolEval/FrameWork/evaluation/preds/XMAiNframe-instruct-7b/instruct/task_func_16/task_func_16.cbl:1: error: syntax error, unexpected ., expecting CRT or Identifier
/home/projadmin/CobolEval/FrameWork/evaluation/preds/XMAiNframe-instruct-7b/instruct/task_func_16/task_func_16.cbl:3: error: syntax error, unexpected CODE
    1 | requirements.
    2 | 
    3 > Code:
    4 | <|assistant|>
    5 | IDENTIFICATION DIVISION.
/home/projadmin/CobolEval/FrameWork/evaluation/preds/XMAiNframe-instruct-7b/instruct/task_func_16/task_func_16.cbl:4: error: invalid symbol '|' - skipping word
    2 | 
    3 | Code:
    4 > <|assistant|>
    5 | IDENTIFICATION DIVISION.
    6 | PROGRAM-ID. CALCULATE-AVERAGE-TIME-DIFFERENCE.

2025-05-20 22:20:53.617 | WARNING  | utils:cmd:36 - Return code: 1
2025-05-20 22:20:53.617 | ERROR    | __main__:compile:227 - Compilation failed for task_func_16
2025-05-20 22:20:53.617 | INFO     | __main__:compile:156 - Processing program 16/46: task_func_17
2025-05-20 22:20:53.617 | INFO     | __main__:compile:165 - Code Similarity score started
2025-05-20 22:20:53.617 | INFO     | __main__:compile:177 - Compilation started
2025-05-20 22:20:53.618 | INFO     | __main__:compile:190 - compiling task_func_17
2025-05-20 22:20:53.639 | WARNING  | utils:cmd:35 - Err: /home/projadmin/CobolEval/FrameWork/evaluation/preds/XMAiNframe-instruct-7b/instruct/task_func_17/task_func_17.cbl:1: note: free format detected
    1 > e programmer.
    2 | 
    3 | Code:
/home/projadmin/CobolEval/FrameWork/evaluation/preds/XMAiNframe-instruct-7b/instruct/task_func_17/task_func_17.cbl:91: warning: line not terminated by a newline [-Wmissing-newline]
   89 |     MOVE FIRST-DIGIT TO RETURN-VALUE.
   90 | 
   91 > END PROGRAM FORMAT-PHONE-NUMBERS.<EOF>
/home/projadmin/CobolEval/FrameWork/evaluation/preds/XMAiNframe-instruct-7b/instruct/task_func_17/task_func_17.cbl:1: error: PROGRAM-ID header missing
    1 > e programmer.
    2 | 
    3 | Code:
/home/projadmin/CobolEval/FrameWork/evaluation/preds/XMAiNframe-instruct-7b/instruct/task_func_17/task_func_17.cbl:1: error: ENVIRONMENT DIVISION header missing
/home/projadmin/CobolEval/FrameWork/evaluation/preds/XMAiNframe-instruct-7b/instruct/task_func_17/task_func_17.cbl:1: error: CONFIGURATION SECTION header missing
/home/projadmin/CobolEval/FrameWork/evaluation/preds/XMAiNframe-instruct-7b/instruct/task_func_17/task_func_17.cbl:1: error: SPECIAL-NAMES header missing
/home/projadmin/CobolEval/FrameWork/evaluation/preds/XMAiNframe-instruct-7b/instruct/task_func_17/task_func_17.cbl:1: error: invalid system-name 'e'
/home/projadmin/CobolEval/FrameWork/evaluation/preds/XMAiNframe-instruct-7b/instruct/task_func_17/task_func_17.cbl:3: error: PROCEDURE DIVISION header missing
    1 | e programmer.
    2 | 
    3 > Code:
    4 | <|assistant|>
    5 | IDENTIFICATION DIVISION.
/home/projadmin/CobolEval/FrameWork/evaluation/preds/XMAiNframe-instruct-7b/instruct/task_func_17/task_func_17.cbl:3: error: syntax error, unexpected CODE
/home/projadmin/CobolEval/FrameWork/evaluation/preds/XMAiNframe-instruct-7b/instruct/task_func_17/task_func_17.cbl:4: error: invalid symbol '|' - skipping word
    2 | 
    3 | Code:
    4 > <|assistant|>
    5 | IDENTIFICATION DIVISION.
    6 | PROGRAM-ID. FORMAT-PHONE-NUMBERS.

2025-05-20 22:20:53.639 | WARNING  | utils:cmd:36 - Return code: 1
2025-05-20 22:20:53.639 | ERROR    | __main__:compile:227 - Compilation failed for task_func_17
2025-05-20 22:20:53.640 | INFO     | __main__:compile:156 - Processing program 17/46: task_func_18
2025-05-20 22:20:53.640 | INFO     | __main__:compile:165 - Code Similarity score started
2025-05-20 22:20:53.640 | INFO     | __main__:compile:177 - Compilation started
2025-05-20 22:20:53.640 | INFO     | __main__:compile:190 - compiling task_func_18
2025-05-20 22:20:53.661 | WARNING  | utils:cmd:35 - Err: /home/projadmin/CobolEval/FrameWork/evaluation/preds/XMAiNframe-instruct-7b/instruct/task_func_18/task_func_18.cbl:1: note: free format detected
    1 >  output file.
    2 | 
    3 | Code:
/home/projadmin/CobolEval/FrameWork/evaluation/preds/XMAiNframe-instruct-7b/instruct/task_func_18/task_func_18.cbl:66: warning: line not terminated by a newline [-Wmissing-newline]
   64 | Format-And-Write-Output-X.
   65 | 
   66 > This COBOL program reads customer records from an input file named 'task_..
/home/projadmin/CobolEval/FrameWork/evaluation/preds/XMAiNframe-instruct-7b/instruct/task_func_18/task_func_18.cbl:1: error: PROGRAM-ID header missing
    1 >  output file.
    2 | 
    3 | Code:
/home/projadmin/CobolEval/FrameWork/evaluation/preds/XMAiNframe-instruct-7b/instruct/task_func_18/task_func_18.cbl:1: error: PROCEDURE DIVISION header missing
/home/projadmin/CobolEval/FrameWork/evaluation/preds/XMAiNframe-instruct-7b/instruct/task_func_18/task_func_18.cbl:1: error: syntax error, unexpected OUTPUT
/home/projadmin/CobolEval/FrameWork/evaluation/preds/XMAiNframe-instruct-7b/instruct/task_func_18/task_func_18.cbl:3: error: syntax error, unexpected CODE
    1 |  output file.
    2 | 
    3 > Code:
    4 | <|assistant|>
    5 | IDENTIFICATION DIVISION.
/home/projadmin/CobolEval/FrameWork/evaluation/preds/XMAiNframe-instruct-7b/instruct/task_func_18/task_func_18.cbl:4: error: invalid symbol '|' - skipping word
    2 | 
    3 | Code:
    4 > <|assistant|>
    5 | IDENTIFICATION DIVISION.
    6 | PROGRAM-ID. YOUR-PROGRAM-NAME.

2025-05-20 22:20:53.661 | WARNING  | utils:cmd:36 - Return code: 1
2025-05-20 22:20:53.661 | ERROR    | __main__:compile:227 - Compilation failed for task_func_18
2025-05-20 22:20:53.661 | INFO     | __main__:compile:156 - Processing program 18/46: task_func_19
2025-05-20 22:20:53.662 | INFO     | __main__:compile:165 - Code Similarity score started
2025-05-20 22:20:53.662 | INFO     | __main__:compile:177 - Compilation started
2025-05-20 22:20:53.662 | INFO     | __main__:compile:190 - compiling task_func_19
2025-05-20 22:20:53.685 | WARNING  | utils:cmd:35 - Err: /home/projadmin/CobolEval/FrameWork/evaluation/preds/XMAiNframe-instruct-7b/instruct/task_func_19/task_func_19.cbl:1: note: free format detected
    1 > IDENTIFICATION DIVISION.
    2 | PROGRAM-ID. CALCULATE-STATS.
    3 | ENVIRONMENT DIVISION.
/home/projadmin/CobolEval/FrameWork/evaluation/preds/XMAiNframe-instruct-7b/instruct/task_func_19/task_func_19.cbl:6: error: missing file description for FILE INPUT-FILE
    4 | INPUT-OUTPUT SECTION.
    5 | FILE-CONTROL.
    6 >     SELECT INPUT-FILE ASSIGN TO M3input.ps.
    7 |     SELECT OUTPUT-FILE ASSIGN TO M3output.ps.
    8 | DATA DIVISION.
/home/projadmin/CobolEval/FrameWork/evaluation/preds/XMAiNframe-instruct-7b/instruct/task_func_19/task_func_19.cbl:6: error: PROCEDURE DIVISION header missing
/home/projadmin/CobolEval/FrameWork/evaluation/preds/XMAiNframe-instruct-7b/instruct/task_func_19/task_func_19.cbl:6: error: syntax error, unexpected Identifier
/home/projadmin/CobolEval/FrameWork/evaluation/preds/XMAiNframe-instruct-7b/instruct/task_func_19/task_func_19.cbl:7: error: syntax error, unexpected SELECT
    5 | FILE-CONTROL.
    6 |     SELECT INPUT-FILE ASSIGN TO M3input.ps.
    7 >     SELECT OUTPUT-FILE ASSIGN TO M3output.ps.
    8 | DATA DIVISION.
    9 | FILE SECTION.
/home/projadmin/CobolEval/FrameWork/evaluation/preds/XMAiNframe-instruct-7b/instruct/task_func_19/task_func_19.cbl: in paragraph 'ps':
/home/projadmin/CobolEval/FrameWork/evaluation/preds/XMAiNframe-instruct-7b/instruct/task_func_19/task_func_19.cbl:8: error: syntax error, unexpected DATA
    6 |     SELECT INPUT-FILE ASSIGN TO M3input.ps.
    7 |     SELECT OUTPUT-FILE ASSIGN TO M3output.ps.
    8 > DATA DIVISION.
    9 | FILE SECTION.
   10 | FD INPUT-FILE.
/home/projadmin/CobolEval/FrameWork/evaluation/preds/XMAiNframe-instruct-7b/instruct/task_func_19/task_func_19.cbl:9: error: syntax error, unexpected FILE
    7 |     SELECT OUTPUT-FILE ASSIGN TO M3output.ps.
    8 | DATA DIVISION.
    9 > FILE SECTION.
   10 | FD INPUT-FILE.
   11 | 01 EMPLOYEE-RECORD.
/home/projadmin/CobolEval/FrameWork/evaluation/preds/XMAiNframe-instruct-7b/instruct/task_func_19/task_func_19.cbl:10: error: syntax error, unexpected FD
    8 | DATA DIVISION.
    9 | FILE SECTION.
   10 > FD INPUT-FILE.
   11 | 01 EMPLOYEE-RECORD.
   12 |     05 EMPLOYEE-NAME PIC X(20).
/home/projadmin/CobolEval/FrameWork/evaluation/preds/XMAiNframe-instruct-7b/instruct/task_func_19/task_func_19.cbl:11: error: syntax error, unexpected Identifier, expecting SECTION or .
    9 | FILE SECTION.
   10 | FD INPUT-FILE.
   11 > 01 EMPLOYEE-RECORD.
   12 |     05 EMPLOYEE-NAME PIC X(20).
   13 |     05 EMPLOYEE-AGE PIC 9(3).
/home/projadmin/CobolEval/FrameWork/evaluation/preds/XMAiNframe-instruct-7b/instruct/task_func_19/task_func_19.cbl:11: note: unknown statement '01'
/home/projadmin/CobolEval/FrameWork/evaluation/preds/XMAiNframe-instruct-7b/instruct/task_func_19/task_func_19.cbl:12: error: syntax error, unexpected Identifier, expecting SECTION or .
   10 | FD INPUT-FILE.
   11 | 01 EMPLOYEE-RECORD.
   12 >     05 EMPLOYEE-NAME PIC X(20).
   13 |     05 EMPLOYEE-AGE PIC 9(3).
   14 |     05 EMPLOYEE-SALARY PIC 9(6).
/home/projadmin/CobolEval/FrameWork/evaluation/preds/XMAiNframe-instruct-7b/instruct/task_func_19/task_func_19.cbl:12: note: unknown statement '05'
/home/projadmin/CobolEval/FrameWork/evaluation/preds/XMAiNframe-instruct-7b/instruct/task_func_19/task_func_19.cbl:13: error: syntax error, unexpected Identifier, expecting SECTION or .
   11 | 01 EMPLOYEE-RECORD.
   12 |     05 EMPLOYEE-NAME PIC X(20).
   13 >     05 EMPLOYEE-AGE PIC 9(3).
   14 |     05 EMPLOYEE-SALARY PIC 9(6).
   15 | FD OUTPUT-FILE.
/home/projadmin/CobolEval/FrameWork/evaluation/preds/XMAiNframe-instruct-7b/instruct/task_func_19/task_func_19.cbl:13: note: unknown statement '05'
/home/projadmin/CobolEval/FrameWork/evaluation/preds/XMAiNframe-instruct-7b/instruct/task_func_19/task_func_19.cbl:14: error: syntax error, unexpected Identifier, expecting SECTION or .
   12 |     05 EMPLOYEE-NAME PIC X(20).
   13 |     05 EMPLOYEE-AGE PIC 9(3).
   14 >     05 EMPLOYEE-SALARY PIC 9(6).
   15 | FD OUTPUT-FILE.
   16 | 01 OUTPUT-RECORD PIC X(80).
/home/projadmin/CobolEval/FrameWork/evaluation/preds/XMAiNframe-instruct-7b/instruct/task_func_19/task_func_19.cbl:14: note: unknown statement '05'
/home/projadmin/CobolEval/FrameWork/evaluation/preds/XMAiNframe-instruct-7b/instruct/task_func_19/task_func_19.cbl:15: error: syntax error, unexpected FD
   13 |     05 EMPLOYEE-AGE PIC 9(3).
   14 |     05 EMPLOYEE-SALARY PIC 9(6).
   15 > FD OUTPUT-FILE.
   16 | 01 OUTPUT-RECORD PIC X(80).
   17 | WORKING-STORAGE SECTION.
/home/projadmin/CobolEval/FrameWork/evaluation/preds/XMAiNframe-instruct-7b/instruct/task_func_19/task_func_19.cbl:16: error: syntax error, unexpected Identifier, expecting SECTION or .
   14 |     05 EMPLOYEE-SALARY PIC 9(6).
   15 | FD OUTPUT-FILE.
   16 > 01 OUTPUT-RECORD PIC X(80).
   17 | WORKING-STORAGE SECTION.
   18 | 01 SALARY-ARRAY OCCURS 100 TIMES INDEXED BY I.
/home/projadmin/CobolEval/FrameWork/evaluation/preds/XMAiNframe-instruct-7b/instruct/task_func_19/task_func_19.cbl:16: note: unknown statement '01'
/home/projadmin/CobolEval/FrameWork/evaluation/preds/XMAiNframe-instruct-7b/instruct/task_func_19/task_func_19.cbl:17: error: syntax error, unexpected WORKING-STORAGE
   15 | FD OUTPUT-FILE.
   16 | 01 OUTPUT-RECORD PIC X(80).
   17 > WORKING-STORAGE SECTION.
   18 | 01 SALARY-ARRAY OCCURS 100 TIMES INDEXED BY I.
   19 |     05 SALARY PIC 9(6).
/home/projadmin/CobolEval/FrameWork/evaluation/preds/XMAiNframe-instruct-7b/instruct/task_func_19/task_func_19.cbl:18: error: syntax error, unexpected Identifier, expecting SECTION or .
   16 | 01 OUTPUT-RECORD PIC X(80).
   17 | WORKING-STORAGE SECTION.
   18 > 01 SALARY-ARRAY OCCURS 100 TIMES INDEXED BY I.
   19 |     05 SALARY PIC 9(6).
   20 | 01 SORTED-SALARY-ARRAY REDEFINES SALARY-ARRAY.
/home/projadmin/CobolEval/FrameWork/evaluation/preds/XMAiNframe-instruct-7b/instruct/task_func_19/task_func_19.cbl:18: note: unknown statement '01'
/home/projadmin/CobolEval/FrameWork/evaluation/preds/XMAiNframe-instruct-7b/instruct/task_func_19/task_func_19.cbl:19: error: syntax error, unexpected Identifier, expecting SECTION or .
   17 | WORKING-STORAGE SECTION.
   18 | 01 SALARY-ARRAY OCCURS 100 TIMES INDEXED BY I.
   19 >     05 SALARY PIC 9(6).
   20 | 01 SORTED-SALARY-ARRAY REDEFINES SALARY-ARRAY.
   21 |     05 SORTED-SALARY PIC 9(6) OCCURS 100 TIMES INDEXED BY J.
/home/projadmin/CobolEval/FrameWork/evaluation/preds/XMAiNframe-instruct-7b/instruct/task_func_19/task_func_19.cbl:19: note: unknown statement '05'
/home/projadmin/CobolEval/FrameWork/evaluation/preds/XMAiNframe-instruct-7b/instruct/task_func_19/task_func_19.cbl:20: error: syntax error, unexpected Identifier, expecting SECTION or .
   18 | 01 SALARY-ARRAY OCCURS 100 TIMES INDEXED BY I.
   19 |     05 SALARY PIC 9(6).
   20 > 01 SORTED-SALARY-ARRAY REDEFINES SALARY-ARRAY.
   21 |     05 SORTED-SALARY PIC 9(6) OCCURS 100 TIMES INDEXED BY J.
   22 | 01 TOTAL-SALARY PIC 9(7) VALUE ZERO.
/home/projadmin/CobolEval/FrameWork/evaluation/preds/XMAiNframe-instruct-7b/instruct/task_func_19/task_func_19.cbl:20: note: unknown statement '01'
/home/projadmin/CobolEval/FrameWork/evaluation/preds/XMAiNframe-instruct-7b/instruct/task_func_19/task_func_19.cbl:21: error: syntax error, unexpected Identifier, expecting SECTION or .
   19 |     05 SALARY PIC 9(6).
   20 | 01 SORTED-SALARY-ARRAY REDEFINES SALARY-ARRAY.
   21 >     05 SORTED-SALARY PIC 9(6) OCCURS 100 TIMES INDEXED BY J.
   22 | 01 TOTAL-SALARY PIC 9(7) VALUE ZERO.
   23 | 01 MEAN-SALARY PIC 9(6)V99.
/home/projadmin/CobolEval/FrameWork/evaluation/preds/XMAiNframe-instruct-7b/instruct/task_func_19/task_func_19.cbl:21: note: unknown statement '05'
/home/projadmin/CobolEval/FrameWork/evaluation/preds/XMAiNframe-instruct-7b/instruct/task_func_19/task_func_19.cbl:22: error: syntax error, unexpected Identifier, expecting SECTION or .
   20 | 01 SORTED-SALARY-ARRAY REDEFINES SALARY-ARRAY.
   21 |     05 SORTED-SALARY PIC 9(6) OCCURS 100 TIMES INDEXED BY J.
   22 > 01 TOTAL-SALARY PIC 9(7) VALUE ZERO.
   23 | 01 MEAN-SALARY PIC 9(6)V99.
   24 | 01 MEDIAN-SALARY PIC 9(6).
/home/projadmin/CobolEval/FrameWork/evaluation/preds/XMAiNframe-instruct-7b/instruct/task_func_19/task_func_19.cbl:22: note: unknown statement '01'
/home/projadmin/CobolEval/FrameWork/evaluation/preds/XMAiNframe-instruct-7b/instruct/task_func_19/task_func_19.cbl:23: error: syntax error, unexpected Identifier, expecting SECTION or .
   21 |     05 SORTED-SALARY PIC 9(6) OCCURS 100 TIMES INDEXED BY J.
   22 | 01 TOTAL-SALARY PIC 9(7) VALUE ZERO.
   23 > 01 MEAN-SALARY PIC 9(6)V99.
   24 | 01 MEDIAN-SALARY PIC 9(6).
   25 | 01 STANDARD-DEVIATION PIC 9(6)V99.
/home/projadmin/CobolEval/FrameWork/evaluation/preds/XMAiNframe-instruct-7b/instruct/task_func_19/task_func_19.cbl:23: note: unknown statement '01'
/home/projadmin/CobolEval/FrameWork/evaluation/preds/XMAiNframe-instruct-7b/instruct/task_func_19/task_func_19.cbl:24: error: syntax error, unexpected Identifier, expecting SECTION or .
   22 | 01 TOTAL-SALARY PIC 9(7) VALUE ZERO.
   23 | 01 MEAN-SALARY PIC 9(6)V99.
   24 > 01 MEDIAN-SALARY PIC 9(6).
   25 | 01 STANDARD-DEVIATION PIC 9(6)V99.
   26 | 01 TEMP-VAR PIC 9(6)V99.
/home/projadmin/CobolEval/FrameWork/evaluation/preds/XMAiNframe-instruct-7b/instruct/task_func_19/task_func_19.cbl:24: note: unknown statement '01'
/home/projadmin/CobolEval/FrameWork/evaluation/preds/XMAiNframe-instruct-7b/instruct/task_func_19/task_func_19.cbl:25: error: syntax error, unexpected Identifier, expecting SECTION or .
   23 | 01 MEAN-SALARY PIC 9(6)V99.
   24 | 01 MEDIAN-SALARY PIC 9(6).
   25 > 01 STANDARD-DEVIATION PIC 9(6)V99.
   26 | 01 TEMP-VAR PIC 9(6)V99.
   27 | PROCEDURE DIVISION.
/home/projadmin/CobolEval/FrameWork/evaluation/preds/XMAiNframe-instruct-7b/instruct/task_func_19/task_func_19.cbl:25: note: unknown statement '01'
/home/projadmin/CobolEval/FrameWork/evaluation/preds/XMAiNframe-instruct-7b/instruct/task_func_19/task_func_19.cbl:26: error: syntax error, unexpected Identifier, expecting SECTION or .
   24 | 01 MEDIAN-SALARY PIC 9(6).
   25 | 01 STANDARD-DEVIATION PIC 9(6)V99.
   26 > 01 TEMP-VAR PIC 9(6)V99.
   27 | PROCEDURE DIVISION.
   28 | MAIN-LOGIC.
/home/projadmin/CobolEval/FrameWork/evaluation/preds/XMAiNframe-instruct-7b/instruct/task_func_19/task_func_19.cbl:26: note: unknown statement '01'
/home/projadmin/CobolEval/FrameWork/evaluation/preds/XMAiNframe-instruct-7b/instruct/task_func_19/task_func_19.cbl:27: error: syntax error, unexpected PROCEDURE
   25 | 01 STANDARD-DEVIATION PIC 9(6)V99.
   26 | 01 TEMP-VAR PIC 9(6)V99.
   27 > PROCEDURE DIVISION.
   28 | MAIN-LOGIC.
   29 |     OPEN INPUT INPUT-FILE.
/home/projadmin/CobolEval/FrameWork/evaluation/preds/XMAiNframe-instruct-7b/instruct/task_func_19/task_func_19.cbl: in paragraph 'MAIN-LOGIC':
/home/projadmin/CobolEval/FrameWork/evaluation/preds/XMAiNframe-instruct-7b/instruct/task_func_19/task_func_19.cbl:30: error: 'EMPLOYEE-RECORD' is not defined
   28 | MAIN-LOGIC.
   29 |     OPEN INPUT INPUT-FILE.
   30 >     READ INPUT-FILE INTO EMPLOYEE-RECORD.
   31 |     PERFORM UNTIL FILE-EOF
   32 |         ADD EMPLOYEE-SALARY TO TOTAL-SALARY
/home/projadmin/CobolEval/FrameWork/evaluation/preds/XMAiNframe-instruct-7b/instruct/task_func_19/task_func_19.cbl:31: error: 'FILE-EOF' is not defined
   29 |     OPEN INPUT INPUT-FILE.
   30 |     READ INPUT-FILE INTO EMPLOYEE-RECORD.
   31 >     PERFORM UNTIL FILE-EOF
   32 |         ADD EMPLOYEE-SALARY TO TOTAL-SALARY
   33 |         MOVE EMPLOYEE-SALARY TO SALARY(I)
/home/projadmin/CobolEval/FrameWork/evaluation/preds/XMAiNframe-instruct-7b/instruct/task_func_19/task_func_19.cbl:32: error: 'EMPLOYEE-SALARY' is not defined
   30 |     READ INPUT-FILE INTO EMPLOYEE-RECORD.
   31 |     PERFORM UNTIL FILE-EOF
   32 >         ADD EMPLOYEE-SALARY TO TOTAL-SALARY
   33 |         MOVE EMPLOYEE-SALARY TO SALARY(I)
   34 |         READ INPUT-FILE INTO EMPLOYEE-RECORD
/home/projadmin/CobolEval/FrameWork/evaluation/preds/XMAiNframe-instruct-7b/instruct/task_func_19/task_func_19.cbl:32: error: 'TOTAL-SALARY' is not defined
/home/projadmin/CobolEval/FrameWork/evaluation/preds/XMAiNframe-instruct-7b/instruct/task_func_19/task_func_19.cbl:33: error: 'I' is not defined
   31 |     PERFORM UNTIL FILE-EOF
   32 |         ADD EMPLOYEE-SALARY TO TOTAL-SALARY
   33 >         MOVE EMPLOYEE-SALARY TO SALARY(I)
   34 |         READ INPUT-FILE INTO EMPLOYEE-RECORD
   35 |         SET I UP BY 1
/home/projadmin/CobolEval/FrameWork/evaluation/preds/XMAiNframe-instruct-7b/instruct/task_func_19/task_func_19.cbl:33: error: 'SALARY' is not defined
/home/projadmin/CobolEval/FrameWork/evaluation/preds/XMAiNframe-instruct-7b/instruct/task_func_19/task_func_19.cbl:38: error: syntax error, unexpected /, expecting TO
   36 |     END-PERFORM.
   37 |     CLOSE INPUT-FILE.
   38 > MOVE TOTAL-SALARY / I TO MEAN-SALARY.
   39 | SORT SORTED-SALARY-ARRAY ON ASCENDING KEY SORTED-SALARY.
   40 | IF I IS POSITIVE AND FUNCTION REM(I, 2) = 1 THEN
/home/projadmin/CobolEval/FrameWork/evaluation/preds/XMAiNframe-instruct-7b/instruct/task_func_19/task_func_19.cbl:39: error: 'SORTED-SALARY-ARRAY' is not defined
   37 |     CLOSE INPUT-FILE.
   38 | MOVE TOTAL-SALARY / I TO MEAN-SALARY.
   39 > SORT SORTED-SALARY-ARRAY ON ASCENDING KEY SORTED-SALARY.
   40 | IF I IS POSITIVE AND FUNCTION REM(I, 2) = 1 THEN
   41 |     MOVE SORTED-SALARY(I / 2 + 1) TO MEDIAN-SALARY
/home/projadmin/CobolEval/FrameWork/evaluation/preds/XMAiNframe-instruct-7b/instruct/task_func_19/task_func_19.cbl:41: error: 'SORTED-SALARY' is not defined
   39 | SORT SORTED-SALARY-ARRAY ON ASCENDING KEY SORTED-SALARY.
   40 | IF I IS POSITIVE AND FUNCTION REM(I, 2) = 1 THEN
   41 >     MOVE SORTED-SALARY(I / 2 + 1) TO MEDIAN-SALARY
   42 | ELSE
   43 |     DIVIDE I BY 2 GIVING J
/home/projadmin/CobolEval/FrameWork/evaluation/preds/XMAiNframe-instruct-7b/instruct/task_func_19/task_func_19.cbl:41: error: 'MEDIAN-SALARY' is not defined
/home/projadmin/CobolEval/FrameWork/evaluation/preds/XMAiNframe-instruct-7b/instruct/task_func_19/task_func_19.cbl:43: error: 'J' is not defined
   41 |     MOVE SORTED-SALARY(I / 2 + 1) TO MEDIAN-SALARY
   42 | ELSE
   43 >     DIVIDE I BY 2 GIVING J
   44 |     COMPUTE MEDIAN-SALARY = (SORTED-SALARY(J) + SORTED-SALARY(J + 1)) / 2
   45 | END-IF.
/home/projadmin/CobolEval/FrameWork/evaluation/preds/XMAiNframe-instruct-7b/instruct/task_func_19/task_func_19.cbl:48: error: 'TEMP-VAR' is not defined
   46 | SET I TO 1.
   47 | PERFORM UNTIL I > 100
   48 >     COMPUTE TEMP-VAR = SORTED-SALARY(I) - MEAN-SALARY
   49 |     MULTIPLY TEMP-VAR BY TEMP-VAR GIVING TEMP-VAR
   50 |     ADD TEMP-VAR TO STANDARD-DEVIATION
/home/projadmin/CobolEval/FrameWork/evaluation/preds/XMAiNframe-instruct-7b/instruct/task_func_19/task_func_19.cbl:48: error: 'MEAN-SALARY' is not defined
/home/projadmin/CobolEval/FrameWork/evaluation/preds/XMAiNframe-instruct-7b/instruct/task_func_19/task_func_19.cbl:50: error: 'STANDARD-DEVIATION' is not defined
   48 |     COMPUTE TEMP-VAR = SORTED-SALARY(I) - MEAN-SALARY
   49 |     MULTIPLY TEMP-VAR BY TEMP-VAR GIVING TEMP-VAR
   50 >     ADD TEMP-VAR TO STANDARD-DEVIATION
   51 |     SET I UP BY 1
   52 | END-PERFORM.
/home/projadmin/CobolEval/FrameWork/evaluation/preds/XMAiNframe-instruct-7b/instruct/task_func_19/task_func_19.cbl:53: error: FUNCTION 'SQRT' has invalid argument
   51 |     SET I UP BY 1
   52 | END-PERFORM.
   53 > COMPUTE STANDARD-DEVIATION = FUNCTION SQRT(STANDARD-DEVIATION / 100).
   54 | OPEN OUTPUT OUTPUT-FILE.
   55 | WRITE OUTPUT-RECORD FROM 'Mean Salary: '.
/home/projadmin/CobolEval/FrameWork/evaluation/preds/XMAiNframe-instruct-7b/instruct/task_func_19/task_func_19.cbl:54: error: 'OUTPUT-FILE' is not defined
   52 | END-PERFORM.
   53 | COMPUTE STANDARD-DEVIATION = FUNCTION SQRT(STANDARD-DEVIATION / 100).
   54 > OPEN OUTPUT OUTPUT-FILE.
   55 | WRITE OUTPUT-RECORD FROM 'Mean Salary: '.
   56 | WRITE OUTPUT-RECORD FROM MEAN-SALARY.
/home/projadmin/CobolEval/FrameWork/evaluation/preds/XMAiNframe-instruct-7b/instruct/task_func_19/task_func_19.cbl:54: error: 'OUTPUT-FILE' is not a file name
/home/projadmin/CobolEval/FrameWork/evaluation/preds/XMAiNframe-instruct-7b/instruct/task_func_19/task_func_19.cbl:55: error: 'OUTPUT-RECORD' is not defined
   53 | COMPUTE STANDARD-DEVIATION = FUNCTION SQRT(STANDARD-DEVIATION / 100).
   54 | OPEN OUTPUT OUTPUT-FILE.
   55 > WRITE OUTPUT-RECORD FROM 'Mean Salary: '.
   56 | WRITE OUTPUT-RECORD FROM MEAN-SALARY.
   57 | WRITE OUTPUT-RECORD FROM 'Median Salary: '.
/home/projadmin/CobolEval/FrameWork/evaluation/preds/XMAiNframe-instruct-7b/instruct/task_func_19/task_func_19.cbl:61: error: 'OUTPUT-FILE' is not a file name
   59 | WRITE OUTPUT-RECORD FROM 'Standard Deviation: '.
   60 | WRITE OUTPUT-RECORD FROM STANDARD-DEVIATION.
   61 > CLOSE OUTPUT-FILE.
   62 | STOP RUN.
   63 | <EOF>

2025-05-20 22:20:53.685 | WARNING  | utils:cmd:36 - Return code: 1
2025-05-20 22:20:53.685 | ERROR    | __main__:compile:227 - Compilation failed for task_func_19
2025-05-20 22:20:53.686 | INFO     | __main__:compile:156 - Processing program 19/46: task_func_20
2025-05-20 22:20:53.686 | INFO     | __main__:compile:165 - Code Similarity score started
2025-05-20 22:20:53.686 | INFO     | __main__:compile:177 - Compilation started
2025-05-20 22:20:53.686 | INFO     | __main__:compile:190 - compiling task_func_20
2025-05-20 22:20:53.709 | WARNING  | utils:cmd:35 - Err: /home/projadmin/CobolEval/FrameWork/evaluation/preds/XMAiNframe-instruct-7b/instruct/task_func_20/task_func_20.cbl:4: error: invalid indicator 's' at column 7
    2 | 
    3 | Code:
    4 > <|assistant|>
    5 | IDENTIFICATION DIVISION.
    6 | PROGRAM-ID. CALCULATE-LOAN.
/home/projadmin/CobolEval/FrameWork/evaluation/preds/XMAiNframe-instruct-7b/instruct/task_func_20/task_func_20.cbl:5: error: invalid indicator 'F' at column 7
    3 | Code:
    4 | <|assistant|>
    5 > IDENTIFICATION DIVISION.
    6 | PROGRAM-ID. CALCULATE-LOAN.
    7 | 
/home/projadmin/CobolEval/FrameWork/evaluation/preds/XMAiNframe-instruct-7b/instruct/task_func_20/task_func_20.cbl:6: error: invalid indicator 'M' at column 7
    4 | <|assistant|>
    5 | IDENTIFICATION DIVISION.
    6 > PROGRAM-ID. CALCULATE-LOAN.
    7 | 
    8 | ENVIRONMENT DIVISION.
/home/projadmin/CobolEval/FrameWork/evaluation/preds/XMAiNframe-instruct-7b/instruct/task_func_20/task_func_20.cbl:8: error: invalid indicator 'N' at column 7
    6 | PROGRAM-ID. CALCULATE-LOAN.
    7 | 
    8 > ENVIRONMENT DIVISION.
    9 | INPUT-OUTPUT SECTION.
   10 | FILE-CONTROL.
/home/projadmin/CobolEval/FrameWork/evaluation/preds/XMAiNframe-instruct-7b/instruct/task_func_20/task_func_20.cbl:9: error: invalid indicator 'O' at column 7
    7 | 
    8 | ENVIRONMENT DIVISION.
    9 > INPUT-OUTPUT SECTION.
   10 | FILE-CONTROL.
   11 |     SELECT INPUT-FILE ASSIGN TO 'input.txt'.
/home/projadmin/CobolEval/FrameWork/evaluation/preds/XMAiNframe-instruct-7b/instruct/task_func_20/task_func_20.cbl:10: error: invalid indicator 'O' at column 7
    8 | ENVIRONMENT DIVISION.
    9 | INPUT-OUTPUT SECTION.
   10 > FILE-CONTROL.
   11 |     SELECT INPUT-FILE ASSIGN TO 'input.txt'.
   12 |     SELECT OUTPUT-FILE ASSIGN TO 'output.txt'.
/home/projadmin/CobolEval/FrameWork/evaluation/preds/XMAiNframe-instruct-7b/instruct/task_func_20/task_func_20.cbl:11: error: invalid indicator 'L' at column 7
    9 | INPUT-OUTPUT SECTION.
   10 | FILE-CONTROL.
   11 >     SELECT INPUT-FILE ASSIGN TO 'input.txt'.
   12 |     SELECT OUTPUT-FILE ASSIGN TO 'output.txt'.
   13 | 
/home/projadmin/CobolEval/FrameWork/evaluation/preds/XMAiNframe-instruct-7b/instruct/task_func_20/task_func_20.cbl:12: error: invalid indicator 'L' at column 7
   10 | FILE-CONTROL.
   11 |     SELECT INPUT-FILE ASSIGN TO 'input.txt'.
   12 >     SELECT OUTPUT-FILE ASSIGN TO 'output.txt'.
   13 | 
   14 | DATA DIVISION.
/home/projadmin/CobolEval/FrameWork/evaluation/preds/XMAiNframe-instruct-7b/instruct/task_func_20/task_func_20.cbl:14: error: invalid indicator 'I' at column 7
   12 |     SELECT OUTPUT-FILE ASSIGN TO 'output.txt'.
   13 | 
   14 > DATA DIVISION.
   15 | FILE SECTION.
   16 | FD INPUT-FILE.
/home/projadmin/CobolEval/FrameWork/evaluation/preds/XMAiNframe-instruct-7b/instruct/task_func_20/task_func_20.cbl:15: error: invalid indicator 'E' at column 7
   13 | 
   14 | DATA DIVISION.
   15 > FILE SECTION.
   16 | FD INPUT-FILE.
   17 | 01 INPUT-RECORD.
/home/projadmin/CobolEval/FrameWork/evaluation/preds/XMAiNframe-instruct-7b/instruct/task_func_20/task_func_20.cbl:16: error: invalid indicator 'U' at column 7
   14 | DATA DIVISION.
   15 | FILE SECTION.
   16 > FD INPUT-FILE.
   17 | 01 INPUT-RECORD.
   18 |     05 CUSTOMER-NAME PIC X(20).
/home/projadmin/CobolEval/FrameWork/evaluation/preds/XMAiNframe-instruct-7b/instruct/task_func_20/task_func_20.cbl:17: error: invalid indicator 'U' at column 7
   15 | FILE SECTION.
   16 | FD INPUT-FILE.
   17 > 01 INPUT-RECORD.
   18 |     05 CUSTOMER-NAME PIC X(20).
   19 |     05 CUSTOMER-AGE PIC 99.
/home/projadmin/CobolEval/FrameWork/evaluation/preds/XMAiNframe-instruct-7b/instruct/task_func_20/task_func_20.cbl:23: error: invalid indicator 'P' at column 7
   21 |     05 CREDIT-SCORE PIC 999.
   22 | 
   23 > FD OUTPUT-FILE.
   24 | 01 OUTPUT-RECORD.
   25 |     05 CUSTOMER-NAME PIC X(20).
/home/projadmin/CobolEval/FrameWork/evaluation/preds/XMAiNframe-instruct-7b/instruct/task_func_20/task_func_20.cbl:24: error: invalid indicator 'P' at column 7
   22 | 
   23 | FD OUTPUT-FILE.
   24 > 01 OUTPUT-RECORD.
   25 |     05 CUSTOMER-NAME PIC X(20).
   26 |     05 MAX-LOAN-AMOUNT PIC 9(8)V99.
/home/projadmin/CobolEval/FrameWork/evaluation/preds/XMAiNframe-instruct-7b/instruct/task_func_20/task_func_20.cbl:28: error: invalid indicator 'G' at column 7
   26 |     05 MAX-LOAN-AMOUNT PIC 9(8)V99.
   27 | 
   28 > WORKING-STORAGE SECTION.
   29 | 01 WS-LOAN-AMOUNT PIC 9(8)V99 COMP.
   30 | 01 WS-AGE-FACTOR PIC 9V99 COMP.
/home/projadmin/CobolEval/FrameWork/evaluation/preds/XMAiNframe-instruct-7b/instruct/task_func_20/task_func_20.cbl:29: error: invalid indicator 'L' at column 7
   27 | 
   28 | WORKING-STORAGE SECTION.
   29 > 01 WS-LOAN-AMOUNT PIC 9(8)V99 COMP.
   30 | 01 WS-AGE-FACTOR PIC 9V99 COMP.
   31 | 01 WS-CREDIT-SCORE-FACTOR PIC 9V99 COMP.
/home/projadmin/CobolEval/FrameWork/evaluation/preds/XMAiNframe-instruct-7b/instruct/task_func_20/task_func_20.cbl:30: error: invalid indicator 'A' at column 7
   28 | WORKING-STORAGE SECTION.
   29 | 01 WS-LOAN-AMOUNT PIC 9(8)V99 COMP.
   30 > 01 WS-AGE-FACTOR PIC 9V99 COMP.
   31 | 01 WS-CREDIT-SCORE-FACTOR PIC 9V99 COMP.
   32 | 
/home/projadmin/CobolEval/FrameWork/evaluation/preds/XMAiNframe-instruct-7b/instruct/task_func_20/task_func_20.cbl:31: error: invalid indicator 'C' at column 7
   29 | 01 WS-LOAN-AMOUNT PIC 9(8)V99 COMP.
   30 | 01 WS-AGE-FACTOR PIC 9V99 COMP.
   31 > 01 WS-CREDIT-SCORE-FACTOR PIC 9V99 COMP.
   32 | 
   33 | PROCEDURE DIVISION.
/home/projadmin/CobolEval/FrameWork/evaluation/preds/XMAiNframe-instruct-7b/instruct/task_func_20/task_func_20.cbl:33: error: invalid indicator 'U' at column 7
   31 | 01 WS-CREDIT-SCORE-FACTOR PIC 9V99 COMP.
   32 | 
   33 > PROCEDURE DIVISION.
   34 | MAIN-LOGIC.
   35 |     OPEN INPUT INPUT-FILE.
/home/projadmin/CobolEval/FrameWork/evaluation/preds/XMAiNframe-instruct-7b/instruct/task_func_20/task_func_20.cbl:34: error: invalid indicator 'O' at column 7
   32 | 
   33 | PROCEDURE DIVISION.
   34 > MAIN-LOGIC.
   35 |     OPEN INPUT INPUT-FILE.
   36 |     OPEN OUTPUT OUTPUT-FILE.
/home/projadmin/CobolEval/FrameWork/evaluation/preds/XMAiNframe-instruct-7b/instruct/task_func_20/task_func_20.cbl:35: error: invalid indicator 'E' at column 7
   33 | PROCEDURE DIVISION.
   34 | MAIN-LOGIC.
   35 >     OPEN INPUT INPUT-FILE.
   36 |     OPEN OUTPUT OUTPUT-FILE.
   37 | 
/home/projadmin/CobolEval/FrameWork/evaluation/preds/XMAiNframe-instruct-7b/instruct/task_func_20/task_func_20.cbl:36: error: invalid indicator 'E' at column 7
   34 | MAIN-LOGIC.
   35 |     OPEN INPUT INPUT-FILE.
   36 >     OPEN OUTPUT OUTPUT-FILE.
   37 | 
   38 |     READ INPUT-FILE INTO INPUT-RECORD.
/home/projadmin/CobolEval/FrameWork/evaluation/preds/XMAiNframe-instruct-7b/instruct/task_func_20/task_func_20.cbl:38: error: invalid indicator 'A' at column 7
   36 |     OPEN OUTPUT OUTPUT-FILE.
   37 | 
   38 >     READ INPUT-FILE INTO INPUT-RECORD.
   39 |     PERFORM PROCESS-CUSTOMER THRU PROCESS-CUSTOMER-X
   40 |         UNTIL FILE-EOF.
/home/projadmin/CobolEval/FrameWork/evaluation/preds/XMAiNframe-instruct-7b/instruct/task_func_20/task_func_20.cbl:39: error: invalid indicator 'R' at column 7
   37 | 
   38 |     READ INPUT-FILE INTO INPUT-RECORD.
   39 >     PERFORM PROCESS-CUSTOMER THRU PROCESS-CUSTOMER-X
   40 |         UNTIL FILE-EOF.
   41 | 
/home/projadmin/CobolEval/FrameWork/evaluation/preds/XMAiNframe-instruct-7b/instruct/task_func_20/task_func_20.cbl:42: error: invalid indicator 'O' at column 7
   40 |         UNTIL FILE-EOF.
   41 | 
   42 >     CLOSE INPUT-FILE.
   43 |     CLOSE OUTPUT-FILE.
   44 | 
/home/projadmin/CobolEval/FrameWork/evaluation/preds/XMAiNframe-instruct-7b/instruct/task_func_20/task_func_20.cbl:43: error: invalid indicator 'O' at column 7
   41 | 
   42 |     CLOSE INPUT-FILE.
   43 >     CLOSE OUTPUT-FILE.
   44 | 
   45 |     STOP RUN.
/home/projadmin/CobolEval/FrameWork/evaluation/preds/XMAiNframe-instruct-7b/instruct/task_func_20/task_func_20.cbl:45: error: invalid indicator 'O' at column 7
   43 |     CLOSE OUTPUT-FILE.
   44 | 
   45 >     STOP RUN.
   46 | 
   47 | PROCESS-CUSTOMER.
/home/projadmin/CobolEval/FrameWork/evaluation/preds/XMAiNframe-instruct-7b/instruct/task_func_20/task_func_20.cbl:47: error: invalid indicator 'S' at column 7
   45 |     STOP RUN.
   46 | 
   47 > PROCESS-CUSTOMER.
   48 |     COMPUTE WS-LOAN-AMOUNT = 4 * ANNUAL-SALARY.
   49 | 
/home/projadmin/CobolEval/FrameWork/evaluation/preds/XMAiNframe-instruct-7b/instruct/task_func_20/task_func_20.cbl:48: error: invalid indicator 'M' at column 7
   46 | 
   47 | PROCESS-CUSTOMER.
   48 >     COMPUTE WS-LOAN-AMOUNT = 4 * ANNUAL-SALARY.
   49 | 
   50 |     EVALUATE TRUE
/home/projadmin/CobolEval/FrameWork/evaluation/preds/XMAiNframe-instruct-7b/instruct/task_func_20/task_func_20.cbl:50: error: invalid indicator 'A' at column 7
   48 |     COMPUTE WS-LOAN-AMOUNT = 4 * ANNUAL-SALARY.
   49 | 
   50 >     EVALUATE TRUE
   51 |         WHEN CUSTOMER-AGE <= 30
   52 |             MOVE 1.0 TO WS-AGE-FACTOR
/home/projadmin/CobolEval/FrameWork/evaluation/preds/XMAiNframe-instruct-7b/instruct/task_func_20/task_func_20.cbl:61: error: invalid indicator 'A' at column 7
   59 |     END-EVALUATE.
   60 | 
   61 >     EVALUATE TRUE
   62 |         WHEN CREDIT-SCORE >= 750
   63 |             MOVE 1.3 TO WS-CREDIT-SCORE-FACTOR
/home/projadmin/CobolEval/FrameWork/evaluation/preds/XMAiNframe-instruct-7b/instruct/task_func_20/task_func_20.cbl:72: error: invalid indicator 'L' at column 7
   70 |     END-EVALUATE.
   71 | 
   72 >     MULTIPLY WS-LOAN-AMOUNT BY WS-AGE-FACTOR GIVING WS-LOAN-AMOUNT.
   73 |     MULTIPLY WS-LOAN-AMOUNT BY WS-CREDIT-SCORE-FACTOR GIVING WS-LOAN-AMOU..
   74 | 
/home/projadmin/CobolEval/FrameWork/evaluation/preds/XMAiNframe-instruct-7b/instruct/task_func_20/task_func_20.cbl:73: error: invalid indicator 'L' at column 7
   71 | 
   72 |     MULTIPLY WS-LOAN-AMOUNT BY WS-AGE-FACTOR GIVING WS-LOAN-AMOUNT.
   73 >     MULTIPLY WS-LOAN-AMOUNT BY WS-CREDIT-SCORE-FACTOR GIVING WS-LOAN-AMOU..
   74 | 
   75 |     MOVE CUSTOMER-NAME TO CUSTOMER-NAME OF OUTPUT-RECORD.
/home/projadmin/CobolEval/FrameWork/evaluation/preds/XMAiNframe-instruct-7b/instruct/task_func_20/task_func_20.cbl:75: error: invalid indicator 'V' at column 7
   73 |     MULTIPLY WS-LOAN-AMOUNT BY WS-CREDIT-SCORE-FACTOR GIVING WS-LOAN-AMOU..
   74 | 
   75 >     MOVE CUSTOMER-NAME TO CUSTOMER-NAME OF OUTPUT-RECORD.
   76 |     MOVE WS-LOAN-AMOUNT TO MAX-LOAN-AMOUNT OF OUTPUT-RECORD.
   77 | 
/home/projadmin/CobolEval/FrameWork/evaluation/preds/XMAiNframe-instruct-7b/instruct/task_func_20/task_func_20.cbl:76: error: invalid indicator 'V' at column 7
   74 | 
   75 |     MOVE CUSTOMER-NAME TO CUSTOMER-NAME OF OUTPUT-RECORD.
   76 >     MOVE WS-LOAN-AMOUNT TO MAX-LOAN-AMOUNT OF OUTPUT-RECORD.
   77 | 
   78 |     WRITE OUTPUT-RECORD.
/home/projadmin/CobolEval/FrameWork/evaluation/preds/XMAiNframe-instruct-7b/instruct/task_func_20/task_func_20.cbl:78: error: invalid indicator 'I' at column 7
   76 |     MOVE WS-LOAN-AMOUNT TO MAX-LOAN-AMOUNT OF OUTPUT-RECORD.
   77 | 
   78 >     WRITE OUTPUT-RECORD.
   79 | 
   80 |     READ INPUT-FILE INTO INPUT-RECORD.
/home/projadmin/CobolEval/FrameWork/evaluation/preds/XMAiNframe-instruct-7b/instruct/task_func_20/task_func_20.cbl:80: error: invalid indicator 'A' at column 7
   78 |     WRITE OUTPUT-RECORD.
   79 | 
   80 >     READ INPUT-FILE INTO INPUT-RECORD.
   81 | 
   82 | PROCESS-CUSTOMER-X.
/home/projadmin/CobolEval/FrameWork/evaluation/preds/XMAiNframe-instruct-7b/instruct/task_func_20/task_func_20.cbl:82: error: invalid indicator 'S' at column 7
   80 |     READ INPUT-FILE INTO INPUT-RECORD.
   81 | 
   82 > PROCESS-CUSTOMER-X.
   83 |     EXIT.<EOF>
/home/projadmin/CobolEval/FrameWork/evaluation/preds/XMAiNframe-instruct-7b/instruct/task_func_20/task_func_20.cbl:83: warning: line not terminated by a newline [-Wmissing-newline]
   81 | 
   82 | PROCESS-CUSTOMER-X.
   83 >     EXIT.<EOF>
/home/projadmin/CobolEval/FrameWork/evaluation/preds/XMAiNframe-instruct-7b/instruct/task_func_20/task_func_20.cbl:83: error: invalid indicator 'I' at column 7
/home/projadmin/CobolEval/FrameWork/evaluation/preds/XMAiNframe-instruct-7b/instruct/task_func_20/task_func_20.cbl:1: error: PROGRAM-ID header missing
    1 > ically valid.
    2 | 
    3 | Code:
/home/projadmin/CobolEval/FrameWork/evaluation/preds/XMAiNframe-instruct-7b/instruct/task_func_20/task_func_20.cbl:1: error: PROCEDURE DIVISION header missing
/home/projadmin/CobolEval/FrameWork/evaluation/preds/XMAiNframe-instruct-7b/instruct/task_func_20/task_func_20.cbl:1: error: syntax error, unexpected VALID
/home/projadmin/CobolEval/FrameWork/evaluation/preds/XMAiNframe-instruct-7b/instruct/task_func_20/task_func_20.cbl:18: error: syntax error, unexpected PICTURE, expecting SECTION or .
   16 | FD INPUT-FILE.
   17 | 01 INPUT-RECORD.
   18 >     05 CUSTOMER-NAME PIC X(20).
   19 |     05 CUSTOMER-AGE PIC 99.
   20 |     05 ANNUAL-SALARY PIC 9(6).
/home/projadmin/CobolEval/FrameWork/evaluation/preds/XMAiNframe-instruct-7b/instruct/task_func_20/task_func_20.cbl:18: note: unknown statement 'CUSTOMER-NAME'
/home/projadmin/CobolEval/FrameWork/evaluation/preds/XMAiNframe-instruct-7b/instruct/task_func_20/task_func_20.cbl:19: error: syntax error, unexpected PICTURE, expecting SECTION or .
   17 | 01 INPUT-RECORD.
   18 |     05 CUSTOMER-NAME PIC X(20).
   19 >     05 CUSTOMER-AGE PIC 99.
   20 |     05 ANNUAL-SALARY PIC 9(6).
   21 |     05 CREDIT-SCORE PIC 999.
/home/projadmin/CobolEval/FrameWork/evaluation/preds/XMAiNframe-instruct-7b/instruct/task_func_20/task_func_20.cbl:19: note: unknown statement 'CUSTOMER-AGE'
/home/projadmin/CobolEval/FrameWork/evaluation/preds/XMAiNframe-instruct-7b/instruct/task_func_20/task_func_20.cbl:20: error: syntax error, unexpected PICTURE, expecting SECTION or .
   18 |     05 CUSTOMER-NAME PIC X(20).
   19 |     05 CUSTOMER-AGE PIC 99.
   20 >     05 ANNUAL-SALARY PIC 9(6).
   21 |     05 CREDIT-SCORE PIC 999.
   22 | 
/home/projadmin/CobolEval/FrameWork/evaluation/preds/XMAiNframe-instruct-7b/instruct/task_func_20/task_func_20.cbl:20: note: unknown statement 'ANNUAL-SALARY'
/home/projadmin/CobolEval/FrameWork/evaluation/preds/XMAiNframe-instruct-7b/instruct/task_func_20/task_func_20.cbl:21: error: syntax error, unexpected PICTURE, expecting SECTION or .
   19 |     05 CUSTOMER-AGE PIC 99.
   20 |     05 ANNUAL-SALARY PIC 9(6).
   21 >     05 CREDIT-SCORE PIC 999.
   22 | 
   23 | FD OUTPUT-FILE.
/home/projadmin/CobolEval/FrameWork/evaluation/preds/XMAiNframe-instruct-7b/instruct/task_func_20/task_func_20.cbl:21: note: unknown statement 'CREDIT-SCORE'
/home/projadmin/CobolEval/FrameWork/evaluation/preds/XMAiNframe-instruct-7b/instruct/task_func_20/task_func_20.cbl:25: error: syntax error, unexpected PICTURE, expecting SECTION or .
   23 | FD OUTPUT-FILE.
   24 | 01 OUTPUT-RECORD.
   25 >     05 CUSTOMER-NAME PIC X(20).
   26 |     05 MAX-LOAN-AMOUNT PIC 9(8)V99.
   27 | 
/home/projadmin/CobolEval/FrameWork/evaluation/preds/XMAiNframe-instruct-7b/instruct/task_func_20/task_func_20.cbl:25: note: unknown statement 'CUSTOMER-NAME'
/home/projadmin/CobolEval/FrameWork/evaluation/preds/XMAiNframe-instruct-7b/instruct/task_func_20/task_func_20.cbl:26: error: syntax error, unexpected PICTURE, expecting SECTION or .
   24 | 01 OUTPUT-RECORD.
   25 |     05 CUSTOMER-NAME PIC X(20).
   26 >     05 MAX-LOAN-AMOUNT PIC 9(8)V99.
   27 | 
   28 | WORKING-STORAGE SECTION.
/home/projadmin/CobolEval/FrameWork/evaluation/preds/XMAiNframe-instruct-7b/instruct/task_func_20/task_func_20.cbl:26: note: unknown statement 'MAX-LOAN-AMOUNT'
/home/projadmin/CobolEval/FrameWork/evaluation/preds/XMAiNframe-instruct-7b/instruct/task_func_20/task_func_20.cbl:40: error: syntax error, unexpected UNTIL
   38 |     READ INPUT-FILE INTO INPUT-RECORD.
   39 |     PERFORM PROCESS-CUSTOMER THRU PROCESS-CUSTOMER-X
   40 >         UNTIL FILE-EOF.
   41 | 
   42 |     CLOSE INPUT-FILE.
/home/projadmin/CobolEval/FrameWork/evaluation/preds/XMAiNframe-instruct-7b/instruct/task_func_20/task_func_20.cbl:51: error: syntax error, unexpected WHEN
   49 | 
   50 |     EVALUATE TRUE
   51 >         WHEN CUSTOMER-AGE <= 30
   52 |             MOVE 1.0 TO WS-AGE-FACTOR
   53 |         WHEN CUSTOMER-AGE > 30 AND CUSTOMER-AGE <= 40
/home/projadmin/CobolEval/FrameWork/evaluation/preds/XMAiNframe-instruct-7b/instruct/task_func_20/task_func_20.cbl:52: error: 'WS-AGE-FACTOR' is not defined
   50 |     EVALUATE TRUE
   51 |         WHEN CUSTOMER-AGE <= 30
   52 >             MOVE 1.0 TO WS-AGE-FACTOR
   53 |         WHEN CUSTOMER-AGE > 30 AND CUSTOMER-AGE <= 40
   54 |             MOVE 1.2 TO WS-AGE-FACTOR
/home/projadmin/CobolEval/FrameWork/evaluation/preds/XMAiNframe-instruct-7b/instruct/task_func_20/task_func_20.cbl:53: error: syntax error, unexpected WHEN
   51 |         WHEN CUSTOMER-AGE <= 30
   52 |             MOVE 1.0 TO WS-AGE-FACTOR
   53 >         WHEN CUSTOMER-AGE > 30 AND CUSTOMER-AGE <= 40
   54 |             MOVE 1.2 TO WS-AGE-FACTOR
   55 |         WHEN CUSTOMER-AGE > 41 AND CUSTOMER-AGE <= 50
/home/projadmin/CobolEval/FrameWork/evaluation/preds/XMAiNframe-instruct-7b/instruct/task_func_20/task_func_20.cbl:55: error: syntax error, unexpected WHEN
   53 |         WHEN CUSTOMER-AGE > 30 AND CUSTOMER-AGE <= 40
   54 |             MOVE 1.2 TO WS-AGE-FACTOR
   55 >         WHEN CUSTOMER-AGE > 41 AND CUSTOMER-AGE <= 50
   56 |             MOVE 1.1 TO WS-AGE-FACTOR
   57 |         WHEN OTHER
/home/projadmin/CobolEval/FrameWork/evaluation/preds/XMAiNframe-instruct-7b/instruct/task_func_20/task_func_20.cbl:57: error: syntax error, unexpected WHEN
   55 |         WHEN CUSTOMER-AGE > 41 AND CUSTOMER-AGE <= 50
   56 |             MOVE 1.1 TO WS-AGE-FACTOR
   57 >         WHEN OTHER
   58 |             MOVE 0.9 TO WS-AGE-FACTOR
   59 |     END-EVALUATE.
/home/projadmin/CobolEval/FrameWork/evaluation/preds/XMAiNframe-instruct-7b/instruct/task_func_20/task_func_20.cbl:62: error: syntax error, unexpected WHEN
   60 | 
   61 |     EVALUATE TRUE
   62 >         WHEN CREDIT-SCORE >= 750
   63 |             MOVE 1.3 TO WS-CREDIT-SCORE-FACTOR
   64 |         WHEN CREDIT-SCORE < 750 AND CREDIT-SCORE >= 700
/home/projadmin/CobolEval/FrameWork/evaluation/preds/XMAiNframe-instruct-7b/instruct/task_func_20/task_func_20.cbl:63: error: 'WS-CREDIT-SCORE-FACTOR' is not defined
   61 |     EVALUATE TRUE
   62 |         WHEN CREDIT-SCORE >= 750
   63 >             MOVE 1.3 TO WS-CREDIT-SCORE-FACTOR
   64 |         WHEN CREDIT-SCORE < 750 AND CREDIT-SCORE >= 700
   65 |             MOVE 1.2 TO WS-CREDIT-SCORE-FACTOR
/home/projadmin/CobolEval/FrameWork/evaluation/preds/XMAiNframe-instruct-7b/instruct/task_func_20/task_func_20.cbl:64: error: syntax error, unexpected WHEN
   62 |         WHEN CREDIT-SCORE >= 750
   63 |             MOVE 1.3 TO WS-CREDIT-SCORE-FACTOR
   64 >         WHEN CREDIT-SCORE < 750 AND CREDIT-SCORE >= 700
   65 |             MOVE 1.2 TO WS-CREDIT-SCORE-FACTOR
   66 |         WHEN CREDIT-SCORE < 700 AND CREDIT-SCORE >= 650
/home/projadmin/CobolEval/FrameWork/evaluation/preds/XMAiNframe-instruct-7b/instruct/task_func_20/task_func_20.cbl:66: error: syntax error, unexpected WHEN
   64 |         WHEN CREDIT-SCORE < 750 AND CREDIT-SCORE >= 700
   65 |             MOVE 1.2 TO WS-CREDIT-SCORE-FACTOR
   66 >         WHEN CREDIT-SCORE < 700 AND CREDIT-SCORE >= 650
   67 |             MOVE 1.1 TO WS-CREDIT-SCORE-FACTOR
   68 |         WHEN OTHER
/home/projadmin/CobolEval/FrameWork/evaluation/preds/XMAiNframe-instruct-7b/instruct/task_func_20/task_func_20.cbl:68: error: syntax error, unexpected WHEN
   66 |         WHEN CREDIT-SCORE < 700 AND CREDIT-SCORE >= 650
   67 |             MOVE 1.1 TO WS-CREDIT-SCORE-FACTOR
   68 >         WHEN OTHER
   69 |             MOVE 1.0 TO WS-CREDIT-SCORE-FACTOR
   70 |     END-EVALUATE.
/home/projadmin/CobolEval/FrameWork/evaluation/preds/XMAiNframe-instruct-7b/instruct/task_func_20/task_func_20.cbl:84: warning: optional period used [-Wdialect]
   82 | PROCESS-CUSTOMER-X.
   83 |     EXIT.<EOF>

2025-05-20 22:20:53.710 | WARNING  | utils:cmd:36 - Return code: 1
2025-05-20 22:20:53.710 | ERROR    | __main__:compile:227 - Compilation failed for task_func_20
2025-05-20 22:20:53.710 | INFO     | __main__:compile:156 - Processing program 20/46: task_func_21
2025-05-20 22:20:53.710 | INFO     | __main__:compile:165 - Code Similarity score started
2025-05-20 22:20:53.710 | INFO     | __main__:compile:177 - Compilation started
2025-05-20 22:20:53.710 | INFO     | __main__:compile:190 - compiling task_func_21
2025-05-20 22:20:53.732 | WARNING  | utils:cmd:35 - Err: /home/projadmin/CobolEval/FrameWork/evaluation/preds/XMAiNframe-instruct-7b/instruct/task_func_21/task_func_21.cbl:1: note: free format detected
    1 > IDENTIFICATION DIVISION.
    2 | PROGRAM-ID. GENERATE-SALES-DATA.
    3 | ENVIRONMENT DIVISION.
/home/projadmin/CobolEval/FrameWork/evaluation/preds/XMAiNframe-instruct-7b/instruct/task_func_21/task_func_21.cbl:32: error: syntax error, unexpected DAY
   30 |         10 YEAR PIC 9(4).
   31 |         10 MONTH PIC 9(2).
   32 >         10 DAY PIC 9(2).
   33 |     05 CURRENT-TIME.
   34 |         10 HOUR PIC 9(2).

2025-05-20 22:20:53.732 | WARNING  | utils:cmd:36 - Return code: 1
2025-05-20 22:20:53.732 | ERROR    | __main__:compile:227 - Compilation failed for task_func_21
2025-05-20 22:20:53.733 | INFO     | __main__:compile:156 - Processing program 21/46: task_func_22
2025-05-20 22:20:53.733 | INFO     | __main__:compile:165 - Code Similarity score started
2025-05-20 22:20:53.733 | INFO     | __main__:compile:177 - Compilation started
2025-05-20 22:20:53.733 | INFO     | __main__:compile:190 - compiling task_func_22
2025-05-20 22:20:53.756 | WARNING  | utils:cmd:35 - Err: /home/projadmin/CobolEval/FrameWork/evaluation/preds/XMAiNframe-instruct-7b/instruct/task_func_22/task_func_22.cbl:1: note: free format detected
    1 >  constraints.
    2 | 
    3 | Code:
/home/projadmin/CobolEval/FrameWork/evaluation/preds/XMAiNframe-instruct-7b/instruct/task_func_22/task_func_22.cbl:94: warning: line not terminated by a newline [-Wmissing-newline]
   92 | CLOSE-FILES.
   93 |     CLOSE INPUT-FILE.
   94 > CLOSE-FILES-X.<EOF>
/home/projadmin/CobolEval/FrameWork/evaluation/preds/XMAiNframe-instruct-7b/instruct/task_func_22/task_func_22.cbl:1: error: PROGRAM-ID header missing
    1 >  constraints.
    2 | 
    3 | Code:
/home/projadmin/CobolEval/FrameWork/evaluation/preds/XMAiNframe-instruct-7b/instruct/task_func_22/task_func_22.cbl:1: error: ENVIRONMENT DIVISION header missing
/home/projadmin/CobolEval/FrameWork/evaluation/preds/XMAiNframe-instruct-7b/instruct/task_func_22/task_func_22.cbl:1: error: CONFIGURATION SECTION header missing
/home/projadmin/CobolEval/FrameWork/evaluation/preds/XMAiNframe-instruct-7b/instruct/task_func_22/task_func_22.cbl:1: error: SPECIAL-NAMES header missing
/home/projadmin/CobolEval/FrameWork/evaluation/preds/XMAiNframe-instruct-7b/instruct/task_func_22/task_func_22.cbl:1: error: invalid system-name 'constraints'
/home/projadmin/CobolEval/FrameWork/evaluation/preds/XMAiNframe-instruct-7b/instruct/task_func_22/task_func_22.cbl:1: error: syntax error, unexpected ., expecting CRT or Identifier
/home/projadmin/CobolEval/FrameWork/evaluation/preds/XMAiNframe-instruct-7b/instruct/task_func_22/task_func_22.cbl:3: error: syntax error, unexpected CODE
    1 |  constraints.
    2 | 
    3 > Code:
    4 | <|assistant|>
    5 | IDENTIFICATION DIVISION.
/home/projadmin/CobolEval/FrameWork/evaluation/preds/XMAiNframe-instruct-7b/instruct/task_func_22/task_func_22.cbl:4: error: invalid symbol '|' - skipping word
    2 | 
    3 | Code:
    4 > <|assistant|>
    5 | IDENTIFICATION DIVISION.
    6 | PROGRAM-ID. STUDENT-ANALYSIS.

2025-05-20 22:20:53.756 | WARNING  | utils:cmd:36 - Return code: 1
2025-05-20 22:20:53.756 | ERROR    | __main__:compile:227 - Compilation failed for task_func_22
2025-05-20 22:20:53.757 | INFO     | __main__:compile:156 - Processing program 22/46: task_func_23
2025-05-20 22:20:53.757 | INFO     | __main__:compile:165 - Code Similarity score started
2025-05-20 22:20:53.757 | INFO     | __main__:compile:177 - Compilation started
2025-05-20 22:20:53.757 | INFO     | __main__:compile:190 - compiling task_func_23
2025-05-20 22:20:53.780 | WARNING  | utils:cmd:35 - Err: /home/projadmin/CobolEval/FrameWork/evaluation/preds/XMAiNframe-instruct-7b/instruct/task_func_23/task_func_23.cbl:1: note: free format detected
    1 > the original.
    2 | 
    3 | Code:
/home/projadmin/CobolEval/FrameWork/evaluation/preds/XMAiNframe-instruct-7b/instruct/task_func_23/task_func_23.cbl:90: warning: line not terminated by a newline [-Wmissing-newline]
   88 |     WRITE OUTPUT-RECORD.
   89 | 
   90 > END PROGRAM GENERATE-STOCK-PRICES.<EOF>
/home/projadmin/CobolEval/FrameWork/evaluation/preds/XMAiNframe-instruct-7b/instruct/task_func_23/task_func_23.cbl:1: error: PROGRAM-ID header missing
    1 > the original.
    2 | 
    3 | Code:
/home/projadmin/CobolEval/FrameWork/evaluation/preds/XMAiNframe-instruct-7b/instruct/task_func_23/task_func_23.cbl:1: error: ENVIRONMENT DIVISION header missing
/home/projadmin/CobolEval/FrameWork/evaluation/preds/XMAiNframe-instruct-7b/instruct/task_func_23/task_func_23.cbl:1: error: CONFIGURATION SECTION header missing
/home/projadmin/CobolEval/FrameWork/evaluation/preds/XMAiNframe-instruct-7b/instruct/task_func_23/task_func_23.cbl:1: error: SPECIAL-NAMES header missing
/home/projadmin/CobolEval/FrameWork/evaluation/preds/XMAiNframe-instruct-7b/instruct/task_func_23/task_func_23.cbl:1: error: invalid system-name 'the'
/home/projadmin/CobolEval/FrameWork/evaluation/preds/XMAiNframe-instruct-7b/instruct/task_func_23/task_func_23.cbl:3: error: PROCEDURE DIVISION header missing
    1 | the original.
    2 | 
    3 > Code:
    4 | <|assistant|>
    5 | IDENTIFICATION DIVISION.
/home/projadmin/CobolEval/FrameWork/evaluation/preds/XMAiNframe-instruct-7b/instruct/task_func_23/task_func_23.cbl:3: error: syntax error, unexpected CODE
/home/projadmin/CobolEval/FrameWork/evaluation/preds/XMAiNframe-instruct-7b/instruct/task_func_23/task_func_23.cbl:4: error: invalid symbol '|' - skipping word
    2 | 
    3 | Code:
    4 > <|assistant|>
    5 | IDENTIFICATION DIVISION.
    6 | PROGRAM-ID. GENERATE-STOCK-PRICES.

2025-05-20 22:20:53.780 | WARNING  | utils:cmd:36 - Return code: 1
2025-05-20 22:20:53.780 | ERROR    | __main__:compile:227 - Compilation failed for task_func_23
2025-05-20 22:20:53.780 | INFO     | __main__:compile:156 - Processing program 23/46: task_func_24
2025-05-20 22:20:53.780 | INFO     | __main__:compile:165 - Code Similarity score started
2025-05-20 22:20:53.780 | INFO     | __main__:compile:177 - Compilation started
2025-05-20 22:20:53.781 | INFO     | __main__:compile:190 - compiling task_func_24
2025-05-20 22:20:53.803 | WARNING  | utils:cmd:35 - Err: /home/projadmin/CobolEval/FrameWork/evaluation/preds/XMAiNframe-instruct-7b/instruct/task_func_24/task_func_24.cbl:1: note: free format detected
    1 > IDENTIFICATION DIVISION.
    2 | PROGRAM-ID. Func24.
    3 | ENVIRONMENT DIVISION.
/home/projadmin/CobolEval/FrameWork/evaluation/preds/XMAiNframe-instruct-7b/instruct/task_func_24/task_func_24.cbl:9: error: DATA DIVISION header missing
    7 |     SELECT File2 ASSIGN TO task_func24_inp2.
    8 |     SELECT OutputFile ASSIGN TO task_func24_out.
    9 > WORKING-STORAGE SECTION.
   10 | 01 WS-COUNT PIC 9(5).
   11 | 01 WS-EOF1 PIC X VALUE SPACE.
/home/projadmin/CobolEval/FrameWork/evaluation/preds/XMAiNframe-instruct-7b/instruct/task_func_24/task_func_24.cbl:6: error: missing file description for FILE File1
    4 | INPUT-OUTPUT SECTION.
    5 | FILE-CONTROL.
    6 >     SELECT File1 ASSIGN TO task_func24_inp1.
    7 |     SELECT File2 ASSIGN TO task_func24_inp2.
    8 |     SELECT OutputFile ASSIGN TO task_func24_out.
/home/projadmin/CobolEval/FrameWork/evaluation/preds/XMAiNframe-instruct-7b/instruct/task_func_24/task_func_24.cbl:7: error: missing file description for FILE File2
    5 | FILE-CONTROL.
    6 |     SELECT File1 ASSIGN TO task_func24_inp1.
    7 >     SELECT File2 ASSIGN TO task_func24_inp2.
    8 |     SELECT OutputFile ASSIGN TO task_func24_out.
    9 | WORKING-STORAGE SECTION.
/home/projadmin/CobolEval/FrameWork/evaluation/preds/XMAiNframe-instruct-7b/instruct/task_func_24/task_func_24.cbl:8: error: missing file description for FILE OutputFile
    6 |     SELECT File1 ASSIGN TO task_func24_inp1.
    7 |     SELECT File2 ASSIGN TO task_func24_inp2.
    8 >     SELECT OutputFile ASSIGN TO task_func24_out.
    9 | WORKING-STORAGE SECTION.
   10 | 01 WS-COUNT PIC 9(5).
/home/projadmin/CobolEval/FrameWork/evaluation/preds/XMAiNframe-instruct-7b/instruct/task_func_24/task_func_24.cbl: in paragraph 'MAIN-PROC':
/home/projadmin/CobolEval/FrameWork/evaluation/preds/XMAiNframe-instruct-7b/instruct/task_func_24/task_func_24.cbl:24: error: 'WS-COUNT1' is not defined
   22 |     PERFORM UNTIL WS-EOF1 = 'Y' AND WS-EOF2 = 'Y'
   23 |         EVALUATE TRUE
   24 >             WHEN WS-COUNT1 < WS-COUNT2
   25 |                 WRITE OUTREC FROM WS-COUNT1
   26 |                 ADD 1 TO WS-COUNT1
/home/projadmin/CobolEval/FrameWork/evaluation/preds/XMAiNframe-instruct-7b/instruct/task_func_24/task_func_24.cbl:24: error: 'WS-COUNT2' is not defined
/home/projadmin/CobolEval/FrameWork/evaluation/preds/XMAiNframe-instruct-7b/instruct/task_func_24/task_func_24.cbl:25: error: 'OUTREC' is not defined
   23 |         EVALUATE TRUE
   24 |             WHEN WS-COUNT1 < WS-COUNT2
   25 >                 WRITE OUTREC FROM WS-COUNT1
   26 |                 ADD 1 TO WS-COUNT1
   27 |                 READ File1 INTO WS-COUNT1

2025-05-20 22:20:53.804 | WARNING  | utils:cmd:36 - Return code: 1
2025-05-20 22:20:53.804 | ERROR    | __main__:compile:227 - Compilation failed for task_func_24
2025-05-20 22:20:53.804 | INFO     | __main__:compile:156 - Processing program 24/46: task_func_25
2025-05-20 22:20:53.804 | INFO     | __main__:compile:165 - Code Similarity score started
2025-05-20 22:20:53.804 | INFO     | __main__:compile:177 - Compilation started
2025-05-20 22:20:53.804 | INFO     | __main__:compile:190 - compiling task_func_25
2025-05-20 22:20:53.830 | WARNING  | utils:cmd:35 - Err: /home/projadmin/CobolEval/FrameWork/evaluation/preds/XMAiNframe-instruct-7b/instruct/task_func_25/task_func_25.cbl:4: error: invalid indicator 's' at column 7
    2 | 
    3 | Code:
    4 > <|assistant|>
    5 | IDENTIFICATION DIVISION.
    6 | PROGRAM-ID. CALCULATE-STATS.
/home/projadmin/CobolEval/FrameWork/evaluation/preds/XMAiNframe-instruct-7b/instruct/task_func_25/task_func_25.cbl:5: error: invalid indicator 'F' at column 7
    3 | Code:
    4 | <|assistant|>
    5 > IDENTIFICATION DIVISION.
    6 | PROGRAM-ID. CALCULATE-STATS.
    7 | 
/home/projadmin/CobolEval/FrameWork/evaluation/preds/XMAiNframe-instruct-7b/instruct/task_func_25/task_func_25.cbl:6: error: invalid indicator 'M' at column 7
    4 | <|assistant|>
    5 | IDENTIFICATION DIVISION.
    6 > PROGRAM-ID. CALCULATE-STATS.
    7 | 
    8 | ENVIRONMENT DIVISION.
/home/projadmin/CobolEval/FrameWork/evaluation/preds/XMAiNframe-instruct-7b/instruct/task_func_25/task_func_25.cbl:8: error: invalid indicator 'N' at column 7
    6 | PROGRAM-ID. CALCULATE-STATS.
    7 | 
    8 > ENVIRONMENT DIVISION.
    9 | INPUT-OUTPUT SECTION.
   10 | FILE-CONTROL.
/home/projadmin/CobolEval/FrameWork/evaluation/preds/XMAiNframe-instruct-7b/instruct/task_func_25/task_func_25.cbl:9: error: invalid indicator 'O' at column 7
    7 | 
    8 | ENVIRONMENT DIVISION.
    9 > INPUT-OUTPUT SECTION.
   10 | FILE-CONTROL.
   11 |     SELECT EmployeeFile ASSIGN TO task_func25_inp2.
/home/projadmin/CobolEval/FrameWork/evaluation/preds/XMAiNframe-instruct-7b/instruct/task_func_25/task_func_25.cbl:10: error: invalid indicator 'O' at column 7
    8 | ENVIRONMENT DIVISION.
    9 | INPUT-OUTPUT SECTION.
   10 > FILE-CONTROL.
   11 |     SELECT EmployeeFile ASSIGN TO task_func25_inp2.
   12 |     SELECT ColumnNameFile ASSIGN TO task_func25_inp1.
/home/projadmin/CobolEval/FrameWork/evaluation/preds/XMAiNframe-instruct-7b/instruct/task_func_25/task_func_25.cbl:11: error: invalid indicator 'L' at column 7
    9 | INPUT-OUTPUT SECTION.
   10 | FILE-CONTROL.
   11 >     SELECT EmployeeFile ASSIGN TO task_func25_inp2.
   12 |     SELECT ColumnNameFile ASSIGN TO task_func25_inp1.
   13 |     SELECT OutputFile ASSIGN TO task_func25_out.
/home/projadmin/CobolEval/FrameWork/evaluation/preds/XMAiNframe-instruct-7b/instruct/task_func_25/task_func_25.cbl:12: error: invalid indicator 'L' at column 7
   10 | FILE-CONTROL.
   11 |     SELECT EmployeeFile ASSIGN TO task_func25_inp2.
   12 >     SELECT ColumnNameFile ASSIGN TO task_func25_inp1.
   13 |     SELECT OutputFile ASSIGN TO task_func25_out.
   14 | 
/home/projadmin/CobolEval/FrameWork/evaluation/preds/XMAiNframe-instruct-7b/instruct/task_func_25/task_func_25.cbl:13: error: invalid indicator 'L' at column 7
   11 |     SELECT EmployeeFile ASSIGN TO task_func25_inp2.
   12 |     SELECT ColumnNameFile ASSIGN TO task_func25_inp1.
   13 >     SELECT OutputFile ASSIGN TO task_func25_out.
   14 | 
   15 | DATA DIVISION.
/home/projadmin/CobolEval/FrameWork/evaluation/preds/XMAiNframe-instruct-7b/instruct/task_func_25/task_func_25.cbl:15: error: invalid indicator 'I' at column 7
   13 |     SELECT OutputFile ASSIGN TO task_func25_out.
   14 | 
   15 > DATA DIVISION.
   16 | FILE SECTION.
   17 | FD EmployeeFile.
/home/projadmin/CobolEval/FrameWork/evaluation/preds/XMAiNframe-instruct-7b/instruct/task_func_25/task_func_25.cbl:16: error: invalid indicator 'E' at column 7
   14 | 
   15 | DATA DIVISION.
   16 > FILE SECTION.
   17 | FD EmployeeFile.
   18 | 01 EmployeeRecord.
/home/projadmin/CobolEval/FrameWork/evaluation/preds/XMAiNframe-instruct-7b/instruct/task_func_25/task_func_25.cbl:17: error: invalid indicator 'l' at column 7
   15 | DATA DIVISION.
   16 | FILE SECTION.
   17 > FD EmployeeFile.
   18 | 01 EmployeeRecord.
   19 |     05 Age PIC 9(3).
/home/projadmin/CobolEval/FrameWork/evaluation/preds/XMAiNframe-instruct-7b/instruct/task_func_25/task_func_25.cbl:18: error: invalid indicator 'l' at column 7
   16 | FILE SECTION.
   17 | FD EmployeeFile.
   18 > 01 EmployeeRecord.
   19 |     05 Age PIC 9(3).
   20 |     05 Salary PIC 9(7).
/home/projadmin/CobolEval/FrameWork/evaluation/preds/XMAiNframe-instruct-7b/instruct/task_func_25/task_func_25.cbl:23: error: invalid indicator 'u' at column 7
   21 |     05 Experience PIC 9(3).
   22 | 
   23 > FD ColumnNameFile.
   24 | 01 ColumnName PIC X(10).
   25 | 
/home/projadmin/CobolEval/FrameWork/evaluation/preds/XMAiNframe-instruct-7b/instruct/task_func_25/task_func_25.cbl:24: error: invalid indicator 'u' at column 7
   22 | 
   23 | FD ColumnNameFile.
   24 > 01 ColumnName PIC X(10).
   25 | 
   26 | FD OutputFile.
/home/projadmin/CobolEval/FrameWork/evaluation/preds/XMAiNframe-instruct-7b/instruct/task_func_25/task_func_25.cbl:26: error: invalid indicator 'p' at column 7
   24 | 01 ColumnName PIC X(10).
   25 | 
   26 > FD OutputFile.
   27 | 01 OutputRecord PIC X(50).
   28 | 
/home/projadmin/CobolEval/FrameWork/evaluation/preds/XMAiNframe-instruct-7b/instruct/task_func_25/task_func_25.cbl:27: error: invalid indicator 'p' at column 7
   25 | 
   26 | FD OutputFile.
   27 > 01 OutputRecord PIC X(50).
   28 | 
   29 | WORKING-STORAGE SECTION.
/home/projadmin/CobolEval/FrameWork/evaluation/preds/XMAiNframe-instruct-7b/instruct/task_func_25/task_func_25.cbl:29: error: invalid indicator 'G' at column 7
   27 | 01 OutputRecord PIC X(50).
   28 | 
   29 > WORKING-STORAGE SECTION.
   30 | 01 ColumnValues.
   31 |     05 ValueCount PIC 9(7) VALUE ZERO.
/home/projadmin/CobolEval/FrameWork/evaluation/preds/XMAiNframe-instruct-7b/instruct/task_func_25/task_func_25.cbl:30: error: invalid indicator 'u' at column 7
   28 | 
   29 | WORKING-STORAGE SECTION.
   30 > 01 ColumnValues.
   31 |     05 ValueCount PIC 9(7) VALUE ZERO.
   32 |     05 ValuesOccurs OCCURS 100 TIMES INDEXED BY I.
/home/projadmin/CobolEval/FrameWork/evaluation/preds/XMAiNframe-instruct-7b/instruct/task_func_25/task_func_25.cbl:39: error: invalid indicator 'U' at column 7
   37 |     05 MaxValue PIC S9(7) VALUE -9999999.
   38 | 
   39 > PROCEDURE DIVISION.
   40 | MAIN-LOGIC.
   41 |     OPEN INPUT ColumnNameFile.
/home/projadmin/CobolEval/FrameWork/evaluation/preds/XMAiNframe-instruct-7b/instruct/task_func_25/task_func_25.cbl:40: error: invalid indicator 'O' at column 7
   38 | 
   39 | PROCEDURE DIVISION.
   40 > MAIN-LOGIC.
   41 |     OPEN INPUT ColumnNameFile.
   42 |     READ ColumnNameFile INTO ColumnName.
/home/projadmin/CobolEval/FrameWork/evaluation/preds/XMAiNframe-instruct-7b/instruct/task_func_25/task_func_25.cbl:41: error: invalid indicator 'E' at column 7
   39 | PROCEDURE DIVISION.
   40 | MAIN-LOGIC.
   41 >     OPEN INPUT ColumnNameFile.
   42 |     READ ColumnNameFile INTO ColumnName.
   43 |     CLOSE ColumnNameFile.
/home/projadmin/CobolEval/FrameWork/evaluation/preds/XMAiNframe-instruct-7b/instruct/task_func_25/task_func_25.cbl:42: error: invalid indicator 'A' at column 7
   40 | MAIN-LOGIC.
   41 |     OPEN INPUT ColumnNameFile.
   42 >     READ ColumnNameFile INTO ColumnName.
   43 |     CLOSE ColumnNameFile.
   44 | 
/home/projadmin/CobolEval/FrameWork/evaluation/preds/XMAiNframe-instruct-7b/instruct/task_func_25/task_func_25.cbl:43: error: invalid indicator 'O' at column 7
   41 |     OPEN INPUT ColumnNameFile.
   42 |     READ ColumnNameFile INTO ColumnName.
   43 >     CLOSE ColumnNameFile.
   44 | 
   45 |     OPEN INPUT EmployeeFile.
/home/projadmin/CobolEval/FrameWork/evaluation/preds/XMAiNframe-instruct-7b/instruct/task_func_25/task_func_25.cbl:45: error: invalid indicator 'E' at column 7
   43 |     CLOSE ColumnNameFile.
   44 | 
   45 >     OPEN INPUT EmployeeFile.
   46 |     READ EmployeeFile RECORD INTO EmployeeRecord.
   47 |     IF END-OF-FILE SET EOF TO TRUE
/home/projadmin/CobolEval/FrameWork/evaluation/preds/XMAiNframe-instruct-7b/instruct/task_func_25/task_func_25.cbl:46: error: invalid indicator 'A' at column 7
   44 | 
   45 |     OPEN INPUT EmployeeFile.
   46 >     READ EmployeeFile RECORD INTO EmployeeRecord.
   47 |     IF END-OF-FILE SET EOF TO TRUE
   48 |         DISPLAY "No employee records found."
/home/projadmin/CobolEval/FrameWork/evaluation/preds/XMAiNframe-instruct-7b/instruct/task_func_25/task_func_25.cbl:52: error: invalid indicator 'R' at column 7
   50 |     END-IF.
   51 | 
   52 >     PERFORM VARYING I FROM 1 BY 1 UNTIL EOF
   53 |         EVALUATE ColumnName
   54 |             WHEN 'Age' MOVE Age TO Value
/home/projadmin/CobolEval/FrameWork/evaluation/preds/XMAiNframe-instruct-7b/instruct/task_func_25/task_func_25.cbl:72: error: invalid indicator 'O' at column 7
   70 |     END-PERFORM.
   71 | 
   72 >     CLOSE EmployeeFile.
   73 | 
   74 |     COMPUTE MeanValue = SumValue / ValueCount.
/home/projadmin/CobolEval/FrameWork/evaluation/preds/XMAiNframe-instruct-7b/instruct/task_func_25/task_func_25.cbl:74: error: invalid indicator 'M' at column 7
   72 |     CLOSE EmployeeFile.
   73 | 
   74 >     COMPUTE MeanValue = SumValue / ValueCount.
   75 | 
   76 |     OPEN OUTPUT OutputFile.
/home/projadmin/CobolEval/FrameWork/evaluation/preds/XMAiNframe-instruct-7b/instruct/task_func_25/task_func_25.cbl:76: error: invalid indicator 'E' at column 7
   74 |     COMPUTE MeanValue = SumValue / ValueCount.
   75 | 
   76 >     OPEN OUTPUT OutputFile.
   77 |     WRITE OutputRecord FROM SumValue.
   78 |     WRITE OutputRecord FROM MeanValue.
/home/projadmin/CobolEval/FrameWork/evaluation/preds/XMAiNframe-instruct-7b/instruct/task_func_25/task_func_25.cbl:77: error: invalid indicator 'I' at column 7
   75 | 
   76 |     OPEN OUTPUT OutputFile.
   77 >     WRITE OutputRecord FROM SumValue.
   78 |     WRITE OutputRecord FROM MeanValue.
   79 |     WRITE OutputRecord FROM MinValue.
/home/projadmin/CobolEval/FrameWork/evaluation/preds/XMAiNframe-instruct-7b/instruct/task_func_25/task_func_25.cbl:78: error: invalid indicator 'I' at column 7
   76 |     OPEN OUTPUT OutputFile.
   77 |     WRITE OutputRecord FROM SumValue.
   78 >     WRITE OutputRecord FROM MeanValue.
   79 |     WRITE OutputRecord FROM MinValue.
   80 |     WRITE OutputRecord FROM MaxValue.
/home/projadmin/CobolEval/FrameWork/evaluation/preds/XMAiNframe-instruct-7b/instruct/task_func_25/task_func_25.cbl:79: error: invalid indicator 'I' at column 7
   77 |     WRITE OutputRecord FROM SumValue.
   78 |     WRITE OutputRecord FROM MeanValue.
   79 >     WRITE OutputRecord FROM MinValue.
   80 |     WRITE OutputRecord FROM MaxValue.
   81 |     CLOSE OutputFile.
/home/projadmin/CobolEval/FrameWork/evaluation/preds/XMAiNframe-instruct-7b/instruct/task_func_25/task_func_25.cbl:80: error: invalid indicator 'I' at column 7
   78 |     WRITE OutputRecord FROM MeanValue.
   79 |     WRITE OutputRecord FROM MinValue.
   80 >     WRITE OutputRecord FROM MaxValue.
   81 |     CLOSE OutputFile.
   82 | 
/home/projadmin/CobolEval/FrameWork/evaluation/preds/XMAiNframe-instruct-7b/instruct/task_func_25/task_func_25.cbl:81: error: invalid indicator 'O' at column 7
   79 |     WRITE OutputRecord FROM MinValue.
   80 |     WRITE OutputRecord FROM MaxValue.
   81 >     CLOSE OutputFile.
   82 | 
   83 |     STOP RUN.<EOF>
/home/projadmin/CobolEval/FrameWork/evaluation/preds/XMAiNframe-instruct-7b/instruct/task_func_25/task_func_25.cbl:83: warning: line not terminated by a newline [-Wmissing-newline]
   81 |     CLOSE OutputFile.
   82 | 
   83 >     STOP RUN.<EOF>
/home/projadmin/CobolEval/FrameWork/evaluation/preds/XMAiNframe-instruct-7b/instruct/task_func_25/task_func_25.cbl:83: error: invalid indicator 'O' at column 7
/home/projadmin/CobolEval/FrameWork/evaluation/preds/XMAiNframe-instruct-7b/instruct/task_func_25/task_func_25.cbl:1: error: PROGRAM-ID header missing
    1 > essing steps.
    2 | 
    3 | Code:
/home/projadmin/CobolEval/FrameWork/evaluation/preds/XMAiNframe-instruct-7b/instruct/task_func_25/task_func_25.cbl:1: error: ENVIRONMENT DIVISION header missing
/home/projadmin/CobolEval/FrameWork/evaluation/preds/XMAiNframe-instruct-7b/instruct/task_func_25/task_func_25.cbl:1: error: CONFIGURATION SECTION header missing
/home/projadmin/CobolEval/FrameWork/evaluation/preds/XMAiNframe-instruct-7b/instruct/task_func_25/task_func_25.cbl:1: error: SPECIAL-NAMES header missing
/home/projadmin/CobolEval/FrameWork/evaluation/preds/XMAiNframe-instruct-7b/instruct/task_func_25/task_func_25.cbl:1: error: invalid system-name 'steps'
/home/projadmin/CobolEval/FrameWork/evaluation/preds/XMAiNframe-instruct-7b/instruct/task_func_25/task_func_25.cbl:1: error: syntax error, unexpected ., expecting CRT or Identifier
/home/projadmin/CobolEval/FrameWork/evaluation/preds/XMAiNframe-instruct-7b/instruct/task_func_25/task_func_25.cbl:19: error: invalid system-name 'Age'
   17 | FD EmployeeFile.
   18 | 01 EmployeeRecord.
   19 >     05 Age PIC 9(3).
   20 |     05 Salary PIC 9(7).
   21 |     05 Experience PIC 9(3).
/home/projadmin/CobolEval/FrameWork/evaluation/preds/XMAiNframe-instruct-7b/instruct/task_func_25/task_func_25.cbl:19: error: syntax error, unexpected PICTURE, expecting CRT or Identifier
/home/projadmin/CobolEval/FrameWork/evaluation/preds/XMAiNframe-instruct-7b/instruct/task_func_25/task_func_25.cbl:20: error: invalid system-name 'Salary'
   18 | 01 EmployeeRecord.
   19 |     05 Age PIC 9(3).
   20 >     05 Salary PIC 9(7).
   21 |     05 Experience PIC 9(3).
   22 | 
/home/projadmin/CobolEval/FrameWork/evaluation/preds/XMAiNframe-instruct-7b/instruct/task_func_25/task_func_25.cbl:20: error: syntax error, unexpected PICTURE, expecting CRT or Identifier
/home/projadmin/CobolEval/FrameWork/evaluation/preds/XMAiNframe-instruct-7b/instruct/task_func_25/task_func_25.cbl:21: error: invalid system-name 'Experience'
   19 |     05 Age PIC 9(3).
   20 |     05 Salary PIC 9(7).
   21 >     05 Experience PIC 9(3).
   22 | 
   23 | FD ColumnNameFile.
/home/projadmin/CobolEval/FrameWork/evaluation/preds/XMAiNframe-instruct-7b/instruct/task_func_25/task_func_25.cbl:21: error: syntax error, unexpected PICTURE, expecting CRT or Identifier
/home/projadmin/CobolEval/FrameWork/evaluation/preds/XMAiNframe-instruct-7b/instruct/task_func_25/task_func_25.cbl:31: error: invalid system-name 'ValueCount'
   29 | WORKING-STORAGE SECTION.
   30 | 01 ColumnValues.
   31 >     05 ValueCount PIC 9(7) VALUE ZERO.
   32 |     05 ValuesOccurs OCCURS 100 TIMES INDEXED BY I.
   33 |         10 Value PIC S9(7).
/home/projadmin/CobolEval/FrameWork/evaluation/preds/XMAiNframe-instruct-7b/instruct/task_func_25/task_func_25.cbl:31: error: syntax error, unexpected PICTURE, expecting CRT or Identifier
/home/projadmin/CobolEval/FrameWork/evaluation/preds/XMAiNframe-instruct-7b/instruct/task_func_25/task_func_25.cbl:31: error: syntax error, unexpected VALUE
/home/projadmin/CobolEval/FrameWork/evaluation/preds/XMAiNframe-instruct-7b/instruct/task_func_25/task_func_25.cbl:32: error: invalid system-name 'ValuesOccurs'
   30 | 01 ColumnValues.
   31 |     05 ValueCount PIC 9(7) VALUE ZERO.
   32 >     05 ValuesOccurs OCCURS 100 TIMES INDEXED BY I.
   33 |         10 Value PIC S9(7).
   34 |     05 SumValue PIC S9(7) VALUE ZERO.
/home/projadmin/CobolEval/FrameWork/evaluation/preds/XMAiNframe-instruct-7b/instruct/task_func_25/task_func_25.cbl:32: error: syntax error, unexpected Literal
/home/projadmin/CobolEval/FrameWork/evaluation/preds/XMAiNframe-instruct-7b/instruct/task_func_25/task_func_25.cbl:32: error: invalid system-name 'I'
/home/projadmin/CobolEval/FrameWork/evaluation/preds/XMAiNframe-instruct-7b/instruct/task_func_25/task_func_25.cbl:33: error: syntax error, unexpected level-number
   31 |     05 ValueCount PIC 9(7) VALUE ZERO.
   32 |     05 ValuesOccurs OCCURS 100 TIMES INDEXED BY I.
   33 >         10 Value PIC S9(7).
   34 |     05 SumValue PIC S9(7) VALUE ZERO.
   35 |     05 MeanValue PIC S9(7)V99 VALUE ZERO.
/home/projadmin/CobolEval/FrameWork/evaluation/preds/XMAiNframe-instruct-7b/instruct/task_func_25/task_func_25.cbl:34: error: invalid system-name 'SumValue'
   32 |     05 ValuesOccurs OCCURS 100 TIMES INDEXED BY I.
   33 |         10 Value PIC S9(7).
   34 >     05 SumValue PIC S9(7) VALUE ZERO.
   35 |     05 MeanValue PIC S9(7)V99 VALUE ZERO.
   36 |     05 MinValue PIC S9(7) VALUE 9999999.
/home/projadmin/CobolEval/FrameWork/evaluation/preds/XMAiNframe-instruct-7b/instruct/task_func_25/task_func_25.cbl:34: error: syntax error, unexpected VALUE
/home/projadmin/CobolEval/FrameWork/evaluation/preds/XMAiNframe-instruct-7b/instruct/task_func_25/task_func_25.cbl:35: error: invalid system-name 'MeanValue'
   33 |         10 Value PIC S9(7).
   34 |     05 SumValue PIC S9(7) VALUE ZERO.
   35 >     05 MeanValue PIC S9(7)V99 VALUE ZERO.
   36 |     05 MinValue PIC S9(7) VALUE 9999999.
   37 |     05 MaxValue PIC S9(7) VALUE -9999999.
/home/projadmin/CobolEval/FrameWork/evaluation/preds/XMAiNframe-instruct-7b/instruct/task_func_25/task_func_25.cbl:35: error: syntax error, unexpected VALUE
/home/projadmin/CobolEval/FrameWork/evaluation/preds/XMAiNframe-instruct-7b/instruct/task_func_25/task_func_25.cbl:36: error: invalid system-name 'MinValue'
   34 |     05 SumValue PIC S9(7) VALUE ZERO.
   35 |     05 MeanValue PIC S9(7)V99 VALUE ZERO.
   36 >     05 MinValue PIC S9(7) VALUE 9999999.
   37 |     05 MaxValue PIC S9(7) VALUE -9999999.
   38 | 
/home/projadmin/CobolEval/FrameWork/evaluation/preds/XMAiNframe-instruct-7b/instruct/task_func_25/task_func_25.cbl:36: error: syntax error, unexpected VALUE
/home/projadmin/CobolEval/FrameWork/evaluation/preds/XMAiNframe-instruct-7b/instruct/task_func_25/task_func_25.cbl:37: error: invalid system-name 'MaxValue'
   35 |     05 MeanValue PIC S9(7)V99 VALUE ZERO.
   36 |     05 MinValue PIC S9(7) VALUE 9999999.
   37 >     05 MaxValue PIC S9(7) VALUE -9999999.
   38 | 
   39 | PROCEDURE DIVISION.
/home/projadmin/CobolEval/FrameWork/evaluation/preds/XMAiNframe-instruct-7b/instruct/task_func_25/task_func_25.cbl:37: error: syntax error, unexpected VALUE
/home/projadmin/CobolEval/FrameWork/evaluation/preds/XMAiNframe-instruct-7b/instruct/task_func_25/task_func_25.cbl:47: error: invalid system-name 'END-OF-FILE'
   45 |     OPEN INPUT EmployeeFile.
   46 |     READ EmployeeFile RECORD INTO EmployeeRecord.
   47 >     IF END-OF-FILE SET EOF TO TRUE
   48 |         DISPLAY "No employee records found."
   49 |         GOBACK
/home/projadmin/CobolEval/FrameWork/evaluation/preds/XMAiNframe-instruct-7b/instruct/task_func_25/task_func_25.cbl:47: error: invalid system-name 'EOF'
/home/projadmin/CobolEval/FrameWork/evaluation/preds/XMAiNframe-instruct-7b/instruct/task_func_25/task_func_25.cbl:47: error: syntax error, unexpected TO, expecting CRT or Identifier
/home/projadmin/CobolEval/FrameWork/evaluation/preds/XMAiNframe-instruct-7b/instruct/task_func_25/task_func_25.cbl:47: error: syntax error, unexpected TRUE
/home/projadmin/CobolEval/FrameWork/evaluation/preds/XMAiNframe-instruct-7b/instruct/task_func_25/task_func_25.cbl:53: error: invalid system-name 'ColumnName'
   51 | 
   52 |     PERFORM VARYING I FROM 1 BY 1 UNTIL EOF
   53 >         EVALUATE ColumnName
   54 |             WHEN 'Age' MOVE Age TO Value
   55 |             WHEN 'Salary' MOVE Salary TO Value
/home/projadmin/CobolEval/FrameWork/evaluation/preds/XMAiNframe-instruct-7b/instruct/task_func_25/task_func_25.cbl:54: error: syntax error, unexpected Literal
   52 |     PERFORM VARYING I FROM 1 BY 1 UNTIL EOF
   53 |         EVALUATE ColumnName
   54 >             WHEN 'Age' MOVE Age TO Value
   55 |             WHEN 'Salary' MOVE Salary TO Value
   56 |             WHEN 'Experience' MOVE Experience TO Value
/home/projadmin/CobolEval/FrameWork/evaluation/preds/XMAiNframe-instruct-7b/instruct/task_func_25/task_func_25.cbl:54: error: invalid system-name 'Age'
/home/projadmin/CobolEval/FrameWork/evaluation/preds/XMAiNframe-instruct-7b/instruct/task_func_25/task_func_25.cbl:54: error: syntax error, unexpected VALUE
/home/projadmin/CobolEval/FrameWork/evaluation/preds/XMAiNframe-instruct-7b/instruct/task_func_25/task_func_25.cbl:55: error: invalid system-name 'Salary'
   53 |         EVALUATE ColumnName
   54 |             WHEN 'Age' MOVE Age TO Value
   55 >             WHEN 'Salary' MOVE Salary TO Value
   56 |             WHEN 'Experience' MOVE Experience TO Value
   57 |             WHEN OTHER DISPLAY "Invalid column name specified."
/home/projadmin/CobolEval/FrameWork/evaluation/preds/XMAiNframe-instruct-7b/instruct/task_func_25/task_func_25.cbl:55: error: syntax error, unexpected VALUE
/home/projadmin/CobolEval/FrameWork/evaluation/preds/XMAiNframe-instruct-7b/instruct/task_func_25/task_func_25.cbl:56: error: invalid system-name 'Experience'
   54 |             WHEN 'Age' MOVE Age TO Value
   55 |             WHEN 'Salary' MOVE Salary TO Value
   56 >             WHEN 'Experience' MOVE Experience TO Value
   57 |             WHEN OTHER DISPLAY "Invalid column name specified."
   58 |                 CLOSE EmployeeFile
/home/projadmin/CobolEval/FrameWork/evaluation/preds/XMAiNframe-instruct-7b/instruct/task_func_25/task_func_25.cbl:56: error: syntax error, unexpected VALUE
/home/projadmin/CobolEval/FrameWork/evaluation/preds/XMAiNframe-instruct-7b/instruct/task_func_25/task_func_25.cbl:58: error: invalid system-name 'EmployeeFile'
   56 |             WHEN 'Experience' MOVE Experience TO Value
   57 |             WHEN OTHER DISPLAY "Invalid column name specified."
   58 >                 CLOSE EmployeeFile
   59 |                 GOBACK
   60 |         END-EVALUATE
/home/projadmin/CobolEval/FrameWork/evaluation/preds/XMAiNframe-instruct-7b/instruct/task_func_25/task_func_25.cbl:60: error: syntax error, unexpected END-EVALUATE
   58 |                 CLOSE EmployeeFile
   59 |                 GOBACK
   60 >         END-EVALUATE
   61 | 
   62 |         ADD 1 TO ValueCount
/home/projadmin/CobolEval/FrameWork/evaluation/preds/XMAiNframe-instruct-7b/instruct/task_func_25/task_func_25.cbl:62: error: invalid system-name 'ValueCount'
   60 |         END-EVALUATE
   61 | 
   62 >         ADD 1 TO ValueCount
   63 |         COMPUTE SumValue = SumValue + Value
   64 |         IF Value < MinValue MOVE Value TO MinValue
/home/projadmin/CobolEval/FrameWork/evaluation/preds/XMAiNframe-instruct-7b/instruct/task_func_25/task_func_25.cbl:63: error: invalid system-name 'SumValue'
   61 | 
   62 |         ADD 1 TO ValueCount
   63 >         COMPUTE SumValue = SumValue + Value
   64 |         IF Value < MinValue MOVE Value TO MinValue
   65 |         IF Value > MaxValue MOVE Value TO MaxValue
/home/projadmin/CobolEval/FrameWork/evaluation/preds/XMAiNframe-instruct-7b/instruct/task_func_25/task_func_25.cbl:63: error: syntax error, unexpected =, expecting CRT or Identifier
/home/projadmin/CobolEval/FrameWork/evaluation/preds/XMAiNframe-instruct-7b/instruct/task_func_25/task_func_25.cbl:63: error: invalid system-name 'SumValue'
/home/projadmin/CobolEval/FrameWork/evaluation/preds/XMAiNframe-instruct-7b/instruct/task_func_25/task_func_25.cbl:63: error: syntax error, unexpected +, expecting CRT or Identifier
/home/projadmin/CobolEval/FrameWork/evaluation/preds/XMAiNframe-instruct-7b/instruct/task_func_25/task_func_25.cbl:63: error: syntax error, unexpected VALUE
/home/projadmin/CobolEval/FrameWork/evaluation/preds/XMAiNframe-instruct-7b/instruct/task_func_25/task_func_25.cbl:64: error: invalid system-name 'MinValue'
   62 |         ADD 1 TO ValueCount
   63 |         COMPUTE SumValue = SumValue + Value
   64 >         IF Value < MinValue MOVE Value TO MinValue
   65 |         IF Value > MaxValue MOVE Value TO MaxValue
   66 | 
/home/projadmin/CobolEval/FrameWork/evaluation/preds/XMAiNframe-instruct-7b/instruct/task_func_25/task_func_25.cbl:64: error: syntax error, unexpected VALUE
/home/projadmin/CobolEval/FrameWork/evaluation/preds/XMAiNframe-instruct-7b/instruct/task_func_25/task_func_25.cbl:64: error: invalid system-name 'MinValue'
/home/projadmin/CobolEval/FrameWork/evaluation/preds/XMAiNframe-instruct-7b/instruct/task_func_25/task_func_25.cbl:65: error: syntax error, unexpected VALUE
   63 |         COMPUTE SumValue = SumValue + Value
   64 |         IF Value < MinValue MOVE Value TO MinValue
   65 >         IF Value > MaxValue MOVE Value TO MaxValue
   66 | 
   67 |         READ EmployeeFile RECORD INTO EmployeeRecord
/home/projadmin/CobolEval/FrameWork/evaluation/preds/XMAiNframe-instruct-7b/instruct/task_func_25/task_func_25.cbl:65: error: invalid system-name 'MaxValue'
/home/projadmin/CobolEval/FrameWork/evaluation/preds/XMAiNframe-instruct-7b/instruct/task_func_25/task_func_25.cbl:65: error: syntax error, unexpected VALUE
/home/projadmin/CobolEval/FrameWork/evaluation/preds/XMAiNframe-instruct-7b/instruct/task_func_25/task_func_25.cbl:65: error: invalid system-name 'MaxValue'
/home/projadmin/CobolEval/FrameWork/evaluation/preds/XMAiNframe-instruct-7b/instruct/task_func_25/task_func_25.cbl:67: error: invalid system-name 'EmployeeFile'
   65 |         IF Value > MaxValue MOVE Value TO MaxValue
   66 | 
   67 >         READ EmployeeFile RECORD INTO EmployeeRecord
   68 |             AT END SET EOF TO TRUE
   69 |         END-READ
/home/projadmin/CobolEval/FrameWork/evaluation/preds/XMAiNframe-instruct-7b/instruct/task_func_25/task_func_25.cbl:67: error: syntax error, unexpected RECORD, expecting CRT or Identifier
/home/projadmin/CobolEval/FrameWork/evaluation/preds/XMAiNframe-instruct-7b/instruct/task_func_25/task_func_25.cbl:67: error: syntax error, unexpected INTO
/home/projadmin/CobolEval/FrameWork/evaluation/preds/XMAiNframe-instruct-7b/instruct/task_func_25/task_func_25.cbl:67: error: invalid system-name 'EmployeeRecord'
/home/projadmin/CobolEval/FrameWork/evaluation/preds/XMAiNframe-instruct-7b/instruct/task_func_25/task_func_25.cbl:68: error: syntax error, unexpected SET
   66 | 
   67 |         READ EmployeeFile RECORD INTO EmployeeRecord
   68 >             AT END SET EOF TO TRUE
   69 |         END-READ
   70 |     END-PERFORM.
/home/projadmin/CobolEval/FrameWork/evaluation/preds/XMAiNframe-instruct-7b/instruct/task_func_25/task_func_25.cbl:68: error: invalid system-name 'EOF'
/home/projadmin/CobolEval/FrameWork/evaluation/preds/XMAiNframe-instruct-7b/instruct/task_func_25/task_func_25.cbl:68: error: syntax error, unexpected TRUE

2025-05-20 22:20:53.831 | WARNING  | utils:cmd:36 - Return code: 1
2025-05-20 22:20:53.831 | ERROR    | __main__:compile:227 - Compilation failed for task_func_25
2025-05-20 22:20:53.831 | INFO     | __main__:compile:156 - Processing program 25/46: task_func_26
2025-05-20 22:20:53.831 | INFO     | __main__:compile:165 - Code Similarity score started
2025-05-20 22:20:53.831 | INFO     | __main__:compile:177 - Compilation started
2025-05-20 22:20:53.831 | INFO     | __main__:compile:190 - compiling task_func_26
2025-05-20 22:20:53.853 | WARNING  | utils:cmd:35 - Err: /home/projadmin/CobolEval/FrameWork/evaluation/preds/XMAiNframe-instruct-7b/instruct/task_func_26/task_func_26.cbl:1: note: free format detected
    1 > IDENTIFICATION DIVISION.
    2 | PROGRAM-ID. SALES-REPORT.
    3 | ENVIRONMENT DIVISION.
/home/projadmin/CobolEval/FrameWork/evaluation/preds/XMAiNframe-instruct-7b/instruct/task_func_26/task_func_26.cbl:18: error: syntax error, unexpected CONDITION
   16 | 01  OUTPUT-RECORD PIC X(80).
   17 | WORKING-STORAGE SECTION.
   18 > 01  END-OF-FILE CONDITION VALUE FALSE.
   19 | 01  CURRENT-DEPARTMENT PIC X(3).
   20 | 01  PAGE-COUNT PIC 9(3) VALUE ZERO.
/home/projadmin/CobolEval/FrameWork/evaluation/preds/XMAiNframe-instruct-7b/instruct/task_func_26/task_func_26.cbl: in paragraph 'MAIN-LOGIC':
/home/projadmin/CobolEval/FrameWork/evaluation/preds/XMAiNframe-instruct-7b/instruct/task_func_26/task_func_26.cbl:28: error: syntax error, unexpected AT END
   26 |     OPEN OUTPUT OUT-FILE.
   27 |     READ INP-FILE INTO INPUT-RECORD.
   28 >     AT END MOVE TRUE TO END-OF-FILE.
   29 |     PERFORM PROCESS-RECORD THRU PROCESS-RECORD-X.
   30 |     CLOSE INP-FILE.
/home/projadmin/CobolEval/FrameWork/evaluation/preds/XMAiNframe-instruct-7b/instruct/task_func_26/task_func_26.cbl:28: error: syntax error, unexpected TRUE
/home/projadmin/CobolEval/FrameWork/evaluation/preds/XMAiNframe-instruct-7b/instruct/task_func_26/task_func_26.cbl: in paragraph 'PROCESS-RECORD':
/home/projadmin/CobolEval/FrameWork/evaluation/preds/XMAiNframe-instruct-7b/instruct/task_func_26/task_func_26.cbl:34: error: 'END-OF-FILE' is not defined
   32 |     STOP RUN.
   33 | PROCESS-RECORD.
   34 >     IF NOT END-OF-FILE THEN
   35 |         EVALUATE TRUE
   36 |             WHEN FIRST-RECORD
/home/projadmin/CobolEval/FrameWork/evaluation/preds/XMAiNframe-instruct-7b/instruct/task_func_26/task_func_26.cbl:36: error: 'FIRST-RECORD' is not defined
   34 |     IF NOT END-OF-FILE THEN
   35 |         EVALUATE TRUE
   36 >             WHEN FIRST-RECORD
   37 |                 PERFORM INITIALIZE-REPORT THRU INITIALIZE-REPORT-X
   38 |             WHEN DIFFERENT-DEPARTMENT
/home/projadmin/CobolEval/FrameWork/evaluation/preds/XMAiNframe-instruct-7b/instruct/task_func_26/task_func_26.cbl:38: error: 'DIFFERENT-DEPARTMENT' is not defined
   36 |             WHEN FIRST-RECORD
   37 |                 PERFORM INITIALIZE-REPORT THRU INITIALIZE-REPORT-X
   38 >             WHEN DIFFERENT-DEPARTMENT
   39 |                 PERFORM PRINT-DEPARTMENT-TOTAL THRU PRINT-DEPARTMENT-TOTA..
   40 |                 MOVE SALES-AMOUNT TO DEPARTMENT-TOTAL-SALES
/home/projadmin/CobolEval/FrameWork/evaluation/preds/XMAiNframe-instruct-7b/instruct/task_func_26/task_func_26.cbl:48: error: syntax error, unexpected AT END
   46 |     END-IF.
   47 |     READ INP-FILE INTO INPUT-RECORD.
   48 >     AT END MOVE TRUE TO END-OF-FILE.
   49 | PROCESS-RECORD-X.
   50 | 
/home/projadmin/CobolEval/FrameWork/evaluation/preds/XMAiNframe-instruct-7b/instruct/task_func_26/task_func_26.cbl:48: error: syntax error, unexpected TRUE
/home/projadmin/CobolEval/FrameWork/evaluation/preds/XMAiNframe-instruct-7b/instruct/task_func_26/task_func_26.cbl: in paragraph 'INITIALIZE-REPORT':
/home/projadmin/CobolEval/FrameWork/evaluation/preds/XMAiNframe-instruct-7b/instruct/task_func_26/task_func_26.cbl:54: error: 'HEADING-LINE' is not defined
   52 |     MOVE 1 TO PAGE-COUNT.
   53 |     MOVE 1 TO LINE-COUNT.
   54 >     WRITE OUTPUT-RECORD FROM HEADING-LINE.
   55 | INITIALIZE-REPORT-X.
   56 | 
/home/projadmin/CobolEval/FrameWork/evaluation/preds/XMAiNframe-instruct-7b/instruct/task_func_26/task_func_26.cbl: in paragraph 'PRINT-DEPARTMENT-TOTAL':
/home/projadmin/CobolEval/FrameWork/evaluation/preds/XMAiNframe-instruct-7b/instruct/task_func_26/task_func_26.cbl:58: error: 'TOTAL-SALES-AMOUNT' is not defined
   56 | 
   57 | PRINT-DEPARTMENT-TOTAL.
   58 >     MOVE DEPARTMENT-TOTAL-SALES TO TOTAL-SALES-AMOUNT.
   59 |     WRITE OUTPUT-RECORD FROM SUMMARY-LINE.
   60 |     MOVE ZERO TO DEPARTMENT-TOTAL-SALES.
/home/projadmin/CobolEval/FrameWork/evaluation/preds/XMAiNframe-instruct-7b/instruct/task_func_26/task_func_26.cbl:59: error: 'SUMMARY-LINE' is not defined
   57 | PRINT-DEPARTMENT-TOTAL.
   58 |     MOVE DEPARTMENT-TOTAL-SALES TO TOTAL-SALES-AMOUNT.
   59 >     WRITE OUTPUT-RECORD FROM SUMMARY-LINE.
   60 |     MOVE ZERO TO DEPARTMENT-TOTAL-SALES.
   61 | PRINT-DEPARTMENT-TOTAL-X.
/home/projadmin/CobolEval/FrameWork/evaluation/preds/XMAiNframe-instruct-7b/instruct/task_func_26/task_func_26.cbl: in paragraph 'FORMAT-DETAIL-LINE':
/home/projadmin/CobolEval/FrameWork/evaluation/preds/XMAiNframe-instruct-7b/instruct/task_func_26/task_func_26.cbl:64: error: 'DETAIL-LINE-SALESPERSON-ID' is not defined
   62 | 
   63 | FORMAT-DETAIL-LINE.
   64 >     MOVE SALESPERSON-ID TO DETAIL-LINE-SALESPERSON-ID.
   65 |     MOVE SALES-AMOUNT TO DETAIL-LINE-SALES-AMOUNT.
   66 |     WRITE OUTPUT-RECORD FROM DETAIL-LINE.
/home/projadmin/CobolEval/FrameWork/evaluation/preds/XMAiNframe-instruct-7b/instruct/task_func_26/task_func_26.cbl:65: error: 'DETAIL-LINE-SALES-AMOUNT' is not defined
   63 | FORMAT-DETAIL-LINE.
   64 |     MOVE SALESPERSON-ID TO DETAIL-LINE-SALESPERSON-ID.
   65 >     MOVE SALES-AMOUNT TO DETAIL-LINE-SALES-AMOUNT.
   66 |     WRITE OUTPUT-RECORD FROM DETAIL-LINE.
   67 | FORMAT-DETAIL-LINE-X.
/home/projadmin/CobolEval/FrameWork/evaluation/preds/XMAiNframe-instruct-7b/instruct/task_func_26/task_func_26.cbl:66: error: 'DETAIL-LINE' is not defined
   64 |     MOVE SALESPERSON-ID TO DETAIL-LINE-SALESPERSON-ID.
   65 |     MOVE SALES-AMOUNT TO DETAIL-LINE-SALES-AMOUNT.
   66 >     WRITE OUTPUT-RECORD FROM DETAIL-LINE.
   67 | FORMAT-DETAIL-LINE-X.
   68 | 
/home/projadmin/CobolEval/FrameWork/evaluation/preds/XMAiNframe-instruct-7b/instruct/task_func_26/task_func_26.cbl: in paragraph 'HEADING-LINE':
/home/projadmin/CobolEval/FrameWork/evaluation/preds/XMAiNframe-instruct-7b/instruct/task_func_26/task_func_26.cbl:70: error: 'H1-PAGE-NUMBER' is not defined
   68 | 
   69 | HEADING-LINE.
   70 >     MOVE PAGE-COUNT TO H1-PAGE-NUMBER.
   71 |     WRITE OUTPUT-RECORD FROM HEADING-LINE-1.
   72 |     WRITE OUTPUT-RECORD FROM HEADING-LINE-2.
/home/projadmin/CobolEval/FrameWork/evaluation/preds/XMAiNframe-instruct-7b/instruct/task_func_26/task_func_26.cbl:71: error: 'HEADING-LINE-1' is not defined
   69 | HEADING-LINE.
   70 |     MOVE PAGE-COUNT TO H1-PAGE-NUMBER.
   71 >     WRITE OUTPUT-RECORD FROM HEADING-LINE-1.
   72 |     WRITE OUTPUT-RECORD FROM HEADING-LINE-2.
   73 |     WRITE OUTPUT-RECORD FROM HEADING-LINE-3.
/home/projadmin/CobolEval/FrameWork/evaluation/preds/XMAiNframe-instruct-7b/instruct/task_func_26/task_func_26.cbl:72: error: 'HEADING-LINE-2' is not defined
   70 |     MOVE PAGE-COUNT TO H1-PAGE-NUMBER.
   71 |     WRITE OUTPUT-RECORD FROM HEADING-LINE-1.
   72 >     WRITE OUTPUT-RECORD FROM HEADING-LINE-2.
   73 |     WRITE OUTPUT-RECORD FROM HEADING-LINE-3.
   74 | HEADING-LINE-X.
/home/projadmin/CobolEval/FrameWork/evaluation/preds/XMAiNframe-instruct-7b/instruct/task_func_26/task_func_26.cbl:73: error: 'HEADING-LINE-3' is not defined
   71 |     WRITE OUTPUT-RECORD FROM HEADING-LINE-1.
   72 |     WRITE OUTPUT-RECORD FROM HEADING-LINE-2.
   73 >     WRITE OUTPUT-RECORD FROM HEADING-LINE-3.
   74 | HEADING-LINE-X.
   75 | 
/home/projadmin/CobolEval/FrameWork/evaluation/preds/XMAiNframe-instruct-7b/instruct/task_func_26/task_func_26.cbl: in paragraph 'HANDLE-DIFFERENT-DEPARTMENT':
/home/projadmin/CobolEval/FrameWork/evaluation/preds/XMAiNframe-instruct-7b/instruct/task_func_26/task_func_26.cbl:77: error: 'PREVIOUS-DEPARTMENT' is not defined
   75 | 
   76 | HANDLE-DIFFERENT-DEPARTMENT.
   77 >     MOVE CURRENT-DEPARTMENT TO PREVIOUS-DEPARTMENT.
   78 | HANDLE-DIFFERENT-DEPARTMENT-X.
   79 | 

2025-05-20 22:20:53.853 | WARNING  | utils:cmd:36 - Return code: 1
2025-05-20 22:20:53.853 | ERROR    | __main__:compile:227 - Compilation failed for task_func_26
2025-05-20 22:20:53.853 | INFO     | __main__:compile:156 - Processing program 26/46: task_func_27
2025-05-20 22:20:53.854 | INFO     | __main__:compile:165 - Code Similarity score started
2025-05-20 22:20:53.854 | INFO     | __main__:compile:177 - Compilation started
2025-05-20 22:20:53.854 | INFO     | __main__:compile:190 - compiling task_func_27
2025-05-20 22:20:53.875 | WARNING  | utils:cmd:35 - Err: /home/projadmin/CobolEval/FrameWork/evaluation/preds/XMAiNframe-instruct-7b/instruct/task_func_27/task_func_27.cbl:1: note: free format detected
    1 > IDENTIFICATION DIVISION.
    2 | PROGRAM-ID. CALCULATE-INTEREST.
    3 | ENVIRONMENT DIVISION.
/home/projadmin/CobolEval/FrameWork/evaluation/preds/XMAiNframe-instruct-7b/instruct/task_func_27/task_func_27.cbl: in paragraph 'MAIN-PROC':
/home/projadmin/CobolEval/FrameWork/evaluation/preds/XMAiNframe-instruct-7b/instruct/task_func_27/task_func_27.cbl:43: error: length of 'REPORT-LINE' out of bounds: 16
   41 |         MOVE 'New Balance:' TO REPORT-LINE(8:11)
   42 |         MOVE FUNCTION TRIM(ACCRUED-INTEREST) TO REPORT-LINE(29:5)
   43 >         MOVE 'Accrued Interest:' TO REPORT-LINE(35:16)
   44 |         WRITE OUTPUT-REC
   45 |         ADD 1 TO I

2025-05-20 22:20:53.875 | WARNING  | utils:cmd:36 - Return code: 1
2025-05-20 22:20:53.875 | ERROR    | __main__:compile:227 - Compilation failed for task_func_27
2025-05-20 22:20:53.875 | INFO     | __main__:compile:156 - Processing program 27/46: task_func_28
2025-05-20 22:20:53.875 | INFO     | __main__:compile:165 - Code Similarity score started
2025-05-20 22:20:53.875 | INFO     | __main__:compile:177 - Compilation started
2025-05-20 22:20:53.876 | INFO     | __main__:compile:190 - compiling task_func_28
2025-05-20 22:20:53.898 | WARNING  | utils:cmd:35 - Err: /home/projadmin/CobolEval/FrameWork/evaluation/preds/XMAiNframe-instruct-7b/instruct/task_func_28/task_func_28.cbl:1: note: free format detected
    1 > IDENTIFICATION DIVISION.
    2 | PROGRAM-ID. DUPLICATE-COUNTING.
    3 | ENVIRONMENT DIVISION.
/home/projadmin/CobolEval/FrameWork/evaluation/preds/XMAiNframe-instruct-7b/instruct/task_func_28/task_func_28.cbl: in section 'MAIN-LOGIC':
/home/projadmin/CobolEval/FrameWork/evaluation/preds/XMAiNframe-instruct-7b/instruct/task_func_28/task_func_28.cbl: in paragraph 'READ-RTN':
/home/projadmin/CobolEval/FrameWork/evaluation/preds/XMAiNframe-instruct-7b/instruct/task_func_28/task_func_28.cbl:43: error: 'WS-EOF' is not defined
   41 | READ-RTN.
   42 |     READ INP-FILE INTO INP-REC
   43 >     AT END MOVE 'Y' TO WS-EOF
   44 |     NOT AT END PERFORM PROCESS-RTN
   45 |     END-READ.
/home/projadmin/CobolEval/FrameWork/evaluation/preds/XMAiNframe-instruct-7b/instruct/task_func_28/task_func_28.cbl: in paragraph 'PROCESS-RTN':
/home/projadmin/CobolEval/FrameWork/evaluation/preds/XMAiNframe-instruct-7b/instruct/task_func_28/task_func_28.cbl:56: error: 'I' is not defined
   54 |     WRITE OUT-REC FROM INP-REC
   55 |     SET WS-DUPLICATE-COUNT TO 1
   56 >     PERFORM VARYING I FROM 1 BY 1 UNTIL I > WS-REC-COUNT
   57 |         IF INP-REC = OUT-REC(I)
   58 |             ADD 1 TO WS-DUPLICATE-COUNT
/home/projadmin/CobolEval/FrameWork/evaluation/preds/XMAiNframe-instruct-7b/instruct/task_func_28/task_func_28.cbl:57: error: 'OUT-REC' cannot be subscripted
   55 |     SET WS-DUPLICATE-COUNT TO 1
   56 |     PERFORM VARYING I FROM 1 BY 1 UNTIL I > WS-REC-COUNT
   57 >         IF INP-REC = OUT-REC(I)
   58 |             ADD 1 TO WS-DUPLICATE-COUNT
   59 |         END-IF
/home/projadmin/CobolEval/FrameWork/evaluation/preds/XMAiNframe-instruct-7b/instruct/task_func_28/task_func_28.cbl: in paragraph 'MAIN-LOGIC-RTN-X':
/home/projadmin/CobolEval/FrameWork/evaluation/preds/XMAiNframe-instruct-7b/instruct/task_func_28/task_func_28.cbl:72: error: syntax error, unexpected PERFORM, expecting SECTION or .
   70 | MAIN-LOGIC-RTN-X.
   71 |     INITIALIZE-RTN
   72 >     PERFORM UNTIL WS-EOF = 'Y'
   73 |         READ-RTN
   74 |     END-PERFORM
/home/projadmin/CobolEval/FrameWork/evaluation/preds/XMAiNframe-instruct-7b/instruct/task_func_28/task_func_28.cbl:71: error: redefinition of 'INITIALIZE-RTN'
   69 |     STOP RUN.
   70 | MAIN-LOGIC-RTN-X.
   71 >     INITIALIZE-RTN
   72 |     PERFORM UNTIL WS-EOF = 'Y'
   73 |         READ-RTN

2025-05-20 22:20:53.898 | WARNING  | utils:cmd:36 - Return code: 1
2025-05-20 22:20:53.898 | ERROR    | __main__:compile:227 - Compilation failed for task_func_28
2025-05-20 22:20:53.898 | INFO     | __main__:compile:156 - Processing program 28/46: task_func_29
2025-05-20 22:20:53.899 | INFO     | __main__:compile:165 - Code Similarity score started
2025-05-20 22:20:53.899 | INFO     | __main__:compile:177 - Compilation started
2025-05-20 22:20:53.899 | INFO     | __main__:compile:190 - compiling task_func_29
2025-05-20 22:20:53.920 | WARNING  | utils:cmd:35 - Err: /home/projadmin/CobolEval/FrameWork/evaluation/preds/XMAiNframe-instruct-7b/instruct/task_func_29/task_func_29.cbl:1: note: free format detected
    1 > IDENTIFICATION DIVISION.
    2 | PROGRAM-ID. DUPLICATE-NAME-ANALYZER.
    3 | 
/home/projadmin/CobolEval/FrameWork/evaluation/preds/XMAiNframe-instruct-7b/instruct/task_func_29/task_func_29.cbl: in paragraph 'READ-NEXT-RECORD':
/home/projadmin/CobolEval/FrameWork/evaluation/preds/XMAiNframe-instruct-7b/instruct/task_func_29/task_func_29.cbl:44: error: 'END-OF-FILE' is not defined
   42 | READ-NEXT-RECORD.
   43 |     READ INPUT-FILE INTO INPUT-RECORD.
   44 >     IF NOT END-OF-FILE
   45 |         PERFORM PROCESS-RECORD THRU PROCESS-RECORD-X
   46 |     ELSE

2025-05-20 22:20:53.920 | WARNING  | utils:cmd:36 - Return code: 1
2025-05-20 22:20:53.920 | ERROR    | __main__:compile:227 - Compilation failed for task_func_29
2025-05-20 22:20:53.920 | INFO     | __main__:compile:156 - Processing program 29/46: task_func_30
2025-05-20 22:20:53.920 | INFO     | __main__:compile:165 - Code Similarity score started
2025-05-20 22:20:53.920 | INFO     | __main__:compile:177 - Compilation started
2025-05-20 22:20:53.921 | INFO     | __main__:compile:190 - compiling task_func_30
2025-05-20 22:20:53.941 | WARNING  | utils:cmd:35 - Err: /home/projadmin/CobolEval/FrameWork/evaluation/preds/XMAiNframe-instruct-7b/instruct/task_func_30/task_func_30.cbl:1: note: free format detected
    1 > d - frequency
    2 | 
    3 | Code:
/home/projadmin/CobolEval/FrameWork/evaluation/preds/XMAiNframe-instruct-7b/instruct/task_func_30/task_func_30.cbl:34: warning: ignoring unknown directive: 'PROCESS INPUT' [-Wothers]
   32 | 
   33 | PROCESS-RTN.
   34 >     PERFORM UNTIL END-OF-FILE-FLAG = 'Y'
   35 |         PROCESS INPUT-RECORD
   36 |         READ INPUT-FILE AT END MOVE 'Y' TO END-OF-FILE-FLAG
/home/projadmin/CobolEval/FrameWork/evaluation/preds/XMAiNframe-instruct-7b/instruct/task_func_30/task_func_30.cbl:49: warning: line not terminated by a newline [-Wmissing-newline]
   47 | WRITE-RTN-X.
   48 | 
   49 > STOP RUN.<EOF>
/home/projadmin/CobolEval/FrameWork/evaluation/preds/XMAiNframe-instruct-7b/instruct/task_func_30/task_func_30.cbl:1: error: PROGRAM-ID header missing
    1 > d - frequency
    2 | 
    3 | Code:
/home/projadmin/CobolEval/FrameWork/evaluation/preds/XMAiNframe-instruct-7b/instruct/task_func_30/task_func_30.cbl:1: error: ENVIRONMENT DIVISION header missing
/home/projadmin/CobolEval/FrameWork/evaluation/preds/XMAiNframe-instruct-7b/instruct/task_func_30/task_func_30.cbl:1: error: CONFIGURATION SECTION header missing
/home/projadmin/CobolEval/FrameWork/evaluation/preds/XMAiNframe-instruct-7b/instruct/task_func_30/task_func_30.cbl:1: error: SPECIAL-NAMES header missing
/home/projadmin/CobolEval/FrameWork/evaluation/preds/XMAiNframe-instruct-7b/instruct/task_func_30/task_func_30.cbl:1: error: invalid system-name 'd'
/home/projadmin/CobolEval/FrameWork/evaluation/preds/XMAiNframe-instruct-7b/instruct/task_func_30/task_func_30.cbl:1: error: syntax error, unexpected -, expecting CRT or Identifier
/home/projadmin/CobolEval/FrameWork/evaluation/preds/XMAiNframe-instruct-7b/instruct/task_func_30/task_func_30.cbl:1: error: invalid system-name 'frequency'
/home/projadmin/CobolEval/FrameWork/evaluation/preds/XMAiNframe-instruct-7b/instruct/task_func_30/task_func_30.cbl:3: error: syntax error, unexpected CODE, expecting CRT or Identifier
    1 | d - frequency
    2 | 
    3 > Code:
    4 | <|assistant|>
    5 | IDENTIFICATION DIVISION.
/home/projadmin/CobolEval/FrameWork/evaluation/preds/XMAiNframe-instruct-7b/instruct/task_func_30/task_func_30.cbl:3: error: syntax error, unexpected :
/home/projadmin/CobolEval/FrameWork/evaluation/preds/XMAiNframe-instruct-7b/instruct/task_func_30/task_func_30.cbl:4: error: invalid symbol '|' - skipping word
    2 | 
    3 | Code:
    4 > <|assistant|>
    5 | IDENTIFICATION DIVISION.
    6 | PROGRAM-ID. WORD-FREQUENCY-COUNT.

2025-05-20 22:20:53.941 | WARNING  | utils:cmd:36 - Return code: 1
2025-05-20 22:20:53.941 | ERROR    | __main__:compile:227 - Compilation failed for task_func_30
2025-05-20 22:20:53.942 | INFO     | __main__:compile:156 - Processing program 30/46: task_func_31
2025-05-20 22:20:53.942 | INFO     | __main__:compile:165 - Code Similarity score started
2025-05-20 22:20:53.942 | INFO     | __main__:compile:177 - Compilation started
2025-05-20 22:20:53.942 | INFO     | __main__:compile:190 - compiling task_func_31
2025-05-20 22:20:53.963 | WARNING  | utils:cmd:35 - Err: /home/projadmin/CobolEval/FrameWork/evaluation/preds/XMAiNframe-instruct-7b/instruct/task_func_31/task_func_31.cbl:1: note: free format detected
    1 > IDENTIFICATION DIVISION.
    2 | PROGRAM-ID. CALCULATE-WEATHER-STATS.
    3 | ENVIRONMENT DIVISION.
/home/projadmin/CobolEval/FrameWork/evaluation/preds/XMAiNframe-instruct-7b/instruct/task_func_31/task_func_31.cbl: in paragraph 'PROCESS-DATA':
/home/projadmin/CobolEval/FrameWork/evaluation/preds/XMAiNframe-instruct-7b/instruct/task_func_31/task_func_31.cbl:37: error: 'TOTAL-TEMPERATURE' is not defined
   35 |     STOP RUN.
   36 | PROCESS-DATA.
   37 >     INITIALIZE MAX-TEMPERATURE, MIN-TEMPERATURE, TOTAL-TEMPERATURE, RECOR..
   38 |     PERFORM VARYING I FROM 1 BY 1 UNTIL EOF-FLAG = 'T'
   39 |         COMPUTE TOTAL-TEMPERATURE = TOTAL-TEMPERATURE + TEMPERATURE
/home/projadmin/CobolEval/FrameWork/evaluation/preds/XMAiNframe-instruct-7b/instruct/task_func_31/task_func_31.cbl:37: error: 'RECORD-COUNT' is not defined
/home/projadmin/CobolEval/FrameWork/evaluation/preds/XMAiNframe-instruct-7b/instruct/task_func_31/task_func_31.cbl:38: error: 'I' is not defined
   36 | PROCESS-DATA.
   37 |     INITIALIZE MAX-TEMPERATURE, MIN-TEMPERATURE, TOTAL-TEMPERATURE, RECOR..
   38 >     PERFORM VARYING I FROM 1 BY 1 UNTIL EOF-FLAG = 'T'
   39 |         COMPUTE TOTAL-TEMPERATURE = TOTAL-TEMPERATURE + TEMPERATURE
   40 |         ADD 1 TO RECORD-COUNT

2025-05-20 22:20:53.963 | WARNING  | utils:cmd:36 - Return code: 1
2025-05-20 22:20:53.963 | ERROR    | __main__:compile:227 - Compilation failed for task_func_31
2025-05-20 22:20:53.963 | INFO     | __main__:compile:156 - Processing program 31/46: task_func_32
2025-05-20 22:20:53.963 | INFO     | __main__:compile:165 - Code Similarity score started
2025-05-20 22:20:53.963 | INFO     | __main__:compile:177 - Compilation started
2025-05-20 22:20:53.964 | INFO     | __main__:compile:190 - compiling task_func_32
2025-05-20 22:20:53.984 | WARNING  | utils:cmd:35 - Err: /home/projadmin/CobolEval/FrameWork/evaluation/preds/XMAiNframe-instruct-7b/instruct/task_func_32/task_func_32.cbl:1: note: free format detected
    1 > IDENTIFICATION DIVISION.
    2 | PROGRAM-ID. CALCULATE-AVERAGE-SPEED.
    3 | ENVIRONMENT DIVISION.
/home/projadmin/CobolEval/FrameWork/evaluation/preds/XMAiNframe-instruct-7b/instruct/task_func_32/task_func_32.cbl: in section 'MAIN-LOGIC':
/home/projadmin/CobolEval/FrameWork/evaluation/preds/XMAiNframe-instruct-7b/instruct/task_func_32/task_func_32.cbl: in paragraph 'CALCULATE-AVERAGE-RTN':
/home/projadmin/CobolEval/FrameWork/evaluation/preds/XMAiNframe-instruct-7b/instruct/task_func_32/task_func_32.cbl:31: error: 'TOTAL-SPEED' is not defined
   29 | CALCULATE-AVERAGE-RTN.
   30 |     PERFORM UNTIL END-OF-FILE
   31 >         COMPUTE TOTAL-SPEED = FUNCTION SUM(SPEED)
   32 |         COMPUTE TOTAL-COUNT = COUNT(SPEED)
   33 |         DIVIDE TOTAL-SPEED BY TOTAL-COUNT GIVING AVERAGE-SPEED
/home/projadmin/CobolEval/FrameWork/evaluation/preds/XMAiNframe-instruct-7b/instruct/task_func_32/task_func_32.cbl:32: error: 'TOTAL-COUNT' is not defined
   30 |     PERFORM UNTIL END-OF-FILE
   31 |         COMPUTE TOTAL-SPEED = FUNCTION SUM(SPEED)
   32 >         COMPUTE TOTAL-COUNT = COUNT(SPEED)
   33 |         DIVIDE TOTAL-SPEED BY TOTAL-COUNT GIVING AVERAGE-SPEED
   34 |         WRITE OUTPUT-RECORD
/home/projadmin/CobolEval/FrameWork/evaluation/preds/XMAiNframe-instruct-7b/instruct/task_func_32/task_func_32.cbl:32: error: syntax error, unexpected COUNT

2025-05-20 22:20:53.984 | WARNING  | utils:cmd:36 - Return code: 1
2025-05-20 22:20:53.984 | ERROR    | __main__:compile:227 - Compilation failed for task_func_32
2025-05-20 22:20:53.984 | INFO     | __main__:compile:156 - Processing program 32/46: task_func_33
2025-05-20 22:20:53.985 | INFO     | __main__:compile:165 - Code Similarity score started
2025-05-20 22:20:53.985 | INFO     | __main__:compile:177 - Compilation started
2025-05-20 22:20:53.985 | INFO     | __main__:compile:190 - compiling task_func_33
2025-05-20 22:20:54.005 | WARNING  | utils:cmd:35 - Err: /home/projadmin/CobolEval/FrameWork/evaluation/preds/XMAiNframe-instruct-7b/instruct/task_func_33/task_func_33.cbl:1: note: free format detected
    1 > IDENTIFICATION DIVISION.
    2 | PROGRAM-ID. MERGE-WEATHER-DATA.
    3 | ENVIRONMENT DIVISION.
/home/projadmin/CobolEval/FrameWork/evaluation/preds/XMAiNframe-instruct-7b/instruct/task_func_33/task_func_33.cbl: in paragraph 'MAIN-LOGIC':
/home/projadmin/CobolEval/FrameWork/evaluation/preds/XMAiNframe-instruct-7b/instruct/task_func_33/task_func_33.cbl:35: error: 'HEADER-RECORD' is not defined
   33 |     OPEN OUTPUT OUTPUT-FILE.
   34 | 
   35 >     WRITE OUTPUT-RECORD FROM HEADER-RECORD.
   36 | 
   37 |     PERFORM UNTIL END-OF-FILE-FLAG-1 = 'Y' AND END-OF-FILE-FLAG-2 = 'Y'
/home/projadmin/CobolEval/FrameWork/evaluation/preds/XMAiNframe-instruct-7b/instruct/task_func_33/task_func_33.cbl: in paragraph 'HEADER-RECORD':
/home/projadmin/CobolEval/FrameWork/evaluation/preds/XMAiNframe-instruct-7b/instruct/task_func_33/task_func_33.cbl:67: error: syntax error, unexpected FILLER, expecting SECTION or .
   65 | 
   66 | HEADER-RECORD.
   67 >     05  FILLER PIC X(8) VALUE 'TIMESTAMP'.
   68 |     05  FILLER PIC X(10) VALUE 'CONDITION'.
   69 | 
/home/projadmin/CobolEval/FrameWork/evaluation/preds/XMAiNframe-instruct-7b/instruct/task_func_33/task_func_33.cbl:67: note: unknown statement '05'

2025-05-20 22:20:54.005 | WARNING  | utils:cmd:36 - Return code: 1
2025-05-20 22:20:54.005 | ERROR    | __main__:compile:227 - Compilation failed for task_func_33
2025-05-20 22:20:54.006 | INFO     | __main__:compile:156 - Processing program 33/46: task_func_34
2025-05-20 22:20:54.006 | INFO     | __main__:compile:165 - Code Similarity score started
2025-05-20 22:20:54.006 | INFO     | __main__:compile:177 - Compilation started
2025-05-20 22:20:54.006 | INFO     | __main__:compile:190 - compiling task_func_34
2025-05-20 22:20:54.027 | WARNING  | utils:cmd:35 - Err: /home/projadmin/CobolEval/FrameWork/evaluation/preds/XMAiNframe-instruct-7b/instruct/task_func_34/task_func_34.cbl:1: note: free format detected
    1 > IDENTIFICATION DIVISION.
    2 | PROGRAM-ID. CALCULATE-BILLS.
    3 | ENVIRONMENT DIVISION.
/home/projadmin/CobolEval/FrameWork/evaluation/preds/XMAiNframe-instruct-7b/instruct/task_func_34/task_func_34.cbl:42: error: group item 'SUBTOTAL' cannot have PICTURE clause
   40 |     05 TOTAL-AMOUNT-DUE-OUT PIC $ZZZ9.99.
   41 | WORKING-STORAGE SECTION.
   42 > 01  SUBTOTAL PIC 9(3)V9(2).
   43 |     05 TAX-AMOUNT PIC 9(3)V9(2).
   44 |     05 TOTAL-AMOUNT-DUE PIC 9(4)V9(2).
/home/projadmin/CobolEval/FrameWork/evaluation/preds/XMAiNframe-instruct-7b/instruct/task_func_34/task_func_34.cbl: in paragraph 'PROCESS-CUSTOMER':
/home/projadmin/CobolEval/FrameWork/evaluation/preds/XMAiNframe-instruct-7b/instruct/task_func_34/task_func_34.cbl:64: error: 'SUBTOTAL' is not a numeric or numeric-edited name
   62 | 
   63 | PROCESS-CUSTOMER.
   64 >     MULTIPLY UNIT-PRICE BY QUANTITY-PURCHASED GIVING SUBTOTAL.
   65 |     MULTIPLY SUBTOTAL BY TAX-RATE GIVING TAX-AMOUNT.
   66 |     ADD SUBTOTAL TO TAX-AMOUNT GIVING TOTAL-AMOUNT-DUE.
/home/projadmin/CobolEval/FrameWork/evaluation/preds/XMAiNframe-instruct-7b/instruct/task_func_34/task_func_34.cbl:65: error: 'SUBTOTAL' is not numeric
   63 | PROCESS-CUSTOMER.
   64 |     MULTIPLY UNIT-PRICE BY QUANTITY-PURCHASED GIVING SUBTOTAL.
   65 >     MULTIPLY SUBTOTAL BY TAX-RATE GIVING TAX-AMOUNT.
   66 |     ADD SUBTOTAL TO TAX-AMOUNT GIVING TOTAL-AMOUNT-DUE.
   67 |     WRITE BILL-RECORD.
/home/projadmin/CobolEval/FrameWork/evaluation/preds/XMAiNframe-instruct-7b/instruct/task_func_34/task_func_34.cbl:66: error: 'SUBTOTAL' is not numeric
   64 |     MULTIPLY UNIT-PRICE BY QUANTITY-PURCHASED GIVING SUBTOTAL.
   65 |     MULTIPLY SUBTOTAL BY TAX-RATE GIVING TAX-AMOUNT.
   66 >     ADD SUBTOTAL TO TAX-AMOUNT GIVING TOTAL-AMOUNT-DUE.
   67 |     WRITE BILL-RECORD.
   68 | PROCESS-CUSTOMER-X.

2025-05-20 22:20:54.027 | WARNING  | utils:cmd:36 - Return code: 1
2025-05-20 22:20:54.027 | ERROR    | __main__:compile:227 - Compilation failed for task_func_34
2025-05-20 22:20:54.027 | INFO     | __main__:compile:156 - Processing program 34/46: task_func_35
2025-05-20 22:20:54.027 | INFO     | __main__:compile:165 - Code Similarity score started
2025-05-20 22:20:54.027 | INFO     | __main__:compile:177 - Compilation started
2025-05-20 22:20:54.028 | INFO     | __main__:compile:190 - compiling task_func_35
2025-05-20 22:20:54.050 | WARNING  | utils:cmd:35 - Err: /home/projadmin/CobolEval/FrameWork/evaluation/preds/XMAiNframe-instruct-7b/instruct/task_func_35/task_func_35.cbl:4: error: invalid indicator 's' at column 7
    2 | 
    3 | Code:
    4 > <|assistant|>
    5 | IDENTIFICATION DIVISION.
    6 | PROGRAM-ID. UPDATE-MASTER-FILE.
/home/projadmin/CobolEval/FrameWork/evaluation/preds/XMAiNframe-instruct-7b/instruct/task_func_35/task_func_35.cbl:5: error: invalid indicator 'F' at column 7
    3 | Code:
    4 | <|assistant|>
    5 > IDENTIFICATION DIVISION.
    6 | PROGRAM-ID. UPDATE-MASTER-FILE.
    7 | 
/home/projadmin/CobolEval/FrameWork/evaluation/preds/XMAiNframe-instruct-7b/instruct/task_func_35/task_func_35.cbl:6: error: invalid indicator 'M' at column 7
    4 | <|assistant|>
    5 | IDENTIFICATION DIVISION.
    6 > PROGRAM-ID. UPDATE-MASTER-FILE.
    7 | 
    8 | ENVIRONMENT DIVISION.
/home/projadmin/CobolEval/FrameWork/evaluation/preds/XMAiNframe-instruct-7b/instruct/task_func_35/task_func_35.cbl:8: error: invalid indicator 'N' at column 7
    6 | PROGRAM-ID. UPDATE-MASTER-FILE.
    7 | 
    8 > ENVIRONMENT DIVISION.
    9 | INPUT-OUTPUT SECTION.
   10 | FILE-CONTROL.
/home/projadmin/CobolEval/FrameWork/evaluation/preds/XMAiNframe-instruct-7b/instruct/task_func_35/task_func_35.cbl:9: error: invalid indicator 'O' at column 7
    7 | 
    8 | ENVIRONMENT DIVISION.
    9 > INPUT-OUTPUT SECTION.
   10 | FILE-CONTROL.
   11 |     SELECT INP-FILE-1 ASSIGN TO task_func35_inp1.
/home/projadmin/CobolEval/FrameWork/evaluation/preds/XMAiNframe-instruct-7b/instruct/task_func_35/task_func_35.cbl:10: error: invalid indicator 'O' at column 7
    8 | ENVIRONMENT DIVISION.
    9 | INPUT-OUTPUT SECTION.
   10 > FILE-CONTROL.
   11 |     SELECT INP-FILE-1 ASSIGN TO task_func35_inp1.
   12 |     SELECT INP-FILE-2 ASSIGN TO task_func35_inp2.
/home/projadmin/CobolEval/FrameWork/evaluation/preds/XMAiNframe-instruct-7b/instruct/task_func_35/task_func_35.cbl:11: error: invalid indicator 'L' at column 7
    9 | INPUT-OUTPUT SECTION.
   10 | FILE-CONTROL.
   11 >     SELECT INP-FILE-1 ASSIGN TO task_func35_inp1.
   12 |     SELECT INP-FILE-2 ASSIGN TO task_func35_inp2.
   13 |     SELECT OUT-FILE ASSIGN TO task_func35_out.
/home/projadmin/CobolEval/FrameWork/evaluation/preds/XMAiNframe-instruct-7b/instruct/task_func_35/task_func_35.cbl:12: error: invalid indicator 'L' at column 7
   10 | FILE-CONTROL.
   11 |     SELECT INP-FILE-1 ASSIGN TO task_func35_inp1.
   12 >     SELECT INP-FILE-2 ASSIGN TO task_func35_inp2.
   13 |     SELECT OUT-FILE ASSIGN TO task_func35_out.
   14 | 
/home/projadmin/CobolEval/FrameWork/evaluation/preds/XMAiNframe-instruct-7b/instruct/task_func_35/task_func_35.cbl:13: error: invalid indicator 'L' at column 7
   11 |     SELECT INP-FILE-1 ASSIGN TO task_func35_inp1.
   12 |     SELECT INP-FILE-2 ASSIGN TO task_func35_inp2.
   13 >     SELECT OUT-FILE ASSIGN TO task_func35_out.
   14 | 
   15 | DATA DIVISION.
/home/projadmin/CobolEval/FrameWork/evaluation/preds/XMAiNframe-instruct-7b/instruct/task_func_35/task_func_35.cbl:15: error: invalid indicator 'I' at column 7
   13 |     SELECT OUT-FILE ASSIGN TO task_func35_out.
   14 | 
   15 > DATA DIVISION.
   16 | FILE SECTION.
   17 | FD  INP-FILE-1.
/home/projadmin/CobolEval/FrameWork/evaluation/preds/XMAiNframe-instruct-7b/instruct/task_func_35/task_func_35.cbl:16: error: invalid indicator 'E' at column 7
   14 | 
   15 | DATA DIVISION.
   16 > FILE SECTION.
   17 | FD  INP-FILE-1.
   18 |     01  INPUT-REC-1.
/home/projadmin/CobolEval/FrameWork/evaluation/preds/XMAiNframe-instruct-7b/instruct/task_func_35/task_func_35.cbl:17: error: invalid indicator 'P' at column 7
   15 | DATA DIVISION.
   16 | FILE SECTION.
   17 > FD  INP-FILE-1.
   18 |     01  INPUT-REC-1.
   19 |         05  ACCOUNT-NO-1 PIC X(5).
/home/projadmin/CobolEval/FrameWork/evaluation/preds/XMAiNframe-instruct-7b/instruct/task_func_35/task_func_35.cbl:21: error: invalid indicator 'P' at column 7
   19 |         05  ACCOUNT-NO-1 PIC X(5).
   20 |         05  AMOUNT-1 PIC 9(4)V99.
   21 > FD  INP-FILE-2.
   22 |     01  INPUT-REC-2.
   23 |         05  ACCOUNT-NO-2 PIC X(5).
/home/projadmin/CobolEval/FrameWork/evaluation/preds/XMAiNframe-instruct-7b/instruct/task_func_35/task_func_35.cbl:25: error: invalid indicator 'T' at column 7
   23 |         05  ACCOUNT-NO-2 PIC X(5).
   24 |         05  AMOUNT-2 PIC 9(4)V99.
   25 > FD  OUT-FILE.
   26 |     01  OUTPUT-REC.
   27 |         05  ACCOUNT-NO-OUT PIC X(5).
/home/projadmin/CobolEval/FrameWork/evaluation/preds/XMAiNframe-instruct-7b/instruct/task_func_35/task_func_35.cbl:30: error: invalid indicator 'G' at column 7
   28 |         05  AMOUNT-OUT PIC 9(5)V99.
   29 | 
   30 > WORKING-STORAGE SECTION.
   31 |     01  END-OF-INP-FILE-1 PIC X VALUE 'N'.
   32 |     01  END-OF-INP-FILE-2 PIC X VALUE 'N'.
/home/projadmin/CobolEval/FrameWork/evaluation/preds/XMAiNframe-instruct-7b/instruct/task_func_35/task_func_35.cbl:34: error: invalid indicator 'U' at column 7
   32 |     01  END-OF-INP-FILE-2 PIC X VALUE 'N'.
   33 | 
   34 > PROCEDURE DIVISION.
   35 | MAIN-LOGIC.
   36 |     OPEN INPUT INP-FILE-1.
/home/projadmin/CobolEval/FrameWork/evaluation/preds/XMAiNframe-instruct-7b/instruct/task_func_35/task_func_35.cbl:35: error: invalid indicator 'O' at column 7
   33 | 
   34 | PROCEDURE DIVISION.
   35 > MAIN-LOGIC.
   36 |     OPEN INPUT INP-FILE-1.
   37 |     OPEN INPUT INP-FILE-2.
/home/projadmin/CobolEval/FrameWork/evaluation/preds/XMAiNframe-instruct-7b/instruct/task_func_35/task_func_35.cbl:36: error: invalid indicator 'E' at column 7
   34 | PROCEDURE DIVISION.
   35 | MAIN-LOGIC.
   36 >     OPEN INPUT INP-FILE-1.
   37 |     OPEN INPUT INP-FILE-2.
   38 |     OPEN OUTPUT OUT-FILE.
/home/projadmin/CobolEval/FrameWork/evaluation/preds/XMAiNframe-instruct-7b/instruct/task_func_35/task_func_35.cbl:37: error: invalid indicator 'E' at column 7
   35 | MAIN-LOGIC.
   36 |     OPEN INPUT INP-FILE-1.
   37 >     OPEN INPUT INP-FILE-2.
   38 |     OPEN OUTPUT OUT-FILE.
   39 | 
/home/projadmin/CobolEval/FrameWork/evaluation/preds/XMAiNframe-instruct-7b/instruct/task_func_35/task_func_35.cbl:38: error: invalid indicator 'E' at column 7
   36 |     OPEN INPUT INP-FILE-1.
   37 |     OPEN INPUT INP-FILE-2.
   38 >     OPEN OUTPUT OUT-FILE.
   39 | 
   40 |     PERFORM READ-AND-PROCESS-RECORDS THRU READ-AND-PROCESS-RECORDS-X.
/home/projadmin/CobolEval/FrameWork/evaluation/preds/XMAiNframe-instruct-7b/instruct/task_func_35/task_func_35.cbl:40: error: invalid indicator 'R' at column 7
   38 |     OPEN OUTPUT OUT-FILE.
   39 | 
   40 >     PERFORM READ-AND-PROCESS-RECORDS THRU READ-AND-PROCESS-RECORDS-X.
   41 | 
   42 |     CLOSE INP-FILE-1.
/home/projadmin/CobolEval/FrameWork/evaluation/preds/XMAiNframe-instruct-7b/instruct/task_func_35/task_func_35.cbl:42: error: invalid indicator 'O' at column 7
   40 |     PERFORM READ-AND-PROCESS-RECORDS THRU READ-AND-PROCESS-RECORDS-X.
   41 | 
   42 >     CLOSE INP-FILE-1.
   43 |     CLOSE INP-FILE-2.
   44 |     CLOSE OUT-FILE.
/home/projadmin/CobolEval/FrameWork/evaluation/preds/XMAiNframe-instruct-7b/instruct/task_func_35/task_func_35.cbl:43: error: invalid indicator 'O' at column 7
   41 | 
   42 |     CLOSE INP-FILE-1.
   43 >     CLOSE INP-FILE-2.
   44 |     CLOSE OUT-FILE.
   45 | 
/home/projadmin/CobolEval/FrameWork/evaluation/preds/XMAiNframe-instruct-7b/instruct/task_func_35/task_func_35.cbl:44: error: invalid indicator 'O' at column 7
   42 |     CLOSE INP-FILE-1.
   43 |     CLOSE INP-FILE-2.
   44 >     CLOSE OUT-FILE.
   45 | 
   46 |     STOP RUN.
/home/projadmin/CobolEval/FrameWork/evaluation/preds/XMAiNframe-instruct-7b/instruct/task_func_35/task_func_35.cbl:46: error: invalid indicator 'O' at column 7
   44 |     CLOSE OUT-FILE.
   45 | 
   46 >     STOP RUN.
   47 | 
   48 | READ-AND-PROCESS-RECORDS.
/home/projadmin/CobolEval/FrameWork/evaluation/preds/XMAiNframe-instruct-7b/instruct/task_func_35/task_func_35.cbl:48: error: invalid indicator 'N' at column 7
   46 |     STOP RUN.
   47 | 
   48 > READ-AND-PROCESS-RECORDS.
   49 |     PERFORM UNTIL END-OF-INP-FILE-1 = 'Y' AND END-OF-INP-FILE-2 = 'Y'
   50 |         READ INP-FILE-1 RECORD INTO INPUT-REC-1
/home/projadmin/CobolEval/FrameWork/evaluation/preds/XMAiNframe-instruct-7b/instruct/task_func_35/task_func_35.cbl:49: error: invalid indicator 'R' at column 7
   47 | 
   48 | READ-AND-PROCESS-RECORDS.
   49 >     PERFORM UNTIL END-OF-INP-FILE-1 = 'Y' AND END-OF-INP-FILE-2 = 'Y'
   50 |         READ INP-FILE-1 RECORD INTO INPUT-REC-1
   51 |             AT END MOVE 'Y' TO END-OF-INP-FILE-1
/home/projadmin/CobolEval/FrameWork/evaluation/preds/XMAiNframe-instruct-7b/instruct/task_func_35/task_func_35.cbl:67: error: invalid indicator 'N' at column 7
   65 |         END-EVALUATE
   66 |     END-PERFORM.
   67 > READ-AND-PROCESS-RECORDS-X.
   68 | 
   69 | STOP RUN.<EOF>
/home/projadmin/CobolEval/FrameWork/evaluation/preds/XMAiNframe-instruct-7b/instruct/task_func_35/task_func_35.cbl:69: warning: line not terminated by a newline [-Wmissing-newline]
   67 | READ-AND-PROCESS-RECORDS-X.
   68 | 
   69 > STOP RUN.<EOF>
/home/projadmin/CobolEval/FrameWork/evaluation/preds/XMAiNframe-instruct-7b/instruct/task_func_35/task_func_35.cbl:69: error: invalid indicator 'U' at column 7
/home/projadmin/CobolEval/FrameWork/evaluation/preds/XMAiNframe-instruct-7b/instruct/task_func_35/task_func_35.cbl:1: error: PROGRAM-ID header missing
    1 > number order.
    2 | 
    3 | Code:
/home/projadmin/CobolEval/FrameWork/evaluation/preds/XMAiNframe-instruct-7b/instruct/task_func_35/task_func_35.cbl:1: error: PROCEDURE DIVISION header missing
/home/projadmin/CobolEval/FrameWork/evaluation/preds/XMAiNframe-instruct-7b/instruct/task_func_35/task_func_35.cbl:1: error: syntax error, unexpected ORDER
/home/projadmin/CobolEval/FrameWork/evaluation/preds/XMAiNframe-instruct-7b/instruct/task_func_35/task_func_35.cbl: in paragraph 'INPUT-REC-1':
/home/projadmin/CobolEval/FrameWork/evaluation/preds/XMAiNframe-instruct-7b/instruct/task_func_35/task_func_35.cbl:19: error: syntax error, unexpected Identifier, expecting SECTION or .
   17 | FD  INP-FILE-1.
   18 |     01  INPUT-REC-1.
   19 >         05  ACCOUNT-NO-1 PIC X(5).
   20 |         05  AMOUNT-1 PIC 9(4)V99.
   21 | FD  INP-FILE-2.
/home/projadmin/CobolEval/FrameWork/evaluation/preds/XMAiNframe-instruct-7b/instruct/task_func_35/task_func_35.cbl:19: note: unknown statement '05'
/home/projadmin/CobolEval/FrameWork/evaluation/preds/XMAiNframe-instruct-7b/instruct/task_func_35/task_func_35.cbl:20: error: syntax error, unexpected Identifier, expecting SECTION or .
   18 |     01  INPUT-REC-1.
   19 |         05  ACCOUNT-NO-1 PIC X(5).
   20 >         05  AMOUNT-1 PIC 9(4)V99.
   21 | FD  INP-FILE-2.
   22 |     01  INPUT-REC-2.
/home/projadmin/CobolEval/FrameWork/evaluation/preds/XMAiNframe-instruct-7b/instruct/task_func_35/task_func_35.cbl:20: note: unknown statement '05'
/home/projadmin/CobolEval/FrameWork/evaluation/preds/XMAiNframe-instruct-7b/instruct/task_func_35/task_func_35.cbl: in paragraph 'INPUT-REC-2':
/home/projadmin/CobolEval/FrameWork/evaluation/preds/XMAiNframe-instruct-7b/instruct/task_func_35/task_func_35.cbl:23: error: syntax error, unexpected Identifier, expecting SECTION or .
   21 | FD  INP-FILE-2.
   22 |     01  INPUT-REC-2.
   23 >         05  ACCOUNT-NO-2 PIC X(5).
   24 |         05  AMOUNT-2 PIC 9(4)V99.
   25 | FD  OUT-FILE.
/home/projadmin/CobolEval/FrameWork/evaluation/preds/XMAiNframe-instruct-7b/instruct/task_func_35/task_func_35.cbl:23: note: unknown statement '05'
/home/projadmin/CobolEval/FrameWork/evaluation/preds/XMAiNframe-instruct-7b/instruct/task_func_35/task_func_35.cbl:24: error: syntax error, unexpected Identifier, expecting SECTION or .
   22 |     01  INPUT-REC-2.
   23 |         05  ACCOUNT-NO-2 PIC X(5).
   24 >         05  AMOUNT-2 PIC 9(4)V99.
   25 | FD  OUT-FILE.
   26 |     01  OUTPUT-REC.
/home/projadmin/CobolEval/FrameWork/evaluation/preds/XMAiNframe-instruct-7b/instruct/task_func_35/task_func_35.cbl:24: note: unknown statement '05'
/home/projadmin/CobolEval/FrameWork/evaluation/preds/XMAiNframe-instruct-7b/instruct/task_func_35/task_func_35.cbl: in paragraph 'OUTPUT-REC':
/home/projadmin/CobolEval/FrameWork/evaluation/preds/XMAiNframe-instruct-7b/instruct/task_func_35/task_func_35.cbl:27: error: syntax error, unexpected Identifier, expecting SECTION or .
   25 | FD  OUT-FILE.
   26 |     01  OUTPUT-REC.
   27 >         05  ACCOUNT-NO-OUT PIC X(5).
   28 |         05  AMOUNT-OUT PIC 9(5)V99.
   29 | 
/home/projadmin/CobolEval/FrameWork/evaluation/preds/XMAiNframe-instruct-7b/instruct/task_func_35/task_func_35.cbl:27: note: unknown statement '05'
/home/projadmin/CobolEval/FrameWork/evaluation/preds/XMAiNframe-instruct-7b/instruct/task_func_35/task_func_35.cbl:28: error: syntax error, unexpected Identifier, expecting SECTION or .
   26 |     01  OUTPUT-REC.
   27 |         05  ACCOUNT-NO-OUT PIC X(5).
   28 >         05  AMOUNT-OUT PIC 9(5)V99.
   29 | 
   30 | WORKING-STORAGE SECTION.
/home/projadmin/CobolEval/FrameWork/evaluation/preds/XMAiNframe-instruct-7b/instruct/task_func_35/task_func_35.cbl:28: note: unknown statement '05'
/home/projadmin/CobolEval/FrameWork/evaluation/preds/XMAiNframe-instruct-7b/instruct/task_func_35/task_func_35.cbl:31: error: syntax error, unexpected PICTURE, expecting SECTION or .
   29 | 
   30 | WORKING-STORAGE SECTION.
   31 >     01  END-OF-INP-FILE-1 PIC X VALUE 'N'.
   32 |     01  END-OF-INP-FILE-2 PIC X VALUE 'N'.
   33 | 
/home/projadmin/CobolEval/FrameWork/evaluation/preds/XMAiNframe-instruct-7b/instruct/task_func_35/task_func_35.cbl:31: note: unknown statement 'END-OF-INP-FILE-1'
/home/projadmin/CobolEval/FrameWork/evaluation/preds/XMAiNframe-instruct-7b/instruct/task_func_35/task_func_35.cbl:32: error: syntax error, unexpected PICTURE, expecting SECTION or .
   30 | WORKING-STORAGE SECTION.
   31 |     01  END-OF-INP-FILE-1 PIC X VALUE 'N'.
   32 >     01  END-OF-INP-FILE-2 PIC X VALUE 'N'.
   33 | 
   34 | PROCEDURE DIVISION.
/home/projadmin/CobolEval/FrameWork/evaluation/preds/XMAiNframe-instruct-7b/instruct/task_func_35/task_func_35.cbl:32: note: unknown statement 'END-OF-INP-FILE-2'
/home/projadmin/CobolEval/FrameWork/evaluation/preds/XMAiNframe-instruct-7b/instruct/task_func_35/task_func_35.cbl:50: error: 'INP-FILE-1' is not defined
   48 | READ-AND-PROCESS-RECORDS.
   49 |     PERFORM UNTIL END-OF-INP-FILE-1 = 'Y' AND END-OF-INP-FILE-2 = 'Y'
   50 >         READ INP-FILE-1 RECORD INTO INPUT-REC-1
   51 |             AT END MOVE 'Y' TO END-OF-INP-FILE-1
   52 |         END-READ
/home/projadmin/CobolEval/FrameWork/evaluation/preds/XMAiNframe-instruct-7b/instruct/task_func_35/task_func_35.cbl:50: error: 'INP-FILE-1' is not a file name
/home/projadmin/CobolEval/FrameWork/evaluation/preds/XMAiNframe-instruct-7b/instruct/task_func_35/task_func_35.cbl:50: error: 'INPUT-REC-1' is not a field
/home/projadmin/CobolEval/FrameWork/evaluation/preds/XMAiNframe-instruct-7b/instruct/task_func_35/task_func_35.cbl:51: error: 'END-OF-INP-FILE-1' is not defined
   49 |     PERFORM UNTIL END-OF-INP-FILE-1 = 'Y' AND END-OF-INP-FILE-2 = 'Y'
   50 |         READ INP-FILE-1 RECORD INTO INPUT-REC-1
   51 >             AT END MOVE 'Y' TO END-OF-INP-FILE-1
   52 |         END-READ
   53 |         READ INP-FILE-2 RECORD INTO INPUT-REC-2
/home/projadmin/CobolEval/FrameWork/evaluation/preds/XMAiNframe-instruct-7b/instruct/task_func_35/task_func_35.cbl:53: error: 'INP-FILE-2' is not defined
   51 |             AT END MOVE 'Y' TO END-OF-INP-FILE-1
   52 |         END-READ
   53 >         READ INP-FILE-2 RECORD INTO INPUT-REC-2
   54 |             AT END MOVE 'Y' TO END-OF-INP-FILE-2
   55 |         END-READ
/home/projadmin/CobolEval/FrameWork/evaluation/preds/XMAiNframe-instruct-7b/instruct/task_func_35/task_func_35.cbl:53: error: 'INP-FILE-2' is not a file name
/home/projadmin/CobolEval/FrameWork/evaluation/preds/XMAiNframe-instruct-7b/instruct/task_func_35/task_func_35.cbl:53: error: 'INPUT-REC-2' is not a field
/home/projadmin/CobolEval/FrameWork/evaluation/preds/XMAiNframe-instruct-7b/instruct/task_func_35/task_func_35.cbl:54: error: 'END-OF-INP-FILE-2' is not defined
   52 |         END-READ
   53 |         READ INP-FILE-2 RECORD INTO INPUT-REC-2
   54 >             AT END MOVE 'Y' TO END-OF-INP-FILE-2
   55 |         END-READ
   56 | 
/home/projadmin/CobolEval/FrameWork/evaluation/preds/XMAiNframe-instruct-7b/instruct/task_func_35/task_func_35.cbl:58: error: 'ACCOUNT-NO-1' is not defined
   56 | 
   57 |         EVALUATE TRUE
   58 >             WHEN ACCOUNT-NO-1 = ACCOUNT-NO-2
   59 |                 ADD AMOUNT-1 TO AMOUNT-2 GIVING AMOUNT-OUT
   60 |                 WRITE OUTPUT-REC FROM INPUT-REC-1
/home/projadmin/CobolEval/FrameWork/evaluation/preds/XMAiNframe-instruct-7b/instruct/task_func_35/task_func_35.cbl:58: error: 'ACCOUNT-NO-2' is not defined
/home/projadmin/CobolEval/FrameWork/evaluation/preds/XMAiNframe-instruct-7b/instruct/task_func_35/task_func_35.cbl:59: error: 'AMOUNT-1' is not defined
   57 |         EVALUATE TRUE
   58 |             WHEN ACCOUNT-NO-1 = ACCOUNT-NO-2
   59 >                 ADD AMOUNT-1 TO AMOUNT-2 GIVING AMOUNT-OUT
   60 |                 WRITE OUTPUT-REC FROM INPUT-REC-1
   61 |             WHEN ACCOUNT-NO-1 > ACCOUNT-NO-2
/home/projadmin/CobolEval/FrameWork/evaluation/preds/XMAiNframe-instruct-7b/instruct/task_func_35/task_func_35.cbl:59: error: 'AMOUNT-2' is not defined
/home/projadmin/CobolEval/FrameWork/evaluation/preds/XMAiNframe-instruct-7b/instruct/task_func_35/task_func_35.cbl:59: error: 'AMOUNT-OUT' is not defined
/home/projadmin/CobolEval/FrameWork/evaluation/preds/XMAiNframe-instruct-7b/instruct/task_func_35/task_func_35.cbl:60: error: 'INPUT-REC-1' is not a field
   58 |             WHEN ACCOUNT-NO-1 = ACCOUNT-NO-2
   59 |                 ADD AMOUNT-1 TO AMOUNT-2 GIVING AMOUNT-OUT
   60 >                 WRITE OUTPUT-REC FROM INPUT-REC-1
   61 |             WHEN ACCOUNT-NO-1 > ACCOUNT-NO-2
   62 |                 WRITE OUTPUT-REC FROM INPUT-REC-2
/home/projadmin/CobolEval/FrameWork/evaluation/preds/XMAiNframe-instruct-7b/instruct/task_func_35/task_func_35.cbl:62: error: 'INPUT-REC-2' is not a field
   60 |                 WRITE OUTPUT-REC FROM INPUT-REC-1
   61 |             WHEN ACCOUNT-NO-1 > ACCOUNT-NO-2
   62 >                 WRITE OUTPUT-REC FROM INPUT-REC-2
   63 |             WHEN OTHER
   64 |                 WRITE OUTPUT-REC FROM INPUT-REC-1
/home/projadmin/CobolEval/FrameWork/evaluation/preds/XMAiNframe-instruct-7b/instruct/task_func_35/task_func_35.cbl:64: error: 'INPUT-REC-1' is not a field
   62 |                 WRITE OUTPUT-REC FROM INPUT-REC-2
   63 |             WHEN OTHER
   64 >                 WRITE OUTPUT-REC FROM INPUT-REC-1
   65 |         END-EVALUATE
   66 |     END-PERFORM.
/home/projadmin/CobolEval/FrameWork/evaluation/preds/XMAiNframe-instruct-7b/instruct/task_func_35/task_func_35.cbl:70: warning: optional period used [-Wdialect]
   68 | 
   69 | STOP RUN.<EOF>

2025-05-20 22:20:54.050 | WARNING  | utils:cmd:36 - Return code: 1
2025-05-20 22:20:54.050 | ERROR    | __main__:compile:227 - Compilation failed for task_func_35
2025-05-20 22:20:54.050 | INFO     | __main__:compile:156 - Processing program 35/46: task_func_36
2025-05-20 22:20:54.051 | INFO     | __main__:compile:165 - Code Similarity score started
2025-05-20 22:20:54.051 | INFO     | __main__:compile:177 - Compilation started
2025-05-20 22:20:54.051 | INFO     | __main__:compile:190 - compiling task_func_36
2025-05-20 22:20:54.071 | WARNING  | utils:cmd:35 - Err: /home/projadmin/CobolEval/FrameWork/evaluation/preds/XMAiNframe-instruct-7b/instruct/task_func_36/task_func_36.cbl:1: note: free format detected
    1 >  description.
    2 | 
    3 | Code:
/home/projadmin/CobolEval/FrameWork/evaluation/preds/XMAiNframe-instruct-7b/instruct/task_func_36/task_func_36.cbl:77: warning: line not terminated by a newline [-Wmissing-newline]
   75 |    CLOSE INPUT-FILE.
   76 |    CLOSE OUTPUT-FILE.
   77 > FINALIZE-RTN-X.<EOF>
/home/projadmin/CobolEval/FrameWork/evaluation/preds/XMAiNframe-instruct-7b/instruct/task_func_36/task_func_36.cbl:1: error: PROGRAM-ID header missing
    1 >  description.
    2 | 
    3 | Code:
/home/projadmin/CobolEval/FrameWork/evaluation/preds/XMAiNframe-instruct-7b/instruct/task_func_36/task_func_36.cbl:1: error: ENVIRONMENT DIVISION header missing
/home/projadmin/CobolEval/FrameWork/evaluation/preds/XMAiNframe-instruct-7b/instruct/task_func_36/task_func_36.cbl:1: error: CONFIGURATION SECTION header missing
/home/projadmin/CobolEval/FrameWork/evaluation/preds/XMAiNframe-instruct-7b/instruct/task_func_36/task_func_36.cbl:1: error: SPECIAL-NAMES header missing
/home/projadmin/CobolEval/FrameWork/evaluation/preds/XMAiNframe-instruct-7b/instruct/task_func_36/task_func_36.cbl:1: error: invalid system-name 'description'
/home/projadmin/CobolEval/FrameWork/evaluation/preds/XMAiNframe-instruct-7b/instruct/task_func_36/task_func_36.cbl:1: error: syntax error, unexpected ., expecting CRT or Identifier
/home/projadmin/CobolEval/FrameWork/evaluation/preds/XMAiNframe-instruct-7b/instruct/task_func_36/task_func_36.cbl:3: error: syntax error, unexpected CODE
    1 |  description.
    2 | 
    3 > Code:
    4 | <|assistant|>
    5 | IDENTIFICATION DIVISION.
/home/projadmin/CobolEval/FrameWork/evaluation/preds/XMAiNframe-instruct-7b/instruct/task_func_36/task_func_36.cbl:4: error: invalid symbol '|' - skipping word
    2 | 
    3 | Code:
    4 > <|assistant|>
    5 | IDENTIFICATION DIVISION.
    6 | PROGRAM-ID. CALCULATE-MEAN-MEDIAN.

2025-05-20 22:20:54.071 | WARNING  | utils:cmd:36 - Return code: 1
2025-05-20 22:20:54.071 | ERROR    | __main__:compile:227 - Compilation failed for task_func_36
2025-05-20 22:20:54.072 | INFO     | __main__:compile:156 - Processing program 36/46: task_func_37
2025-05-20 22:20:54.072 | INFO     | __main__:compile:165 - Code Similarity score started
2025-05-20 22:20:54.072 | INFO     | __main__:compile:177 - Compilation started
2025-05-20 22:20:54.072 | INFO     | __main__:compile:190 - compiling task_func_37
2025-05-20 22:20:54.092 | WARNING  | utils:cmd:35 - Err: /home/projadmin/CobolEval/FrameWork/evaluation/preds/XMAiNframe-instruct-7b/instruct/task_func_37/task_func_37.cbl:1: note: free format detected
    1 > ssary filler.
    2 | 
    3 | Code:
/home/projadmin/CobolEval/FrameWork/evaluation/preds/XMAiNframe-instruct-7b/instruct/task_func_37/task_func_37.cbl:76: warning: line not terminated by a newline [-Wmissing-newline]
   74 |     STOP RUN.
   75 | 
   76 > ...<EOF>
/home/projadmin/CobolEval/FrameWork/evaluation/preds/XMAiNframe-instruct-7b/instruct/task_func_37/task_func_37.cbl:1: error: PROGRAM-ID header missing
    1 > ssary filler.
    2 | 
    3 | Code:
/home/projadmin/CobolEval/FrameWork/evaluation/preds/XMAiNframe-instruct-7b/instruct/task_func_37/task_func_37.cbl:1: error: ENVIRONMENT DIVISION header missing
/home/projadmin/CobolEval/FrameWork/evaluation/preds/XMAiNframe-instruct-7b/instruct/task_func_37/task_func_37.cbl:1: error: CONFIGURATION SECTION header missing
/home/projadmin/CobolEval/FrameWork/evaluation/preds/XMAiNframe-instruct-7b/instruct/task_func_37/task_func_37.cbl:1: error: SPECIAL-NAMES header missing
/home/projadmin/CobolEval/FrameWork/evaluation/preds/XMAiNframe-instruct-7b/instruct/task_func_37/task_func_37.cbl:1: error: invalid system-name 'ssary'
/home/projadmin/CobolEval/FrameWork/evaluation/preds/XMAiNframe-instruct-7b/instruct/task_func_37/task_func_37.cbl:1: error: syntax error, unexpected FILLER, expecting CRT or Identifier
/home/projadmin/CobolEval/FrameWork/evaluation/preds/XMAiNframe-instruct-7b/instruct/task_func_37/task_func_37.cbl:3: error: PROCEDURE DIVISION header missing
    1 | ssary filler.
    2 | 
    3 > Code:
    4 | <|assistant|>
    5 | IDENTIFICATION DIVISION.
/home/projadmin/CobolEval/FrameWork/evaluation/preds/XMAiNframe-instruct-7b/instruct/task_func_37/task_func_37.cbl:3: error: syntax error, unexpected CODE
/home/projadmin/CobolEval/FrameWork/evaluation/preds/XMAiNframe-instruct-7b/instruct/task_func_37/task_func_37.cbl:4: error: invalid symbol '|' - skipping word
    2 | 
    3 | Code:
    4 > <|assistant|>
    5 | IDENTIFICATION DIVISION.
    6 | PROGRAM-ID. YOUR-PROGRAM-NAME.

2025-05-20 22:20:54.093 | WARNING  | utils:cmd:36 - Return code: 1
2025-05-20 22:20:54.093 | ERROR    | __main__:compile:227 - Compilation failed for task_func_37
2025-05-20 22:20:54.093 | INFO     | __main__:compile:156 - Processing program 37/46: task_func_38
2025-05-20 22:20:54.093 | INFO     | __main__:compile:165 - Code Similarity score started
2025-05-20 22:20:54.093 | INFO     | __main__:compile:177 - Compilation started
2025-05-20 22:20:54.094 | INFO     | __main__:compile:190 - compiling task_func_38
2025-05-20 22:20:54.116 | WARNING  | utils:cmd:35 - Err: /home/projadmin/CobolEval/FrameWork/evaluation/preds/XMAiNframe-instruct-7b/instruct/task_func_38/task_func_38.cbl:1: note: free format detected
    1 > IDENTIFICATION DIVISION.
    2 | PROGRAM-ID. MERGE-AND-COUNT-DUPLICATES.
    3 | ENVIRONMENT DIVISION.
/home/projadmin/CobolEval/FrameWork/evaluation/preds/XMAiNframe-instruct-7b/instruct/task_func_38/task_func_38.cbl: in section 'MAIN-LOGIC':
/home/projadmin/CobolEval/FrameWork/evaluation/preds/XMAiNframe-instruct-7b/instruct/task_func_38/task_func_38.cbl: in paragraph 'BEGIN-PROC':
/home/projadmin/CobolEval/FrameWork/evaluation/preds/XMAiNframe-instruct-7b/instruct/task_func_38/task_func_38.cbl:36: error: syntax error, unexpected *
   34 | MAIN-LOGIC SECTION.
   35 | BEGIN-PROC.
   36 > * Initialize variables
   37 |     MOVE SPACES TO PREVIOUS-TRANS-NUM.
   38 |     MOVE ZERO TO DUP-COUNT.
/home/projadmin/CobolEval/FrameWork/evaluation/preds/XMAiNframe-instruct-7b/instruct/task_func_38/task_func_38.cbl:36: error: 'variables' is not defined
/home/projadmin/CobolEval/FrameWork/evaluation/preds/XMAiNframe-instruct-7b/instruct/task_func_38/task_func_38.cbl:40: error: syntax error, unexpected *
   38 |     MOVE ZERO TO DUP-COUNT.
   39 | 
   40 > * Open input and output files
   41 |     OPEN INPUT INP1-FILE.
   42 |     OPEN INPUT INP2-FILE.
/home/projadmin/CobolEval/FrameWork/evaluation/preds/XMAiNframe-instruct-7b/instruct/task_func_38/task_func_38.cbl:40: error: syntax error, unexpected AND, expecting Identifier
/home/projadmin/CobolEval/FrameWork/evaluation/preds/XMAiNframe-instruct-7b/instruct/task_func_38/task_func_38.cbl:46: error: syntax error, unexpected *
   44 |     OPEN OUTPUT OUT2-FILE.
   45 | 
   46 > * Merge and process records
   47 |     PERFORM UNTIL NO-MORE-RECORDS
   48 |         EVALUATE TRUE
/home/projadmin/CobolEval/FrameWork/evaluation/preds/XMAiNframe-instruct-7b/instruct/task_func_38/task_func_38.cbl:46: error: syntax error, unexpected AND, expecting Identifier
/home/projadmin/CobolEval/FrameWork/evaluation/preds/XMAiNframe-instruct-7b/instruct/task_func_38/task_func_38.cbl:47: error: 'NO-MORE-RECORDS' is not defined
   45 | 
   46 | * Merge and process records
   47 >     PERFORM UNTIL NO-MORE-RECORDS
   48 |         EVALUATE TRUE
   49 |             WHEN INPUT1-TRANS-NUM < INPUT2-TRANS-NUM
/home/projadmin/CobolEval/FrameWork/evaluation/preds/XMAiNframe-instruct-7b/instruct/task_func_38/task_func_38.cbl:58: error: syntax error, unexpected *
   56 |     END-PERFORM.
   57 | 
   58 > * Close files and display results
   59 |     CLOSE INP1-FILE.
   60 |     CLOSE INP2-FILE.
/home/projadmin/CobolEval/FrameWork/evaluation/preds/XMAiNframe-instruct-7b/instruct/task_func_38/task_func_38.cbl:58: error: 'files' is not defined
/home/projadmin/CobolEval/FrameWork/evaluation/preds/XMAiNframe-instruct-7b/instruct/task_func_38/task_func_38.cbl:58: error: 'files' is not a file name
/home/projadmin/CobolEval/FrameWork/evaluation/preds/XMAiNframe-instruct-7b/instruct/task_func_38/task_func_38.cbl:58: error: syntax error, unexpected AND
/home/projadmin/CobolEval/FrameWork/evaluation/preds/XMAiNframe-instruct-7b/instruct/task_func_38/task_func_38.cbl:58: error: 'results' is not defined
/home/projadmin/CobolEval/FrameWork/evaluation/preds/XMAiNframe-instruct-7b/instruct/task_func_38/task_func_38.cbl:65: error: syntax error, unexpected *
   63 |     DISPLAY "Total duplicates: ", DUP-COUNT.
   64 | 
   65 > * End of job
   66 |     STOP RUN.
   67 | 

2025-05-20 22:20:54.117 | WARNING  | utils:cmd:36 - Return code: 1
2025-05-20 22:20:54.117 | ERROR    | __main__:compile:227 - Compilation failed for task_func_38
2025-05-20 22:20:54.117 | INFO     | __main__:compile:156 - Processing program 38/46: task_func_39
2025-05-20 22:20:54.117 | INFO     | __main__:compile:165 - Code Similarity score started
2025-05-20 22:20:54.117 | INFO     | __main__:compile:177 - Compilation started
2025-05-20 22:20:54.117 | INFO     | __main__:compile:190 - compiling task_func_39
2025-05-20 22:20:54.139 | WARNING  | utils:cmd:35 - Err: /home/projadmin/CobolEval/FrameWork/evaluation/preds/XMAiNframe-instruct-7b/instruct/task_func_39/task_func_39.cbl:1: note: free format detected
    1 > IDENTIFICATION DIVISION.
    2 | PROGRAM-ID. VALIDATE-EMPLOYEE-DATA.
    3 | ENVIRONMENT DIVISION.
/home/projadmin/CobolEval/FrameWork/evaluation/preds/XMAiNframe-instruct-7b/instruct/task_func_39/task_func_39.cbl:15: error: syntax error, unexpected ADDRESS
   13 |    05 SSN PIC 9(9).
   14 |    05 NAME PIC X(20).
   15 >    05 ADDRESS PIC X(20).
   16 |    05 TRANS-CODE PIC 9.
   17 |    05 ANNUAL-SALARY PIC 9(5).
/home/projadmin/CobolEval/FrameWork/evaluation/preds/XMAiNframe-instruct-7b/instruct/task_func_39/task_func_39.cbl: in paragraph 'MAIN-LOGIC':
/home/projadmin/CobolEval/FrameWork/evaluation/preds/XMAiNframe-instruct-7b/instruct/task_func_39/task_func_39.cbl:35: error: syntax error, unexpected HEADING
   33 |    OPEN INPUT EMPLOYEE-FILE.
   34 |    OPEN OUTPUT ERROR-REPORT.
   35 >    WRITE ERROR-REPORT-RECORD FROM HEADING.
   36 | 
   37 |    PERFORM READ-NEXT-RECORD THRU READ-NEXT-RECORD-X.
/home/projadmin/CobolEval/FrameWork/evaluation/preds/XMAiNframe-instruct-7b/instruct/task_func_39/task_func_39.cbl: in paragraph 'READ-NEXT-RECORD':
/home/projadmin/CobolEval/FrameWork/evaluation/preds/XMAiNframe-instruct-7b/instruct/task_func_39/task_func_39.cbl:45: error: invalid expression: boolean expected with logical operator
   43 | READ-NEXT-RECORD.
   44 |    READ EMPLOYEE-FILE INTO EMPLOYEE-RECORD.
   45 >    IF NOT EOF-FLAG THEN
   46 |        PERFORM PROCESS-EMPLOYEE-RECORD THRU PROCESS-EMPLOYEE-RECORD-X
   47 |    END-IF.
/home/projadmin/CobolEval/FrameWork/evaluation/preds/XMAiNframe-instruct-7b/instruct/task_func_39/task_func_39.cbl: in paragraph 'PROCESS-EMPLOYEE-RECORD':
/home/projadmin/CobolEval/FrameWork/evaluation/preds/XMAiNframe-instruct-7b/instruct/task_func_39/task_func_39.cbl:52: error: 'ERROR-RECORD-NAME' is not defined
   50 | PROCESS-EMPLOYEE-RECORD.
   51 |    IF NAME = SPACES THEN
   52 >        WRITE ERROR-REPORT-RECORD FROM ERROR-RECORD-NAME
   53 |    END-IF.
   54 |    IF ADDRESS = SPACES THEN
/home/projadmin/CobolEval/FrameWork/evaluation/preds/XMAiNframe-instruct-7b/instruct/task_func_39/task_func_39.cbl:54: error: syntax error, unexpected =, expecting ENTRY or PROGRAM or Identifier
   52 |        WRITE ERROR-REPORT-RECORD FROM ERROR-RECORD-NAME
   53 |    END-IF.
   54 >    IF ADDRESS = SPACES THEN
   55 |        WRITE ERROR-REPORT-RECORD FROM ERROR-RECORD-ADDRESS
   56 |    END-IF.
/home/projadmin/CobolEval/FrameWork/evaluation/preds/XMAiNframe-instruct-7b/instruct/task_func_39/task_func_39.cbl:55: error: 'ERROR-RECORD-ADDRESS' is not defined
   53 |    END-IF.
   54 |    IF ADDRESS = SPACES THEN
   55 >        WRITE ERROR-REPORT-RECORD FROM ERROR-RECORD-ADDRESS
   56 |    END-IF.
   57 |    IF TRANS-CODE < 1 OR TRANS-CODE > 9 THEN
/home/projadmin/CobolEval/FrameWork/evaluation/preds/XMAiNframe-instruct-7b/instruct/task_func_39/task_func_39.cbl:54: error: IF without imperative statement
   52 |        WRITE ERROR-REPORT-RECORD FROM ERROR-RECORD-NAME
   53 |    END-IF.
   54 >    IF ADDRESS = SPACES THEN
   55 |        WRITE ERROR-REPORT-RECORD FROM ERROR-RECORD-ADDRESS
   56 |    END-IF.
/home/projadmin/CobolEval/FrameWork/evaluation/preds/XMAiNframe-instruct-7b/instruct/task_func_39/task_func_39.cbl:58: error: 'ERROR-RECORD-TRANS-CODE' is not defined
   56 |    END-IF.
   57 |    IF TRANS-CODE < 1 OR TRANS-CODE > 9 THEN
   58 >        WRITE ERROR-REPORT-RECORD FROM ERROR-RECORD-TRANS-CODE
   59 |    END-IF.
   60 |    IF ANNUAL-SALARY < 15000 OR ANNUAL-SALARY > 87000 THEN
/home/projadmin/CobolEval/FrameWork/evaluation/preds/XMAiNframe-instruct-7b/instruct/task_func_39/task_func_39.cbl:61: error: 'ERROR-RECORD-ANNUAL-SALARY' is not defined
   59 |    END-IF.
   60 |    IF ANNUAL-SALARY < 15000 OR ANNUAL-SALARY > 87000 THEN
   61 >        WRITE ERROR-REPORT-RECORD FROM ERROR-RECORD-ANNUAL-SALARY
   62 |    END-IF.
   63 |    IF MARITAL-STATUS NOT IN ('M', 'S', 'D', 'W') THEN
/home/projadmin/CobolEval/FrameWork/evaluation/preds/XMAiNframe-instruct-7b/instruct/task_func_39/task_func_39.cbl:63: error: invalid expression: unfinished expression
   61 |        WRITE ERROR-REPORT-RECORD FROM ERROR-RECORD-ANNUAL-SALARY
   62 |    END-IF.
   63 >    IF MARITAL-STATUS NOT IN ('M', 'S', 'D', 'W') THEN
   64 |        WRITE ERROR-REPORT-RECORD FROM ERROR-RECORD-MARITAL-STATUS
   65 |    END-IF.
/home/projadmin/CobolEval/FrameWork/evaluation/preds/XMAiNframe-instruct-7b/instruct/task_func_39/task_func_39.cbl:63: error: syntax error, unexpected IN
/home/projadmin/CobolEval/FrameWork/evaluation/preds/XMAiNframe-instruct-7b/instruct/task_func_39/task_func_39.cbl:64: error: 'ERROR-RECORD-MARITAL-STATUS' is not defined
   62 |    END-IF.
   63 |    IF MARITAL-STATUS NOT IN ('M', 'S', 'D', 'W') THEN
   64 >        WRITE ERROR-REPORT-RECORD FROM ERROR-RECORD-MARITAL-STATUS
   65 |    END-IF.
   66 |    IF JOB-LEVEL < 1 OR JOB-LEVEL > 6 THEN
/home/projadmin/CobolEval/FrameWork/evaluation/preds/XMAiNframe-instruct-7b/instruct/task_func_39/task_func_39.cbl:63: error: IF without imperative statement
   61 |        WRITE ERROR-REPORT-RECORD FROM ERROR-RECORD-ANNUAL-SALARY
   62 |    END-IF.
   63 >    IF MARITAL-STATUS NOT IN ('M', 'S', 'D', 'W') THEN
   64 |        WRITE ERROR-REPORT-RECORD FROM ERROR-RECORD-MARITAL-STATUS
   65 |    END-IF.
/home/projadmin/CobolEval/FrameWork/evaluation/preds/XMAiNframe-instruct-7b/instruct/task_func_39/task_func_39.cbl:67: error: 'ERROR-RECORD-JOB-LEVEL' is not defined
   65 |    END-IF.
   66 |    IF JOB-LEVEL < 1 OR JOB-LEVEL > 6 THEN
   67 >        WRITE ERROR-REPORT-RECORD FROM ERROR-RECORD-JOB-LEVEL
   68 |    END-IF.
   69 |    IF DEPARTMENT NOT IN (10, 20, 30) THEN
/home/projadmin/CobolEval/FrameWork/evaluation/preds/XMAiNframe-instruct-7b/instruct/task_func_39/task_func_39.cbl:69: error: invalid expression: unfinished expression
   67 |        WRITE ERROR-REPORT-RECORD FROM ERROR-RECORD-JOB-LEVEL
   68 |    END-IF.
   69 >    IF DEPARTMENT NOT IN (10, 20, 30) THEN
   70 |        WRITE ERROR-REPORT-RECORD FROM ERROR-RECORD-DEPARTMENT
   71 |    END-IF.
/home/projadmin/CobolEval/FrameWork/evaluation/preds/XMAiNframe-instruct-7b/instruct/task_func_39/task_func_39.cbl:69: error: syntax error, unexpected IN
/home/projadmin/CobolEval/FrameWork/evaluation/preds/XMAiNframe-instruct-7b/instruct/task_func_39/task_func_39.cbl:70: error: 'ERROR-RECORD-DEPARTMENT' is not defined
   68 |    END-IF.
   69 |    IF DEPARTMENT NOT IN (10, 20, 30) THEN
   70 >        WRITE ERROR-REPORT-RECORD FROM ERROR-RECORD-DEPARTMENT
   71 |    END-IF.
   72 | PROCESS-EMPLOYEE-RECORD-X.
/home/projadmin/CobolEval/FrameWork/evaluation/preds/XMAiNframe-instruct-7b/instruct/task_func_39/task_func_39.cbl:69: error: IF without imperative statement
   67 |        WRITE ERROR-REPORT-RECORD FROM ERROR-RECORD-JOB-LEVEL
   68 |    END-IF.
   69 >    IF DEPARTMENT NOT IN (10, 20, 30) THEN
   70 |        WRITE ERROR-REPORT-RECORD FROM ERROR-RECORD-DEPARTMENT
   71 |    END-IF.
/home/projadmin/CobolEval/FrameWork/evaluation/preds/XMAiNframe-instruct-7b/instruct/task_func_39/task_func_39.cbl: in paragraph 'PROCESS-EMPLOYEE-RECORD-X':
/home/projadmin/CobolEval/FrameWork/evaluation/preds/XMAiNframe-instruct-7b/instruct/task_func_39/task_func_39.cbl:74: error: syntax error, unexpected HEADING
   72 | PROCESS-EMPLOYEE-RECORD-X.
   73 | 
   74 > HEADING.
   75 |    05 FILLER PIC X(20) VALUE 'Name'.
   76 |    05 FILLER PIC X(20) VALUE 'Error'.
/home/projadmin/CobolEval/FrameWork/evaluation/preds/XMAiNframe-instruct-7b/instruct/task_func_39/task_func_39.cbl:75: error: syntax error, unexpected FILLER, expecting SECTION or .
   73 | 
   74 | HEADING.
   75 >    05 FILLER PIC X(20) VALUE 'Name'.
   76 |    05 FILLER PIC X(20) VALUE 'Error'.
   77 |    05 FILLER PIC X(20) VALUE 'Value'.
/home/projadmin/CobolEval/FrameWork/evaluation/preds/XMAiNframe-instruct-7b/instruct/task_func_39/task_func_39.cbl:75: note: unknown statement '05'

2025-05-20 22:20:54.140 | WARNING  | utils:cmd:36 - Return code: 1
2025-05-20 22:20:54.140 | ERROR    | __main__:compile:227 - Compilation failed for task_func_39
2025-05-20 22:20:54.140 | INFO     | __main__:compile:156 - Processing program 39/46: task_func_40
2025-05-20 22:20:54.140 | INFO     | __main__:compile:165 - Code Similarity score started
2025-05-20 22:20:54.140 | INFO     | __main__:compile:177 - Compilation started
2025-05-20 22:20:54.140 | INFO     | __main__:compile:190 - compiling task_func_40
2025-05-20 22:20:54.161 | WARNING  | utils:cmd:35 - Err: /home/projadmin/CobolEval/FrameWork/evaluation/preds/XMAiNframe-instruct-7b/instruct/task_func_40/task_func_40.cbl:1: note: free format detected
    1 > 'YYYY-MM-DD'.
    2 | 
    3 | Code:
/home/projadmin/CobolEval/FrameWork/evaluation/preds/XMAiNframe-instruct-7b/instruct/task_func_40/task_func_40.cbl:49: warning: line not terminated by a newline [-Wmissing-newline]
   47 | 
   48 |     STOP RUN.
   49 > MAIN-LOGIC-X.<EOF>
/home/projadmin/CobolEval/FrameWork/evaluation/preds/XMAiNframe-instruct-7b/instruct/task_func_40/task_func_40.cbl:1: error: PROGRAM-ID header missing
    1 > 'YYYY-MM-DD'.
    2 | 
    3 | Code:
/home/projadmin/CobolEval/FrameWork/evaluation/preds/XMAiNframe-instruct-7b/instruct/task_func_40/task_func_40.cbl:1: error: PROCEDURE DIVISION header missing
/home/projadmin/CobolEval/FrameWork/evaluation/preds/XMAiNframe-instruct-7b/instruct/task_func_40/task_func_40.cbl:1: error: syntax error, unexpected Literal
/home/projadmin/CobolEval/FrameWork/evaluation/preds/XMAiNframe-instruct-7b/instruct/task_func_40/task_func_40.cbl:3: error: syntax error, unexpected CODE
    1 | 'YYYY-MM-DD'.
    2 | 
    3 > Code:
    4 | <|assistant|>
    5 | IDENTIFICATION DIVISION.
/home/projadmin/CobolEval/FrameWork/evaluation/preds/XMAiNframe-instruct-7b/instruct/task_func_40/task_func_40.cbl:4: error: invalid symbol '|' - skipping word
    2 | 
    3 | Code:
    4 > <|assistant|>
    5 | IDENTIFICATION DIVISION.
    6 | PROGRAM-ID. GENERATE-RANDOM-DATES.

2025-05-20 22:20:54.161 | WARNING  | utils:cmd:36 - Return code: 1
2025-05-20 22:20:54.161 | ERROR    | __main__:compile:227 - Compilation failed for task_func_40
2025-05-20 22:20:54.162 | INFO     | __main__:compile:156 - Processing program 40/46: task_func_43
2025-05-20 22:20:54.162 | INFO     | __main__:compile:165 - Code Similarity score started
2025-05-20 22:20:54.162 | INFO     | __main__:compile:177 - Compilation started
2025-05-20 22:20:54.162 | INFO     | __main__:compile:190 - compiling task_func_43
2025-05-20 22:20:54.183 | WARNING  | utils:cmd:35 - Err: /home/projadmin/CobolEval/FrameWork/evaluation/preds/XMAiNframe-instruct-7b/instruct/task_func_43/task_func_43.cbl:1: note: free format detected
    1 > lity testing.
    2 | 
    3 | Code:
/home/projadmin/CobolEval/FrameWork/evaluation/preds/XMAiNframe-instruct-7b/instruct/task_func_43/task_func_43.cbl:80: warning: line not terminated by a newline [-Wmissing-newline]
   78 | WRITE-OUTPUT-X.
   79 | 
   80 > END PROGRAM PrimeNumbers.<EOF>
/home/projadmin/CobolEval/FrameWork/evaluation/preds/XMAiNframe-instruct-7b/instruct/task_func_43/task_func_43.cbl:1: error: PROGRAM-ID header missing
    1 > lity testing.
    2 | 
    3 | Code:
/home/projadmin/CobolEval/FrameWork/evaluation/preds/XMAiNframe-instruct-7b/instruct/task_func_43/task_func_43.cbl:1: error: ENVIRONMENT DIVISION header missing
/home/projadmin/CobolEval/FrameWork/evaluation/preds/XMAiNframe-instruct-7b/instruct/task_func_43/task_func_43.cbl:1: error: CONFIGURATION SECTION header missing
/home/projadmin/CobolEval/FrameWork/evaluation/preds/XMAiNframe-instruct-7b/instruct/task_func_43/task_func_43.cbl:1: error: SPECIAL-NAMES header missing
/home/projadmin/CobolEval/FrameWork/evaluation/preds/XMAiNframe-instruct-7b/instruct/task_func_43/task_func_43.cbl:1: error: invalid system-name 'lity'
/home/projadmin/CobolEval/FrameWork/evaluation/preds/XMAiNframe-instruct-7b/instruct/task_func_43/task_func_43.cbl:3: error: PROCEDURE DIVISION header missing
    1 | lity testing.
    2 | 
    3 > Code:
    4 | <|assistant|>
    5 | IDENTIFICATION DIVISION.
/home/projadmin/CobolEval/FrameWork/evaluation/preds/XMAiNframe-instruct-7b/instruct/task_func_43/task_func_43.cbl:3: error: syntax error, unexpected CODE
/home/projadmin/CobolEval/FrameWork/evaluation/preds/XMAiNframe-instruct-7b/instruct/task_func_43/task_func_43.cbl:4: error: invalid symbol '|' - skipping word
    2 | 
    3 | Code:
    4 > <|assistant|>
    5 | IDENTIFICATION DIVISION.
    6 | PROGRAM-ID. PrimeNumbers.

2025-05-20 22:20:54.183 | WARNING  | utils:cmd:36 - Return code: 1
2025-05-20 22:20:54.183 | ERROR    | __main__:compile:227 - Compilation failed for task_func_43
2025-05-20 22:20:54.183 | INFO     | __main__:compile:156 - Processing program 41/46: task_func_44
2025-05-20 22:20:54.183 | INFO     | __main__:compile:165 - Code Similarity score started
2025-05-20 22:20:54.183 | INFO     | __main__:compile:177 - Compilation started
2025-05-20 22:20:54.184 | INFO     | __main__:compile:190 - compiling task_func_44
2025-05-20 22:20:54.205 | WARNING  | utils:cmd:35 - Err: /home/projadmin/CobolEval/FrameWork/evaluation/preds/XMAiNframe-instruct-7b/instruct/task_func_44/task_func_44.cbl:1: note: free format detected
    1 > IDENTIFICATION DIVISION.
    2 | PROGRAM-ID. WORD-FREQUENCY-ANALYZER.
    3 | 
/home/projadmin/CobolEval/FrameWork/evaluation/preds/XMAiNframe-instruct-7b/instruct/task_func_44/task_func_44.cbl:7: error: missing file description for FILE INPUT-ARTICLE-FILE
    5 | INPUT-OUTPUT SECTION.
    6 | FILE-CONTROL.
    7 >     SELECT INPUT-ARTICLE-FILE ASSIGN TO 'article.ps'.
    8 |     SELECT OUTPUT-FREQUENCY-FILE ASSIGN TO 'output.ps'.
    9 |     SELECT LOG-FILE ASSIGN TO 'logfile.ps'.
/home/projadmin/CobolEval/FrameWork/evaluation/preds/XMAiNframe-instruct-7b/instruct/task_func_44/task_func_44.cbl:8: error: missing file description for FILE OUTPUT-FREQUENCY-FILE
    6 | FILE-CONTROL.
    7 |     SELECT INPUT-ARTICLE-FILE ASSIGN TO 'article.ps'.
    8 >     SELECT OUTPUT-FREQUENCY-FILE ASSIGN TO 'output.ps'.
    9 |     SELECT LOG-FILE ASSIGN TO 'logfile.ps'.
   10 | 
/home/projadmin/CobolEval/FrameWork/evaluation/preds/XMAiNframe-instruct-7b/instruct/task_func_44/task_func_44.cbl:9: error: missing file description for FILE LOG-FILE
    7 |     SELECT INPUT-ARTICLE-FILE ASSIGN TO 'article.ps'.
    8 |     SELECT OUTPUT-FREQUENCY-FILE ASSIGN TO 'output.ps'.
    9 >     SELECT LOG-FILE ASSIGN TO 'logfile.ps'.
   10 | 
   11 | DATA DIVISION.
/home/projadmin/CobolEval/FrameWork/evaluation/preds/XMAiNframe-instruct-7b/instruct/task_func_44/task_func_44.cbl: in paragraph 'READ-ARTICLE':
/home/projadmin/CobolEval/FrameWork/evaluation/preds/XMAiNframe-instruct-7b/instruct/task_func_44/task_func_44.cbl:41: error: incomplete expression
   39 | READ-ARTICLE.
   40 |     READ INPUT-ARTICLE-FILE INTO ARTICLE-TITLE.
   41 >     IF ARTICLE-TITLE CONTAINS 'KEYWORD'
   42 |         MOVE 'Y' TO KEYWORD-FOUND
   43 |         READ INPUT-ARTICLE-FILE INTO ARTICLE-CONTENT
/home/projadmin/CobolEval/FrameWork/evaluation/preds/XMAiNframe-instruct-7b/instruct/task_func_44/task_func_44.cbl:41: error: syntax error, unexpected CONTAINS
/home/projadmin/CobolEval/FrameWork/evaluation/preds/XMAiNframe-instruct-7b/instruct/task_func_44/task_func_44.cbl:41: error: IF without imperative statement
/home/projadmin/CobolEval/FrameWork/evaluation/preds/XMAiNframe-instruct-7b/instruct/task_func_44/task_func_44.cbl: in paragraph 'PROCESS-ARTICLE':
/home/projadmin/CobolEval/FrameWork/evaluation/preds/XMAiNframe-instruct-7b/instruct/task_func_44/task_func_44.cbl:50: error: syntax error, unexpected Literal, expecting INTO
   48 |     INSPECT FUNCTION REVERSE(ARTICLE-CONTENT) TALLYING PUNCTUATION-COUNT..
   49 |     IF PUNCTUATION-COUNT > 0
   50 >         UNSTRING ARTICLE-CONTENT DELIMITED BY ALL ',', '.', '!', '?', ';'..
   51 |         PERFORM VARYING I FROM 2 BY 1 UNTIL I > 100
   52 |             UNSTRING ARTICLE-CONTENT DELIMITED BY ALL ',', '.', '!', '?',..
/home/projadmin/CobolEval/FrameWork/evaluation/preds/XMAiNframe-instruct-7b/instruct/task_func_44/task_func_44.cbl:52: error: syntax error, unexpected Literal, expecting INTO
   50 |         UNSTRING ARTICLE-CONTENT DELIMITED BY ALL ',', '.', '!', '?', ';'..
   51 |         PERFORM VARYING I FROM 2 BY 1 UNTIL I > 100
   52 >             UNSTRING ARTICLE-CONTENT DELIMITED BY ALL ',', '.', '!', '?',..
   53 |             IF UNIQUE-WORDS(I) NOT = SPACE
   54 |                 ADD 1 TO WORD-FREQUENCY(I)
/home/projadmin/CobolEval/FrameWork/evaluation/preds/XMAiNframe-instruct-7b/instruct/task_func_44/task_func_44.cbl:59: error: syntax error, unexpected Literal, expecting INTO
   57 |         END-PERFORM
   58 |     ELSE
   59 >         UNSTRING ARTICLE-CONTENT DELIMITED BY ALL ',', '.', '!', '?', ';'..
   60 |         PERFORM VARYING I FROM 2 BY 1 UNTIL I > 100
   61 |             UNSTRING ARTICLE-CONTENT DELIMITED BY ALL ',', '.', '!', '?',..
/home/projadmin/CobolEval/FrameWork/evaluation/preds/XMAiNframe-instruct-7b/instruct/task_func_44/task_func_44.cbl:61: error: syntax error, unexpected Literal, expecting INTO
   59 |         UNSTRING ARTICLE-CONTENT DELIMITED BY ALL ',', '.', '!', '?', ';'..
   60 |         PERFORM VARYING I FROM 2 BY 1 UNTIL I > 100
   61 >             UNSTRING ARTICLE-CONTENT DELIMITED BY ALL ',', '.', '!', '?',..
   62 |             IF UNIQUE-WORDS(I) NOT = SPACE
   63 |                 ADD 1 TO WORD-FREQUENCY(I)
/home/projadmin/CobolEval/FrameWork/evaluation/preds/XMAiNframe-instruct-7b/instruct/task_func_44/task_func_44.cbl: in paragraph 'WRITE-FREQUENCY':
/home/projadmin/CobolEval/FrameWork/evaluation/preds/XMAiNframe-instruct-7b/instruct/task_func_44/task_func_44.cbl:73: error: 'OUTPUT-RECORD' is not defined
   71 |     PERFORM VARYING I FROM 1 BY 1 UNTIL I > 100
   72 |         IF UNIQUE-WORDS(I) NOT = SPACE
   73 >             WRITE OUTPUT-RECORD FROM UNIQUE-WORDS(I)
   74 |             WRITE OUTPUT-RECORD FROM WORD-FREQUENCY(I)
   75 |         END-IF

2025-05-20 22:20:54.205 | WARNING  | utils:cmd:36 - Return code: 1
2025-05-20 22:20:54.205 | ERROR    | __main__:compile:227 - Compilation failed for task_func_44
2025-05-20 22:20:54.206 | INFO     | __main__:compile:156 - Processing program 42/46: task_func_45
2025-05-20 22:20:54.206 | INFO     | __main__:compile:165 - Code Similarity score started
2025-05-20 22:20:54.206 | INFO     | __main__:compile:177 - Compilation started
2025-05-20 22:20:54.206 | INFO     | __main__:compile:190 - compiling task_func_45
2025-05-20 22:20:54.227 | WARNING  | utils:cmd:35 - Err: /home/projadmin/CobolEval/FrameWork/evaluation/preds/XMAiNframe-instruct-7b/instruct/task_func_45/task_func_45.cbl:1: note: free format detected
    1 > IDENTIFICATION DIVISION.
    2 | PROGRAM-ID. WEATHER-REPORT.
    3 | ENVIRONMENT DIVISION.
/home/projadmin/CobolEval/FrameWork/evaluation/preds/XMAiNframe-instruct-7b/instruct/task_func_45/task_func_45.cbl:15: error: syntax error, unexpected DAY
   13 |         10 YEAR PIC 9(4).
   14 |         10 MONTH PIC 9(2).
   15 >         10 DAY PIC 9(2).
   16 |         10 HOUR PIC 9(2).
   17 |         10 MINUTE PIC 9(2).
/home/projadmin/CobolEval/FrameWork/evaluation/preds/XMAiNframe-instruct-7b/instruct/task_func_45/task_func_45.cbl: in paragraph 'MAIN-LOGIC':
/home/projadmin/CobolEval/FrameWork/evaluation/preds/XMAiNframe-instruct-7b/instruct/task_func_45/task_func_45.cbl:51: error: syntax error, unexpected DAY
   49 |                 COMPUTE LOCAL-YEAR = YEAR + OFFSET-NEW-YORK
   50 |                 MOVE MONTH TO LOCAL-MONTH
   51 >                 MOVE DAY TO LOCAL-DAY
   52 |                 MOVE HOUR TO LOCAL-HOUR
   53 |                 MOVE MINUTE TO LOCAL-MINUTE
/home/projadmin/CobolEval/FrameWork/evaluation/preds/XMAiNframe-instruct-7b/instruct/task_func_45/task_func_45.cbl:59: error: syntax error, unexpected DAY
   57 |                 COMPUTE LOCAL-YEAR = YEAR + OFFSET-LONDON
   58 |                 MOVE MONTH TO LOCAL-MONTH
   59 >                 MOVE DAY TO LOCAL-DAY
   60 |                 MOVE HOUR TO LOCAL-HOUR
   61 |                 MOVE MINUTE TO LOCAL-MINUTE
/home/projadmin/CobolEval/FrameWork/evaluation/preds/XMAiNframe-instruct-7b/instruct/task_func_45/task_func_45.cbl:67: error: syntax error, unexpected DAY
   65 |                 COMPUTE LOCAL-YEAR = YEAR + OFFSET-BEIJING
   66 |                 MOVE MONTH TO LOCAL-MONTH
   67 >                 MOVE DAY TO LOCAL-DAY
   68 |                 MOVE HOUR TO LOCAL-HOUR
   69 |                 MOVE MINUTE TO LOCAL-MINUTE
/home/projadmin/CobolEval/FrameWork/evaluation/preds/XMAiNframe-instruct-7b/instruct/task_func_45/task_func_45.cbl:75: error: syntax error, unexpected DAY
   73 |                 COMPUTE LOCAL-YEAR = YEAR + OFFSET-TOKYO
   74 |                 MOVE MONTH TO LOCAL-MONTH
   75 >                 MOVE DAY TO LOCAL-DAY
   76 |                 MOVE HOUR TO LOCAL-HOUR
   77 |                 MOVE MINUTE TO LOCAL-MINUTE
/home/projadmin/CobolEval/FrameWork/evaluation/preds/XMAiNframe-instruct-7b/instruct/task_func_45/task_func_45.cbl:83: error: syntax error, unexpected DAY
   81 |                 COMPUTE LOCAL-YEAR = YEAR + OFFSET-SYDNEY
   82 |                 MOVE MONTH TO LOCAL-MONTH
   83 >                 MOVE DAY TO LOCAL-DAY
   84 |                 MOVE HOUR TO LOCAL-HOUR
   85 |                 MOVE MINUTE TO LOCAL-MINUTE

2025-05-20 22:20:54.228 | WARNING  | utils:cmd:36 - Return code: 1
2025-05-20 22:20:54.228 | ERROR    | __main__:compile:227 - Compilation failed for task_func_45
2025-05-20 22:20:54.228 | INFO     | __main__:compile:156 - Processing program 43/46: task_func_47
2025-05-20 22:20:54.228 | INFO     | __main__:compile:165 - Code Similarity score started
2025-05-20 22:20:54.228 | INFO     | __main__:compile:177 - Compilation started
2025-05-20 22:20:54.228 | INFO     | __main__:compile:190 - compiling task_func_47
2025-05-20 22:20:54.248 | WARNING  | utils:cmd:35 - Err: /home/projadmin/CobolEval/FrameWork/evaluation/preds/XMAiNframe-instruct-7b/instruct/task_func_47/task_func_47.cbl:1: note: free format detected
    1 > IDENTIFICATION DIVISION.
    2 | PROGRAM-ID. YOUR-PROGRAM-NAME.
    3 | ENVIRONMENT DIVISION.
/home/projadmin/CobolEval/FrameWork/evaluation/preds/XMAiNframe-instruct-7b/instruct/task_func_47/task_func_47.cbl: in paragraph 'PROCESS-RECORD':
/home/projadmin/CobolEval/FrameWork/evaluation/preds/XMAiNframe-instruct-7b/instruct/task_func_47/task_func_47.cbl:33: error: syntax error, unexpected BY, expecting TO
   31 | PROCESS-RECORD.
   32 |     DISPLAY 'Processing record:' InputRecord.
   33 >     INSPECT InputRecord CONVERTING "" BY "a", "" BY "o", "" BY "ae..
   34 |     INSPECT InputRecord REPLACING ALL NON alphanumeric BY SPACE.
   35 |     WRITE OutputRecord FROM InputRecord.
/home/projadmin/CobolEval/FrameWork/evaluation/preds/XMAiNframe-instruct-7b/instruct/task_func_47/task_func_47.cbl:34: error: 'NON' is not defined
   32 |     DISPLAY 'Processing record:' InputRecord.
   33 |     INSPECT InputRecord CONVERTING "" BY "a", "" BY "o", "" BY "ae..
   34 >     INSPECT InputRecord REPLACING ALL NON alphanumeric BY SPACE.
   35 |     WRITE OutputRecord FROM InputRecord.
   36 | END-PROCESS-RECORD.
/home/projadmin/CobolEval/FrameWork/evaluation/preds/XMAiNframe-instruct-7b/instruct/task_func_47/task_func_47.cbl:34: error: syntax error, unexpected ALPHANUMERIC, expecting BY

2025-05-20 22:20:54.249 | WARNING  | utils:cmd:36 - Return code: 1
2025-05-20 22:20:54.249 | ERROR    | __main__:compile:227 - Compilation failed for task_func_47
2025-05-20 22:20:54.249 | INFO     | __main__:compile:156 - Processing program 44/46: task_func_48
2025-05-20 22:20:54.249 | INFO     | __main__:compile:165 - Code Similarity score started
2025-05-20 22:20:54.249 | INFO     | __main__:compile:177 - Compilation started
2025-05-20 22:20:54.249 | INFO     | __main__:compile:190 - compiling task_func_48
2025-05-20 22:20:54.270 | WARNING  | utils:cmd:35 - Err: /home/projadmin/CobolEval/FrameWork/evaluation/preds/XMAiNframe-instruct-7b/instruct/task_func_48/task_func_48.cbl:1: note: free format detected
    1 > IDENTIFICATION DIVISION.
    2 | PROGRAM-ID. STUDENT-GRADES-REPORT.
    3 | ENVIRONMENT DIVISION.
/home/projadmin/CobolEval/FrameWork/evaluation/preds/XMAiNframe-instruct-7b/instruct/task_func_48/task_func_48.cbl:16: warning: value size exceeds data size [-Wothers]
   14 |    05 AVERAGE-GRADE PIC 99V99.
   15 | 01 SUBJECT-AVERAGES OCCURS 8 TIMES PIC 99V99.
   16 > 01 TOTAL-STUDENTS PIC 99 VALUE 100.
   17 | 01 TOTAL-SUBJECTS PIC 99 VALUE 8.
   18 | PROCEDURE DIVISION.
/home/projadmin/CobolEval/FrameWork/evaluation/preds/XMAiNframe-instruct-7b/instruct/task_func_48/task_func_48.cbl: in paragraph 'INITIALIZE-DATA':
/home/projadmin/CobolEval/FrameWork/evaluation/preds/XMAiNframe-instruct-7b/instruct/task_func_48/task_func_48.cbl:26: error: 'I' is not defined
   24 | INITIALIZE-DATA.
   25 |    DISPLAY 'Initializing data...'
   26 >    PERFORM VARYING I FROM 1 BY 1 UNTIL I > TOTAL-SUBJECTS
   27 |       MOVE SUBJECT-NAMES(I) TO SUBJECTS(I)
   28 |    END-PERFORM.
/home/projadmin/CobolEval/FrameWork/evaluation/preds/XMAiNframe-instruct-7b/instruct/task_func_48/task_func_48.cbl:27: error: condition-name not allowed here: 'SUBJECT-NAMES'
   25 |    DISPLAY 'Initializing data...'
   26 |    PERFORM VARYING I FROM 1 BY 1 UNTIL I > TOTAL-SUBJECTS
   27 >       MOVE SUBJECT-NAMES(I) TO SUBJECTS(I)
   28 |    END-PERFORM.
   29 |    PERFORM VARYING I FROM 1 BY 1 UNTIL I > TOTAL-STUDENTS
/home/projadmin/CobolEval/FrameWork/evaluation/preds/XMAiNframe-instruct-7b/instruct/task_func_48/task_func_48.cbl:30: error: invalid symbol '|' - skipping word
   28 |    END-PERFORM.
   29 |    PERFORM VARYING I FROM 1 BY 1 UNTIL I > TOTAL-STUDENTS
   30 >       MOVE 'Student ' || I TO STUDENT-NAME(I)
   31 |       PERFORM VARYING J FROM 1 BY 1 UNTIL J > TOTAL-SUBJECTS
   32 |          COMPUTE GRADES(I, J) = FUNCTION RANDOM() * 100 + 1
/home/projadmin/CobolEval/FrameWork/evaluation/preds/XMAiNframe-instruct-7b/instruct/task_func_48/task_func_48.cbl:30: error: syntax error, unexpected Identifier, expecting TO
/home/projadmin/CobolEval/FrameWork/evaluation/preds/XMAiNframe-instruct-7b/instruct/task_func_48/task_func_48.cbl:31: error: 'J' is not defined
   29 |    PERFORM VARYING I FROM 1 BY 1 UNTIL I > TOTAL-STUDENTS
   30 |       MOVE 'Student ' || I TO STUDENT-NAME(I)
   31 >       PERFORM VARYING J FROM 1 BY 1 UNTIL J > TOTAL-SUBJECTS
   32 |          COMPUTE GRADES(I, J) = FUNCTION RANDOM() * 100 + 1
   33 |       END-PERFORM
/home/projadmin/CobolEval/FrameWork/evaluation/preds/XMAiNframe-instruct-7b/instruct/task_func_48/task_func_48.cbl:36: error: 'INITIALIZE-DATA-X' is not defined
   34 |    END-PERFORM.
   35 |    DISPLAY 'Data initialization complete.'
   36 > INITIALIZE-DATA-X.
   37 | 
   38 | CALCULATE-AVERAGES.
/home/projadmin/CobolEval/FrameWork/evaluation/preds/XMAiNframe-instruct-7b/instruct/task_func_48/task_func_48.cbl: in paragraph 'CALCULATE-AVERAGES':
/home/projadmin/CobolEval/FrameWork/evaluation/preds/XMAiNframe-instruct-7b/instruct/task_func_48/task_func_48.cbl:49: error: 'CALCULATE-AVERAGES-X' is not defined
   47 |    END-PERFORM.
   48 |    DISPLAY 'Average calculation complete.'
   49 > CALCULATE-AVERAGES-X.
   50 | 
   51 | WRITE-REPORT.
/home/projadmin/CobolEval/FrameWork/evaluation/preds/XMAiNframe-instruct-7b/instruct/task_func_48/task_func_48.cbl: in paragraph 'WRITE-REPORT':
/home/projadmin/CobolEval/FrameWork/evaluation/preds/XMAiNframe-instruct-7b/instruct/task_func_48/task_func_48.cbl:52: error: 'REPORT-FILE' is not defined
   50 | 
   51 | WRITE-REPORT.
   52 >    OPEN OUTPUT REPORT-FILE.
   53 |    WRITE REPORT-LINE FROM HEADING-LINE.
   54 |    PERFORM VARYING I FROM 1 BY 1 UNTIL I > TOTAL-STUDENTS
/home/projadmin/CobolEval/FrameWork/evaluation/preds/XMAiNframe-instruct-7b/instruct/task_func_48/task_func_48.cbl:52: error: 'REPORT-FILE' is not a file name
/home/projadmin/CobolEval/FrameWork/evaluation/preds/XMAiNframe-instruct-7b/instruct/task_func_48/task_func_48.cbl:53: error: 'REPORT-LINE' is not defined
   51 | WRITE-REPORT.
   52 |    OPEN OUTPUT REPORT-FILE.
   53 >    WRITE REPORT-LINE FROM HEADING-LINE.
   54 |    PERFORM VARYING I FROM 1 BY 1 UNTIL I > TOTAL-STUDENTS
   55 |       MOVE STUDENT-NAME(I) TO STUDENT-NAME-OUT
/home/projadmin/CobolEval/FrameWork/evaluation/preds/XMAiNframe-instruct-7b/instruct/task_func_48/task_func_48.cbl:53: error: 'HEADING-LINE' is not defined
/home/projadmin/CobolEval/FrameWork/evaluation/preds/XMAiNframe-instruct-7b/instruct/task_func_48/task_func_48.cbl:55: error: 'STUDENT-NAME-OUT' is not defined
   53 |    WRITE REPORT-LINE FROM HEADING-LINE.
   54 |    PERFORM VARYING I FROM 1 BY 1 UNTIL I > TOTAL-STUDENTS
   55 >       MOVE STUDENT-NAME(I) TO STUDENT-NAME-OUT
   56 |       PERFORM VARYING J FROM 1 BY 1 UNTIL J > TOTAL-SUBJECTS
   57 |          MOVE GRADES(I, J) TO SUBJECT-GRADE-OUT(J)
/home/projadmin/CobolEval/FrameWork/evaluation/preds/XMAiNframe-instruct-7b/instruct/task_func_48/task_func_48.cbl:57: error: 'SUBJECT-GRADE-OUT' is not defined
   55 |       MOVE STUDENT-NAME(I) TO STUDENT-NAME-OUT
   56 |       PERFORM VARYING J FROM 1 BY 1 UNTIL J > TOTAL-SUBJECTS
   57 >          MOVE GRADES(I, J) TO SUBJECT-GRADE-OUT(J)
   58 |       END-PERFORM
   59 |       COMPUTE AVERAGE-GRADE = FUNCTION MEAN(GRADES(I, ALL))
/home/projadmin/CobolEval/FrameWork/evaluation/preds/XMAiNframe-instruct-7b/instruct/task_func_48/task_func_48.cbl:59: error: 'AVERAGE-GRADE' requires one subscript
   57 |          MOVE GRADES(I, J) TO SUBJECT-GRADE-OUT(J)
   58 |       END-PERFORM
   59 >       COMPUTE AVERAGE-GRADE = FUNCTION MEAN(GRADES(I, ALL))
   60 |       MOVE AVERAGE-GRADE TO AVERAGE-GRADE-OUT
   61 |       WRITE REPORT-LINE FROM DETAIL-LINE
/home/projadmin/CobolEval/FrameWork/evaluation/preds/XMAiNframe-instruct-7b/instruct/task_func_48/task_func_48.cbl:59: error: syntax error, unexpected ALL
/home/projadmin/CobolEval/FrameWork/evaluation/preds/XMAiNframe-instruct-7b/instruct/task_func_48/task_func_48.cbl:60: error: 'AVERAGE-GRADE' requires one subscript
   58 |       END-PERFORM
   59 |       COMPUTE AVERAGE-GRADE = FUNCTION MEAN(GRADES(I, ALL))
   60 >       MOVE AVERAGE-GRADE TO AVERAGE-GRADE-OUT
   61 |       WRITE REPORT-LINE FROM DETAIL-LINE
   62 |    END-PERFORM.
/home/projadmin/CobolEval/FrameWork/evaluation/preds/XMAiNframe-instruct-7b/instruct/task_func_48/task_func_48.cbl:60: error: 'AVERAGE-GRADE-OUT' is not defined
/home/projadmin/CobolEval/FrameWork/evaluation/preds/XMAiNframe-instruct-7b/instruct/task_func_48/task_func_48.cbl:61: error: 'DETAIL-LINE' is not defined
   59 |       COMPUTE AVERAGE-GRADE = FUNCTION MEAN(GRADES(I, ALL))
   60 |       MOVE AVERAGE-GRADE TO AVERAGE-GRADE-OUT
   61 >       WRITE REPORT-LINE FROM DETAIL-LINE
   62 |    END-PERFORM.
   63 |    WRITE REPORT-LINE FROM FOOTER-LINE.
/home/projadmin/CobolEval/FrameWork/evaluation/preds/XMAiNframe-instruct-7b/instruct/task_func_48/task_func_48.cbl:63: error: 'FOOTER-LINE' is not defined
   61 |       WRITE REPORT-LINE FROM DETAIL-LINE
   62 |    END-PERFORM.
   63 >    WRITE REPORT-LINE FROM FOOTER-LINE.
   64 |    CLOSE REPORT-FILE.
   65 |    DISPLAY 'Report writing complete.'
/home/projadmin/CobolEval/FrameWork/evaluation/preds/XMAiNframe-instruct-7b/instruct/task_func_48/task_func_48.cbl:64: error: 'REPORT-FILE' is not a file name
   62 |    END-PERFORM.
   63 |    WRITE REPORT-LINE FROM FOOTER-LINE.
   64 >    CLOSE REPORT-FILE.
   65 |    DISPLAY 'Report writing complete.'
   66 | WRITE-REPORT-X.
/home/projadmin/CobolEval/FrameWork/evaluation/preds/XMAiNframe-instruct-7b/instruct/task_func_48/task_func_48.cbl:66: error: 'WRITE-REPORT-X' is not defined
   64 |    CLOSE REPORT-FILE.
   65 |    DISPLAY 'Report writing complete.'
   66 > WRITE-REPORT-X.
   67 | 
   68 | HEADING-LINE.
/home/projadmin/CobolEval/FrameWork/evaluation/preds/XMAiNframe-instruct-7b/instruct/task_func_48/task_func_48.cbl: in paragraph 'HEADING-LINE':
/home/projadmin/CobolEval/FrameWork/evaluation/preds/XMAiNframe-instruct-7b/instruct/task_func_48/task_func_48.cbl:69: error: syntax error, unexpected FILLER, expecting SECTION or .
   67 | 
   68 | HEADING-LINE.
   69 >    05 FILLER PIC X(20) VALUE SPACES.
   70 |    05 SUBJECT-NAME-OUT PIC X(20) DISPLAY.
   71 |    05 FILLER PIC X(30) VALUE SPACES.
/home/projadmin/CobolEval/FrameWork/evaluation/preds/XMAiNframe-instruct-7b/instruct/task_func_48/task_func_48.cbl:69: note: unknown statement '05'

2025-05-20 22:20:54.270 | WARNING  | utils:cmd:36 - Return code: 1
2025-05-20 22:20:54.271 | ERROR    | __main__:compile:227 - Compilation failed for task_func_48
2025-05-20 22:20:54.271 | INFO     | __main__:compile:156 - Processing program 45/46: task_func_49
2025-05-20 22:20:54.271 | INFO     | __main__:compile:165 - Code Similarity score started
2025-05-20 22:20:54.271 | INFO     | __main__:compile:177 - Compilation started
2025-05-20 22:20:54.271 | INFO     | __main__:compile:190 - compiling task_func_49
2025-05-20 22:20:54.291 | WARNING  | utils:cmd:35 - Err: /home/projadmin/CobolEval/FrameWork/evaluation/preds/XMAiNframe-instruct-7b/instruct/task_func_49/task_func_49.cbl:1: note: free format detected
    1 >  conventions.
    2 | 
    3 | Code:
/home/projadmin/CobolEval/FrameWork/evaluation/preds/XMAiNframe-instruct-7b/instruct/task_func_49/task_func_49.cbl:53: warning: line not terminated by a newline [-Wmissing-newline]
   51 | 
   52 |     CLOSE OUTPUT-FILE.
   53 >     STOP RUN.<EOF>
/home/projadmin/CobolEval/FrameWork/evaluation/preds/XMAiNframe-instruct-7b/instruct/task_func_49/task_func_49.cbl:1: error: PROGRAM-ID header missing
    1 >  conventions.
    2 | 
    3 | Code:
/home/projadmin/CobolEval/FrameWork/evaluation/preds/XMAiNframe-instruct-7b/instruct/task_func_49/task_func_49.cbl:1: error: ENVIRONMENT DIVISION header missing
/home/projadmin/CobolEval/FrameWork/evaluation/preds/XMAiNframe-instruct-7b/instruct/task_func_49/task_func_49.cbl:1: error: CONFIGURATION SECTION header missing
/home/projadmin/CobolEval/FrameWork/evaluation/preds/XMAiNframe-instruct-7b/instruct/task_func_49/task_func_49.cbl:1: error: SPECIAL-NAMES header missing
/home/projadmin/CobolEval/FrameWork/evaluation/preds/XMAiNframe-instruct-7b/instruct/task_func_49/task_func_49.cbl:1: error: invalid system-name 'conventions'
/home/projadmin/CobolEval/FrameWork/evaluation/preds/XMAiNframe-instruct-7b/instruct/task_func_49/task_func_49.cbl:1: error: syntax error, unexpected ., expecting CRT or Identifier
/home/projadmin/CobolEval/FrameWork/evaluation/preds/XMAiNframe-instruct-7b/instruct/task_func_49/task_func_49.cbl:3: error: syntax error, unexpected CODE
    1 |  conventions.
    2 | 
    3 > Code:
    4 | <|assistant|>
    5 | IDENTIFICATION DIVISION.
/home/projadmin/CobolEval/FrameWork/evaluation/preds/XMAiNframe-instruct-7b/instruct/task_func_49/task_func_49.cbl:4: error: invalid symbol '|' - skipping word
    2 | 
    3 | Code:
    4 > <|assistant|>
    5 | IDENTIFICATION DIVISION.
    6 | PROGRAM-ID. GENERATE-CSV.

2025-05-20 22:20:54.291 | WARNING  | utils:cmd:36 - Return code: 1
2025-05-20 22:20:54.291 | ERROR    | __main__:compile:227 - Compilation failed for task_func_49
2025-05-20 22:20:54.291 | INFO     | __main__:compile:156 - Processing program 46/46: task_func_55
2025-05-20 22:20:54.292 | INFO     | __main__:compile:165 - Code Similarity score started
2025-05-20 22:20:54.292 | INFO     | __main__:compile:177 - Compilation started
2025-05-20 22:20:54.292 | INFO     | __main__:compile:190 - compiling task_func_55
2025-05-20 22:20:54.312 | WARNING  | utils:cmd:35 - Err: /home/projadmin/CobolEval/FrameWork/evaluation/preds/XMAiNframe-instruct-7b/instruct/task_func_55/task_func_55.cbl:1: note: free format detected
    1 > r discretion.
    2 | 
    3 | Code:
/home/projadmin/CobolEval/FrameWork/evaluation/preds/XMAiNframe-instruct-7b/instruct/task_func_55/task_func_55.cbl:81: warning: line not terminated by a newline [-Wmissing-newline]
   79 |     CLOSE OutlierIndicesFile.
   80 | 
   81 > STOP RUN.<EOF>
/home/projadmin/CobolEval/FrameWork/evaluation/preds/XMAiNframe-instruct-7b/instruct/task_func_55/task_func_55.cbl:1: error: PROGRAM-ID header missing
    1 > r discretion.
    2 | 
    3 | Code:
/home/projadmin/CobolEval/FrameWork/evaluation/preds/XMAiNframe-instruct-7b/instruct/task_func_55/task_func_55.cbl:1: error: ENVIRONMENT DIVISION header missing
/home/projadmin/CobolEval/FrameWork/evaluation/preds/XMAiNframe-instruct-7b/instruct/task_func_55/task_func_55.cbl:1: error: CONFIGURATION SECTION header missing
/home/projadmin/CobolEval/FrameWork/evaluation/preds/XMAiNframe-instruct-7b/instruct/task_func_55/task_func_55.cbl:1: error: SPECIAL-NAMES header missing
/home/projadmin/CobolEval/FrameWork/evaluation/preds/XMAiNframe-instruct-7b/instruct/task_func_55/task_func_55.cbl:1: error: invalid system-name 'r'
/home/projadmin/CobolEval/FrameWork/evaluation/preds/XMAiNframe-instruct-7b/instruct/task_func_55/task_func_55.cbl:3: error: PROCEDURE DIVISION header missing
    1 | r discretion.
    2 | 
    3 > Code:
    4 | <|assistant|>
    5 | IDENTIFICATION DIVISION.
/home/projadmin/CobolEval/FrameWork/evaluation/preds/XMAiNframe-instruct-7b/instruct/task_func_55/task_func_55.cbl:3: error: syntax error, unexpected CODE
/home/projadmin/CobolEval/FrameWork/evaluation/preds/XMAiNframe-instruct-7b/instruct/task_func_55/task_func_55.cbl:4: error: invalid symbol '|' - skipping word
    2 | 
    3 | Code:
    4 > <|assistant|>
    5 | IDENTIFICATION DIVISION.
    6 | PROGRAM-ID. CleanDataAndRemoveOutliers.

2025-05-20 22:20:54.312 | WARNING  | utils:cmd:36 - Return code: 1
2025-05-20 22:20:54.312 | ERROR    | __main__:compile:227 - Compilation failed for task_func_55
2025-05-20 22:20:54.313 | SUCCESS  | __main__:compile:268 - Compilation completed
2025-05-20 22:20:54.313 | INFO     | __main__:compile:269 - Total programs compiled: 1 
Total programs executed: 1 
Total results matched: 0.0
2025-05-20 22:20:54.314 | INFO     | __main__:compile:285 - final_results directory path: /home/projadmin/CobolEval/FrameWork/final_results/instruct
2025-05-20 22:20:54.325 | INFO     | __main__:compile:290 - Results saved to final_results/instruct/XMAiNframe-instruct-7b_instruct_final_results.csv


--- STDOUT OUTPUT ---

Starting compilation for model: XMAiNframe-instruct-7b, mode: instruct
*Input File Path: /home/projadmin/CobolEval/FrameWork/evaluation/preds/XMAiNframe-instruct-7b/instruct/task_func_05/input.txt
Finished processing model: XMAiNframe-instruct-7b, mode: instruct
Results summary: 46 programs processed
Compiled: 1 - Executed: 1 - Match: 0.0
2025-05-20 22:20:54.326 | SUCCESS  | __main__:<module>:384 - Completed processing model: XMAiNframe-instruct-7b, mode: instruct
2025-05-20 22:20:54.326 | INFO     | __main__:<module>:385 - All logs saved to /home/projadmin/CobolEval/FrameWork/logs/XMAiNframe-instruct-7b_instruct.txt
